[32:39] [info] OpenGOAL Runtime 1.0
[32:39] [info] GFX Init
[32:39] [info] Loading debug settings at C:\Users\MikeG\AppData\Roaming\OpenGOAL\jak1\misc\debug-settings.json
[32:39] [info] SDL Initialized, compiled with version - 2.30.0 | linked with version - 2.30.0
[32:39] [info] gl init took 0.004s

[32:39] [info] OpenGL context version: 4.3.0 NVIDIA 560.94
[32:39] [info] OpenGL context renderer: NVIDIA GeForce RTX 4070 SUPER/PCIe/SSE2
[32:39] [info] OpenGL context vendor: NVIDIA Corporation
[32:39] [info] OpenGL context shading language version: 4.30 NVIDIA via Cg compiler
[32:40] [info] OpenGL initialized - v4.3 | Renderer: 4.3.0 NVIDIA 560.94
[32:40] [info] [DISPLAY] Updating current display info
[32:40] [info] [DISPLAY] current display id is 0
[32:40] [info] [DISPLAY] Enumerating video modes
[32:40] [info] [DISPLAY]: Found monitor S39C, currently set to 1920x1080@60hz. Format: 370546692, Orientation: 0
[32:40] [info] [DISPLAY]: Found monitor MStar Demo, currently set to 1366x768@59hz. Format: 370546692, Orientation: 0
[32:40] [info] [DISPLAY] Enumerating resolutions
[32:40] [debug] [DISPLAY]: Skipping 1920x1080 as it requires 75hz but the monitor is currently set to 60hz
[32:40] [info] [DISPLAY]: 1920x1080 is supported
[32:40] [debug] [DISPLAY]: Skipping 1920x1080 as it requires 59hz but the monitor is currently set to 60hz
[32:40] [debug] [DISPLAY]: Skipping 1920x1080 as it requires 50hz but the monitor is currently set to 60hz
[32:40] [info] [DISPLAY]: 1680x1050 is supported
[32:40] [debug] [DISPLAY]: Skipping 1680x1050 as it requires 59hz but the monitor is currently set to 60hz
[32:40] [info] [DISPLAY]: 1600x1024 is supported
[32:40] [debug] [DISPLAY]: Skipping 1600x1024 as it requires 59hz but the monitor is currently set to 60hz
[32:40] [info] [DISPLAY]: 1600x900 is supported
[32:40] [debug] [DISPLAY]: Skipping 1440x1080 as it requires 75hz but the monitor is currently set to 60hz
[32:40] [info] [DISPLAY]: 1440x1080 is supported
[32:40] [debug] [DISPLAY]: Skipping 1440x1080 as it requires 59hz but the monitor is currently set to 60hz
[32:40] [debug] [DISPLAY]: Skipping 1440x1080 as it requires 50hz but the monitor is currently set to 60hz
[32:40] [info] [DISPLAY]: 1440x900 is supported
[32:40] [info] [DISPLAY]: 1366x768 is supported
[32:40] [info] [DISPLAY]: 1360x768 is supported
[32:40] [debug] [DISPLAY]: Skipping 1280x1024 as it requires 75hz but the monitor is currently set to 60hz
[32:40] [info] [DISPLAY]: 1280x1024 is supported
[32:40] [debug] [DISPLAY]: Skipping 1280x960 as it requires 75hz but the monitor is currently set to 60hz
[32:40] [info] [DISPLAY]: 1280x960 is supported
[32:40] [info] [DISPLAY]: 1280x800 is supported
[32:40] [info] [DISPLAY]: 1280x768 is supported
[32:40] [info] [DISPLAY]: 1280x720 is supported
[32:40] [debug] [DISPLAY]: Skipping 1280x720 as it requires 59hz but the monitor is currently set to 60hz
[32:40] [debug] [DISPLAY]: Skipping 1280x720 as it requires 50hz but the monitor is currently set to 60hz
[32:40] [info] [DISPLAY]: 1176x664 is supported
[32:40] [debug] [DISPLAY]: Skipping 1176x664 as it requires 59hz but the monitor is currently set to 60hz
[32:40] [debug] [DISPLAY]: Skipping 1176x664 as it requires 50hz but the monitor is currently set to 60hz
[32:40] [debug] [DISPLAY]: Skipping 1152x864 as it requires 75hz but the monitor is currently set to 60hz
[32:40] [debug] [DISPLAY]: Skipping 1024x768 as it requires 75hz but the monitor is currently set to 60hz
[32:40] [debug] [DISPLAY]: Skipping 1024x768 as it requires 70hz but the monitor is currently set to 60hz
[32:40] [info] [DISPLAY]: 1024x768 is supported
[32:40] [debug] [DISPLAY]: Skipping 800x600 as it requires 75hz but the monitor is currently set to 60hz
[32:40] [debug] [DISPLAY]: Skipping 800x600 as it requires 72hz but the monitor is currently set to 60hz
[32:40] [info] [DISPLAY]: 800x600 is supported
[32:40] [debug] [DISPLAY]: Skipping 800x600 as it requires 56hz but the monitor is currently set to 60hz
[32:40] [debug] [DISPLAY]: Skipping 720x576 as it requires 50hz but the monitor is currently set to 60hz
[32:40] [info] [DISPLAY]: 720x480 is supported
[32:40] [debug] [DISPLAY]: Skipping 720x480 as it requires 59hz but the monitor is currently set to 60hz
[32:40] [debug] [DISPLAY]: Skipping 640x480 as it requires 75hz but the monitor is currently set to 60hz
[32:40] [debug] [DISPLAY]: Skipping 640x480 as it requires 72hz but the monitor is currently set to 60hz
[32:40] [info] [DISPLAY]: 640x480 is supported
[32:40] [info] Loading display settings at C:\Users\MikeG\AppData\Roaming\OpenGOAL\jak1\settings\display-settings.json
[32:40] [info] [DISPLAY] Setting to display mode: 0
[32:40] [info] [DISPLAY] windowed mode - resizing window to 640x480
[32:40] [info] Loading input settings at C:\Users\MikeG\AppData\Roaming\OpenGOAL\jak1\settings\input-settings.json
[32:40] [error] Controller with device id 1 is not avaiable via the GameController API
[32:40] [info] Found 3 controllers
[32:40] [debug] # Initialize IOP...
[32:40] [debug] [IOP] Restart!
[32:40] [debug] # IOP initialized
[32:40] [debug] [IOP] Wait for OVERLORD to start...
[32:40] [debug] # Initialize DMP...
[32:40] [debug] # DMP initialized
[32:40] [debug] [DECI2] Waiting for EE to register protos
[32:40] [debug] # Initialize EE-Worker...
[32:40] [debug] # EE-Worker initialized
[32:40] [debug] # Initialize EE...
[32:40] [debug] Main memory mapped at 0x0000018ea4b60000
[32:40] [debug] Main memory size 0x8000000 bytes (128.000 MB)
[32:40] [debug] [EE] Initialization complete!
[32:40] [debug] # EE initialized
[32:40] [debug] [EE] Run!
[32:40] [info] GFX Loop
dkernel: boot mode
dkernel: fakeiso mode
dkernel: debug mode
[32:40] [info] gkernel: global heap 0x0013fd20 to 0x03eb82e0 (size 61.470 MB)
[32:40] [info] gkernel: debug heap 0x05000000 to 0x07ff0000 (size 47.938 MB, gap 17.281 MB)
[32:40] [debug] Rebooting IOP...
[32:40] [debug] Initializing CD library...
[32:40] [debug] [IOP] Run!
[32:40] [debug] [OVERLORD] LoadISOFileToIOP VAGDIR  AYB, 10420/-1 bytes
[32:40] [debug] [OVERLORD] Queue 2 (1/4), LoadSingle
[32:40] [debug]   PRI 2 elt 0 LoadSingle @ #x18EACE6ED98
[32:40] [debug] [OVERLORD] FS Open VAGDIR  AYB
[32:40] [debug] [OVERLORD] FS_Close VAGDIR  AYB @ 283/48
[32:40] [error] [FAKEISO] failed to find SCREEN1 USA

[32:40] [info] InitIOP OK
[32:40] [info] [DECI2] Add new protocol driver 1 for 0xe042
gproto: proto open at socket 1
[32:40] [info] InitSound
[32:40] [info] InitRPC
kernel: RPC port #0 started [DEB1]
kernel: RPC port #1 started [DEB2]
kernel: RPC port #2 started [DEB3]
kernel: RPC port #3 started [DEB4]
kernel: RPC port #4 started [DEB5]
kernel: RPC port #5 started [DEB6]
[32:40] [info] Initialized GOAL heap in 0.025 ms
[32:40] [debug] [Load and Link DGO From C] kernel
[32:40] [debug] [Begin Loading DGO RPC] KERNEL.CGO, 0x36b82c0, 0x3ab82c0, 0x182e40
[32:40] [debug] [OVERLORD] Queue 0 (1/4), LoadDGO
[32:40] [debug]   PRI 0 elt 0 LoadDGO @ #x7FF722311B18
[32:40] [debug] [OVERLORD] FS Open KERNEL  CGO
[32:40] [debug] [XSocketServer:8112] initialized
[32:40] [info] [Deci2Server:8112] awaiting connections
[32:40] [info] [Overlord DGO] Got DGO file header for KERNEL.CGO with 8 objects
[32:40] [debug] [DECI2] Waiting for listener...
[32:40] [debug] [link and exec] gcommon            0  20748 heap-use   274666  3145728: 0x182e0a
[32:40] [debug] link finish: gcommon
[32:40] [debug] [link and exec] gstring-h          0     95 heap-use   289456  3146442: 0x1867d0
[32:40] [debug] link finish: gstring-h
[32:40] [debug] [link and exec] gkernel-h          0  14758 heap-use   289456  3146442: 0x1867d0
[32:40] [debug] link finish: gkernel-h
[32:40] [debug] [link and exec] gkernel            0  34664 heap-use   290992  3155612: 0x186dd0
[32:40] [debug] link finish: gkernel
[32:40] [debug] [link and exec] pskernel           0   5226 heap-use  3659344  4215624: 0x4bd370
[32:40] [debug] link finish: pskernel
[32:40] [debug] [link and exec] gstring            0  11883 heap-use  3661712  4216655: 0x4bdcb0
[32:40] [debug] link finish: gstring
[32:40] [debug] [link and exec] dgo-h              0   1226 heap-use  3704825  4216655: 0x4c8519
[32:40] [debug] link finish: dgo-h
[32:40] [debug] [OVERLORD] FS_Close KERNEL  CGO @ 171/72
[32:40] [debug] [link and exec] gstate             1   2714 heap-use  3705024  4217227: 0x4c85e0
[32:40] [debug] link finish: gstate
[32:40] [info] Got correct kernel version 2.0, loaded in 4.1 ms
[32:40] [debug] [Load and Link DGO From C] game
[32:40] [debug] [Begin Loading DGO RPC] GAME.CGO, 0x36b82c0, 0x3ab82c0, 0x4cce80
[32:40] [debug] [OVERLORD] Queue 0 (1/4), LoadDGO
[32:40] [debug]   PRI 0 elt 0 LoadDGO @ #x7FF722311B18
[32:40] [debug] [OVERLORD] FS Open GAME    CGO
[32:40] [info] [Overlord DGO] Got DGO file header for GAME.CGO with 346 objects
[32:40] [debug] [link and exec] types-h            0    717 heap-use  3723584  4217227: 0x4cce60
[32:40] [debug] link finish: types-h
[32:40] [debug] [link and exec] vu1-macros         0   3923 heap-use  3723760  4217411: 0x4ccf10
[32:40] [debug] link finish: vu1-macros
[32:40] [debug] [link and exec] math               0   4276 heap-use  3724384  4219745: 0x4cd180
[32:40] [debug] link finish: math
[32:40] [debug] [link and exec] vector-h           0  23570 heap-use  3726760  4220309: 0x4cdac8
[32:40] [debug] link finish: vector-h
[32:40] [debug] [link and exec] gravity-h          0     95 heap-use  3731968  4232002: 0x4cef20
[32:40] [debug] link finish: gravity-h
[32:40] [info] Controller added or removed. refreshing controller device list
[32:40] [debug] [link and exec] bounding-box-h     0   1572 heap-use  3731968  4232002: 0x4cef20
[32:40] [debug] link finish: bounding-box-h
[32:40] [debug] [link and exec] matrix-h           0   1888 heap-use  3732288  4232716: 0x4cf060
[32:40] [debug] link finish: matrix-h
[32:40] [debug] [link and exec] quaternion-h       0   1165 heap-use  3732640  4233579: 0x4cf1c0
[32:40] [debug] link finish: quaternion-h
[32:40] [debug] [link and exec] euler-h            0   1206 heap-use  3732784  4234161: 0x4cf250
[32:40] [debug] link finish: euler-h
[32:40] [debug] [link and exec] transform-h        0   1240 heap-use  3732976  4234689: 0x4cf310
[32:40] [debug] link finish: transform-h
[32:40] [debug] [link and exec] geometry-h         0   1602 heap-use  3733152  4235294: 0x4cf3c0
[32:40] [debug] link finish: geometry-h
[32:40] [debug] [link and exec] trigonometry-h     0     95 heap-use  3733328  4236159: 0x4cf470
[32:40] [debug] link finish: trigonometry-h
[32:40] [debug] [link and exec] transformq-h       0   3363 heap-use  3733328  4236159: 0x4cf470
[32:40] [debug] link finish: transformq-h
[32:40] [debug] [link and exec] bounding-box       0   2055 heap-use  3733984  4237937: 0x4cf700
[32:40] [debug] link finish: bounding-box
[32:40] [debug] [link and exec] matrix             0  22961 heap-use  3735323  4237937: 0x4cfc3b
[32:40] [debug] link finish: matrix
[32:40] [debug] [link and exec] transform          0   2480 heap-use  3755008  4237937: 0x4d4920
[32:40] [debug] link finish: transform
[32:40] [debug] [link and exec] quaternion         0  17860 heap-use  3756681  4237937: 0x4d4fa9
[32:40] [debug] link finish: quaternion
[32:40] [debug] [link and exec] euler              0   4664 heap-use  3769949  4238333: 0x4d837d
[32:40] [debug] link finish: euler
[32:40] [debug] [link and exec] geometry           0  26228 heap-use  3773793  4238333: 0x4d9281
[32:40] [debug] link finish: geometry
[32:40] [debug] [link and exec] trigonometry       0  15141 heap-use  3794817  4238333: 0x4de4a1
[32:40] [debug] link finish: trigonometry
[32:40] [debug] [link and exec] gsound-h           0  30036 heap-use  3805904  4238419: 0x4e0ff0
[32:40] [debug] link finish: gsound-h
[32:40] [debug] [link and exec] timer-h            0   4687 heap-use  3809616  4256514: 0x4e1e70
[32:40] [debug] link finish: timer-h
[32:40] [debug] [link and exec] timer              0   2271 heap-use  3810384  4259102: 0x4e2170
[32:40] [debug] link finish: timer
[32:40] [debug] [link and exec] vif-h              0   5275 heap-use  3811988  4259102: 0x4e27b4
[32:40] [debug] link finish: vif-h
[32:40] [debug] [link and exec] dma-h              0  15222 heap-use  3812368  4262611: 0x4e2930
[32:40] [debug] link finish: dma-h
[32:40] [debug] [link and exec] video-h            0   2131 heap-use  3815152  4271010: 0x4e3410
[32:40] [debug] link finish: video-h
[32:40] [debug] [link and exec] vu1-user-h         0   2832 heap-use  3815360  4272300: 0x4e34e0
[32:40] [debug] link finish: vu1-user-h
[32:40] [debug] [link and exec] dma                0   4367 heap-use  3815840  4273782: 0x4e36c0
[32:40] [debug] link finish: dma
[32:40] [debug] [link and exec] dma-buffer         0   4254 heap-use  3819128  4273782: 0x4e4398
[32:40] [debug] link finish: dma-buffer
[32:40] [debug] [link and exec] dma-bucket         0    588 heap-use  3820432  4275346: 0x4e48b0
[32:40] [debug] link finish: dma-bucket
[32:40] [debug] [link and exec] dma-disasm         0  15931 heap-use  3820817  4275346: 0x4e4a31
[32:40] [debug] link finish: dma-disasm
[32:40] [debug] [link and exec] pc-cheats          0     95 heap-use  3821144  4288061: 0x4e4b78
[32:40] [debug] link finish: pc-cheats
[32:40] [debug] [link and exec] pckernel-h         0  15162 heap-use  3821144  4288061: 0x4e4b78
[32:40] [debug] link finish: pckernel-h
[32:40] [debug] [link and exec] pckernel-impl      0  13780 heap-use  3827808  4295828: 0x4e6580
[32:40] [debug] link finish: pckernel-impl
[32:40] [debug] [link and exec] pc-debug-common    0    148 heap-use  3829200  4304990: 0x4e6af0
[32:40] [debug] link finish: pc-debug-common
[32:40] [debug] [link and exec] pc-debug-methods   0  11767 heap-use  3829200  4304990: 0x4e6af0
[32:40] [debug] link finish: pc-debug-methods
[32:40] [debug] [link and exec] pad                0  10434 heap-use  3829491  4314164: 0x4e6c13
[32:40] [debug] link finish: pad
[32:40] [debug] [link and exec] gs                 0  43764 heap-use  3835276  4317404: 0x4e82ac
[32:40] [debug] link finish: gs
[32:40] [debug] [link and exec] display-h          0   9709 heap-use  3844976  4341852: 0x4ea890
[32:40] [debug] link finish: display-h
[32:40] [debug] [link and exec] vector             0  16273 heap-use  3846560  4347458: 0x4eaec0
[32:40] [debug] link finish: vector
[32:40] [debug] [link and exec] file-io            0   4610 heap-use  3858624  4347458: 0x4edde0
[32:40] [debug] link finish: file-io
[32:40] [debug] [link and exec] loader-h           0   6562 heap-use  3860905  4348366: 0x4ee6c9
[32:40] [debug] link finish: loader-h
[32:40] [debug] [link and exec] texture-h          0  11229 heap-use  3862304  4351688: 0x4eec40
[32:40] [debug] link finish: texture-h
[32:40] [debug] [link and exec] level-h            0  20335 heap-use  3864240  4357915: 0x4ef3d0
[32:40] [debug] link finish: level-h
[32:40] [debug] [link and exec] math-camera-h      0   7840 heap-use  3873312  4365844: 0x4f1740
[32:40] [debug] link finish: math-camera-h
[32:40] [debug] [link and exec] math-camera        0  17034 heap-use  3873600  4371494: 0x4f1860
[32:40] [debug] link finish: math-camera
[32:40] [debug] [link and exec] font-h             0  11677 heap-use  3887140  4371738: 0x4f4d44
[32:40] [debug] link finish: font-h
[32:40] [debug] [link and exec] decomp-h           0    870 heap-use  3891552  4376399: 0x4f5e80
[32:40] [debug] link finish: decomp-h
[32:40] [debug] [link and exec] display            0  12932 heap-use  3891648  4376822: 0x4f5ee0
[32:40] [debug] link finish: display
[32:40] [debug] [link and exec] connect            0  10470 heap-use 20294292 37997204: 0x149a7b4
[32:40] [debug] link finish: connect
[32:40] [debug] [link and exec] text-h             0  64560 heap-use 20299280 37999163: 0x149bb30
[32:40] [debug] link finish: text-h
[32:40] [debug] [link and exec] settings-h         0   5926 heap-use 20348896 38048578: 0x14a7d00
[32:40] [debug] link finish: settings-h
[32:40] [debug] [link and exec] knuth-rand         0   1924 heap-use 20349312 38052469: 0x14a7ea0
[32:40] [debug] link finish: knuth-rand
[32:40] [debug] [link and exec] capture            0   3807 heap-use 20350336 38052629: 0x14a82a0
[32:40] [debug] link finish: capture
[32:40] [debug] [link and exec] memory-usage-h     0   1604 heap-use 20350528 38055239: 0x14a8360
[32:40] [debug] link finish: memory-usage-h
[32:40] [debug] [link and exec] texture            0  39692 heap-use 20350832 38059408: 0x14a8490
[32:40] [debug] link finish: texture
[32:40] [debug] [link and exec] main-h             0   5265 heap-use 20385856 38061342: 0x14b0d60
[32:40] [debug] link finish: main-h
[32:40] [debug] [link and exec] mspace-h           0   4675 heap-use 20389520 38061798: 0x14b1bb0
[32:40] [debug] link finish: mspace-h
[32:40] [debug] [link and exec] drawable-h         0   1105 heap-use 20390192 38064331: 0x14b1e50
[32:40] [debug] link finish: drawable-h
[32:40] [debug] [link and exec] drawable-group-h   0    828 heap-use 20390448 38064837: 0x14b1f50
[32:40] [debug] link finish: drawable-group-h
[32:40] [debug] [link and exec] drawable-inline-array-h 0    693 heap-use 20390608 38065211: 0x14b1ff0
[32:40] [debug] link finish: drawable-inline-array-h
[32:40] [debug] [link and exec] draw-node-h        0   2171 heap-use 20390736 38065495: 0x14b2070
[32:40] [debug] link finish: draw-node-h
[32:40] [debug] [link and exec] drawable-tree-h    0   1507 heap-use 20391104 38066653: 0x14b21e0
[32:40] [debug] link finish: drawable-tree-h
[32:40] [debug] [link and exec] drawable-actor-h   0   2161 heap-use 20391360 38067452: 0x14b22e0
[32:40] [debug] link finish: drawable-actor-h
[32:40] [debug] [link and exec] drawable-ambient-h 0   3768 heap-use 20391776 38068538: 0x14b2480
[32:40] [debug] link finish: drawable-ambient-h
[32:40] [debug] [link and exec] game-task-h        0     95 heap-use 20392432 38070543: 0x14b2710
[32:40] [debug] link finish: game-task-h
[32:40] [debug] [link and exec] hint-control-h     0   2074 heap-use 20392432 38070543: 0x14b2710
[32:40] [debug] link finish: hint-control-h
[32:40] [debug] [link and exec] generic-h          0  15959 heap-use 20392720 38071606: 0x14b2830
[32:40] [debug] link finish: generic-h
[32:40] [debug] [link and exec] lights-h           0   6214 heap-use 20403680 38081436: 0x14b5300
[32:40] [debug] link finish: lights-h
[32:40] [debug] [link and exec] ocean-h            0  28975 heap-use 20404784 38084781: 0x14b5750
[32:40] [debug] link finish: ocean-h
[32:40] [debug] [link and exec] ocean-trans-tables 0   5384 heap-use 20411232 38100511: 0x14b7080
[32:40] [debug] link finish: ocean-trans-tables
[32:40] [debug] [link and exec] ocean-tables       0  58277 heap-use 20416041 38100511: 0x14b8349
[32:40] [debug] link finish: ocean-tables
[32:40] [debug] [link and exec] ocean-frames       0  65692 heap-use 20473031 38100511: 0x14c61e7
[32:40] [debug] link finish: ocean-frames
[32:40] [debug] [link and exec] sky-h              0   9165 heap-use 20538604 38100511: 0x14d620c
[32:40] [debug] link finish: sky-h
[32:40] [debug] [link and exec] mood-h             0   6958 heap-use 20541552 38105516: 0x14d6d90
[32:40] [debug] link finish: mood-h
[32:40] [debug] [link and exec] time-of-day-h      0   9069 heap-use 20542928 38109018: 0x14d72f0
[32:40] [debug] link finish: time-of-day-h
[32:40] [debug] [link and exec] art-h              0  18697 heap-use 20546016 38113262: 0x14d7f00
[32:40] [debug] link finish: art-h
[32:40] [debug] [link and exec] generic-vu1-h      0   2826 heap-use 20548272 38124819: 0x14d87d0
[32:40] [debug] link finish: generic-vu1-h
[32:40] [debug] [link and exec] merc-h             0  23761 heap-use 20548560 38126516: 0x14d88f0
[32:40] [debug] link finish: merc-h
[32:40] [debug] [link and exec] generic-merc-h     0   9675 heap-use 20551024 38141462: 0x14d9290
[32:40] [debug] link finish: generic-merc-h
[32:40] [debug] [link and exec] generic-tie-h      0  15554 heap-use 20551904 38147773: 0x14d9600
[32:40] [debug] link finish: generic-tie-h
[32:40] [debug] [link and exec] generic-work-h     0   5966 heap-use 20553360 38157652: 0x14d9bb0
[32:40] [debug] link finish: generic-work-h
[32:40] [debug] [link and exec] shadow-cpu-h       0  10893 heap-use 20554572 38161076: 0x14da06c
[32:40] [debug] link finish: shadow-cpu-h
[32:40] [debug] [link and exec] shadow-vu1-h       0     95 heap-use 20556768 38166811: 0x14da900
[32:40] [debug] link finish: shadow-vu1-h
[32:40] [debug] [link and exec] memcard-h          0   4472 heap-use 20556768 38166811: 0x14da900
[32:40] [debug] link finish: memcard-h
[32:40] [debug] [link and exec] game-info-h        0   9585 heap-use 20558080 38168635: 0x14dae20
[32:40] [debug] link finish: game-info-h
[32:40] [debug] [link and exec] wind-h             0   1730 heap-use 20560736 38174416: 0x14db880
[32:40] [debug] link finish: wind-h
[32:40] [debug] [link and exec] prototype-h        0  12710 heap-use 20561136 38175162: 0x14dba10
[32:40] [debug] link finish: prototype-h
[32:40] [debug] [link and exec] joint-h            0   6755 heap-use 20562016 38183931: 0x14dbd80
[32:40] [debug] link finish: joint-h
[32:40] [debug] [link and exec] bones-h            0   6607 heap-use 20562496 38188417: 0x14dbf60
[32:40] [debug] link finish: bones-h
[32:40] [debug] [link and exec] engines            0    662 heap-use 20563440 38192218: 0x14dc310
[32:40] [debug] link finish: engines
[32:40] [debug] [link and exec] res-h              0   1758 heap-use 20592832 38208704: 0x14e35e0
[32:40] [debug] link finish: res-h
[32:40] [debug] [link and exec] res                0  15566 heap-use 20593257 38209542: 0x14e3789
[32:40] [debug] link finish: res
[32:40] [debug] [link and exec] lights             0   2041 heap-use 20606400 38209542: 0x14e6ae0
[32:40] [debug] link finish: lights
[32:40] [debug] [link and exec] dynamics-h         0   1899 heap-use 20607728 38209542: 0x14e7010
[32:40] [debug] link finish: dynamics-h
[32:40] [debug] [link and exec] surface-h          0  17873 heap-use 20608359 38210214: 0x14e7287
[32:40] [debug] link finish: surface-h
[32:40] [debug] [link and exec] pat-h              0   5391 heap-use 20620344 38212700: 0x14ea158
[32:40] [debug] link finish: pat-h
[32:40] [debug] [link and exec] fact-h             0  10457 heap-use 20620816 38215933: 0x14ea330
[32:40] [debug] link finish: fact-h
[32:40] [debug] [link and exec] aligner-h          0   1605 heap-use 20623840 38220745: 0x14eaf00
[32:40] [debug] link finish: aligner-h
[32:40] [debug] [link and exec] game-h             0   4254 heap-use 20624080 38221512: 0x14eaff0
[32:40] [debug] link finish: game-h
[32:40] [debug] [link and exec] generic-obs-h      0   9608 heap-use 20624768 38224108: 0x14eb2a0
[32:40] [debug] link finish: generic-obs-h
[32:40] [debug] [link and exec] pov-camera-h       0   1254 heap-use 20625840 38230428: 0x14eb6d0
[32:40] [debug] link finish: pov-camera-h
[32:40] [debug] [link and exec] sync-info-h        0   6472 heap-use 20626016 38231139: 0x14eb780
[32:40] [debug] link finish: sync-info-h
[32:40] [debug] [link and exec] smush-control-h    0   3849 heap-use 20626912 38234982: 0x14ebb00
[32:40] [debug] link finish: smush-control-h
[32:40] [debug] [link and exec] trajectory-h       0    847 heap-use 20628928 38235590: 0x14ec2e0
[32:40] [debug] link finish: trajectory-h
[32:40] [debug] [link and exec] debug-h            0   2000 heap-use 20629056 38236001: 0x14ec360
[32:40] [debug] link finish: debug-h
[32:40] [debug] [link and exec] joint-mod-h        0  21731 heap-use 20629344 38237055: 0x14ec480
[32:40] [debug] link finish: joint-mod-h
[32:40] [debug] [link and exec] collide-func-h     0     95 heap-use 20641376 38240951: 0x14ef380
[32:40] [debug] link finish: collide-func-h
[32:40] [debug] [link and exec] collide-mesh-h     0   3882 heap-use 20641376 38240951: 0x14ef380
[32:40] [debug] link finish: collide-mesh-h
[32:40] [debug] [link and exec] collide-shape-h    0  22425 heap-use 20682992 38242804: 0x14f9610
[32:40] [debug] link finish: collide-shape-h
[32:40] [debug] [link and exec] collide-target-h   0  23234 heap-use 20724256 38255733: 0x1503740
[32:40] [debug] link finish: collide-target-h
[32:40] [debug] [link and exec] collide-touch-h    0   4418 heap-use 20724832 38273374: 0x1503980
[32:40] [debug] link finish: collide-touch-h
[32:40] [debug] [link and exec] collide-edge-grab-h 0  17864 heap-use 20741640 38275223: 0x1507b28
[32:40] [debug] link finish: collide-edge-grab-h
[32:40] [debug] [link and exec] process-drawable-h 0   2063 heap-use 20752532 38280392: 0x150a5b4
[32:40] [debug] link finish: process-drawable-h
[32:40] [debug] [link and exec] effect-control-h   0   1589 heap-use 20754055 38280392: 0x150aba7
[32:40] [debug] link finish: effect-control-h
[32:40] [debug] [link and exec] collide-frag-h     0   4135 heap-use 20754400 38281030: 0x150ad00
[32:40] [debug] link finish: collide-frag-h
[32:40] [debug] [link and exec] projectiles-h      0   3321 heap-use 20755008 38283422: 0x150af60
[32:40] [debug] link finish: projectiles-h
[32:40] [debug] [link and exec] target-h           0   3714 heap-use 20755536 38285516: 0x150b170
[32:40] [debug] link finish: target-h
[32:40] [debug] [link and exec] depth-cue-h        0   2098 heap-use 20755856 38287827: 0x150b2b0
[32:40] [debug] link finish: depth-cue-h
[32:40] [debug] [link and exec] stats-h            0   4282 heap-use 20756048 38289100: 0x150b370
[32:40] [debug] link finish: stats-h
[32:40] [debug] [link and exec] bsp-h              0   8151 heap-use 20756752 38291163: 0x150b630
[32:40] [debug] link finish: bsp-h
[32:40] [debug] [link and exec] collide-cache-h    0   8740 heap-use 20757600 38296244: 0x150b980
[32:40] [debug] link finish: collide-cache-h
[32:40] [debug] [link and exec] collide-h          0    135 heap-use 21117456 38301078: 0x1563730
[32:40] [debug] link finish: collide-h
[32:40] [debug] [link and exec] shrubbery-h        0  18566 heap-use 21117484 38301078: 0x156374c
[32:40] [debug] link finish: shrubbery-h
[32:40] [debug] [link and exec] tie-h              0  14947 heap-use 21119504 38313245: 0x1563f30
[32:40] [debug] link finish: tie-h
[32:40] [debug] [link and exec] tfrag-h            0  20378 heap-use 21120704 38323473: 0x15643e0
[32:40] [debug] link finish: tfrag-h
[32:40] [debug] [link and exec] background-h       0   3147 heap-use 21122912 38336720: 0x1564c80
[32:40] [debug] link finish: background-h
[32:40] [debug] [link and exec] subdivide-h        0  11349 heap-use 21123008 38338956: 0x1564ce0
[32:40] [debug] link finish: subdivide-h
[32:40] [debug] [link and exec] entity-h           0  13085 heap-use 21125024 38345526: 0x15654c0
[32:40] [debug] link finish: entity-h
[32:40] [debug] [link and exec] sprite-h           0   6064 heap-use 21126672 38353786: 0x1565b30
[32:40] [debug] link finish: sprite-h
[32:40] [debug] [link and exec] shadow-h           0   1901 heap-use 21127056 38357851: 0x1565cb0
[32:40] [debug] link finish: shadow-h
[32:40] [debug] [link and exec] eye-h              0   4500 heap-use 21129416 38358764: 0x15665e8
[32:40] [debug] link finish: eye-h
[32:40] [debug] [link and exec] sparticle-launcher-h 0   7268 heap-use 21130912 38360579: 0x1566bc0
[32:40] [debug] link finish: sparticle-launcher-h
[32:40] [debug] [link and exec] sparticle-h        0   5607 heap-use 21131520 38365243: 0x1566e20
[32:40] [debug] link finish: sparticle-h
[32:40] [debug] [link and exec] actor-link-h       0   5575 heap-use 21131904 38368840: 0x1566fa0
[32:40] [debug] link finish: actor-link-h
[32:40] [debug] [link and exec] camera-h           0  23043 heap-use 21135312 38369125: 0x1567cf0
[32:40] [error] Controller with device id 1 is not avaiable via the GameController API
[32:40] [debug] link finish: camera-h
[32:40] [debug] [link and exec] cam-debug-h        0   2866 heap-use 21138128 38383907: 0x15687f0
[32:40] [debug] link finish: cam-debug-h
[32:40] [debug] [link and exec] cam-interface-h    0    783 heap-use 21138798 38392880: 0x1568a8e
[32:40] [debug] link finish: cam-interface-h
[32:40] [debug] [link and exec] cam-update-h       0   1520 heap-use 21139022 38392880: 0x1568b6e
[32:40] [debug] link finish: cam-update-h
[32:40] [debug] [link and exec] assert-h           0   1148 heap-use 21139440 38392880: 0x1568d10
[32:40] [debug] link finish: assert-h
[32:40] [debug] [link and exec] hud-h              0   5645 heap-use 21139744 38393163: 0x1568e40
[32:40] [debug] link finish: hud-h
[32:40] [debug] [link and exec] progress-h         0   9883 heap-use 21140288 38396780: 0x1569060
[32:40] [debug] link finish: progress-h
[32:40] [debug] [link and exec] rpc-h              0   3998 heap-use 21141136 38403640: 0x15693b0
[32:40] [debug] link finish: rpc-h
[32:40] [debug] [link and exec] path-h             0   3433 heap-use 21143040 38404489: 0x1569b20
[32:40] [debug] link finish: path-h
[32:40] [debug] [link and exec] navigate-h         0  16104 heap-use 21144336 38405487: 0x156a030
[32:40] [debug] link finish: navigate-h
[32:40] [debug] [link and exec] load-dgo           0   7998 heap-use 21147152 38414573: 0x156ab30
[32:40] [debug] link finish: load-dgo
[32:40] [debug] [link and exec] ramdisk            0   2670 heap-use 21152617 38416075: 0x156c089
[32:40] [debug] link finish: ramdisk
[32:40] [debug] [link and exec] gsound             0  28991 heap-use 21153487 38417221: 0x156c3ef
[32:40] [debug] link finish: gsound
IRX version 2.0
STALL: waiting for IOP on RPC port #1
STALL: waiting for IOP on RPC port #1
[32:40] [debug] [link and exec] transformq         0   8469 heap-use 21188696 38420630: 0x1574d78
[32:40] [debug] link finish: transformq
[32:40] [debug] [link and exec] collide-func       0   4410 heap-use 21194297 38420630: 0x1576359
[32:40] [debug] link finish: collide-func
[32:40] [debug] [link and exec] joint              0  34170 heap-use 21198032 38420630: 0x15771f0
[32:40] [debug] link finish: joint
[32:40] [debug] [link and exec] cylinder           0   8007 heap-use 21224368 38421554: 0x157d8d0
[32:40] [debug] link finish: cylinder
[32:40] [debug] [link and exec] wind               0   1411 heap-use 21230368 38421884: 0x157f040
[32:40] [debug] link finish: wind
[32:40] [debug] [link and exec] bsp                0  12034 heap-use 21232596 38421884: 0x157f8f4
[32:40] [debug] link finish: bsp
[32:40] [debug] [link and exec] subdivide          0  13259 heap-use 21242188 38421884: 0x1581e6c
[32:40] [debug] link finish: subdivide
[32:40] [debug] [link and exec] sprite             0  20807 heap-use 21261312 38433284: 0x1586920
[32:40] [debug] link finish: sprite
[32:40] [debug] [link and exec] sprite-distort     0   7057 heap-use 24645568 38436634: 0x18c0ce0
[32:40] [debug] link finish: sprite-distort
[32:40] [debug] [link and exec] debug-sphere       0   8450 heap-use 24652800 38437171: 0x18c2920
[32:40] [debug] link finish: debug-sphere
[32:40] [debug] [link and exec] debug              0  31195 heap-use 24660224 38437342: 0x18c4620
[32:40] [debug] link finish: debug
[32:40] [debug] [link and exec] merc-vu1           0    163 heap-use 24662976 39580137: 0x18c50e0
[32:40] [debug] link finish: merc-vu1
[32:40] [debug] [link and exec] merc-blend-shape   0   7208 heap-use 24663015 39580137: 0x18c5107
[32:40] [debug] link finish: merc-blend-shape
[32:40] [debug] [link and exec] merc               0  11038 heap-use 24665952 39582691: 0x18c5c80
[32:40] [debug] link finish: merc
[32:40] [debug] [link and exec] ripple             0   5627 heap-use 24672270 39584931: 0x18c752e
[32:40] [debug] link finish: ripple
[32:40] [debug] [link and exec] bones              0  29939 heap-use 24675588 39585988: 0x18c8224
[32:40] [debug] link finish: bones
[32:40] [debug] [link and exec] generic-vu0        0    166 heap-use 24696800 39590346: 0x18cd500
[32:40] [debug] link finish: generic-vu0
[32:40] [debug] [link and exec] generic            0   1708 heap-use 24696842 39590346: 0x18cd52a
[32:40] [debug] link finish: generic
[32:40] [debug] [link and exec] generic-vu1        0   1486 heap-use 24697733 39590346: 0x18cd8a5
[32:40] [debug] link finish: generic-vu1
[32:40] [debug] [link and exec] generic-effect     0   2637 heap-use 24698746 39590346: 0x18cdc9a
[32:40] [debug] link finish: generic-effect
[32:40] [debug] [link and exec] generic-merc       0   3524 heap-use 24701040 39590346: 0x18ce590
[32:40] [debug] link finish: generic-merc
[32:40] [debug] [link and exec] generic-tie        0   2829 heap-use 24703296 39590634: 0x18cee60
[32:40] [debug] link finish: generic-tie
[32:40] [debug] [link and exec] shadow-cpu         0  10719 heap-use 24705168 39590634: 0x18cf5b0
[32:40] [debug] link finish: shadow-cpu
[32:40] [debug] [link and exec] shadow-vu1         0   4133 heap-use 24712976 39592651: 0x18d1430
[32:40] [debug] link finish: shadow-vu1
[32:40] [debug] [link and exec] depth-cue          0   6055 heap-use 24714400 39594218: 0x18d19c0
[32:40] [debug] link finish: depth-cue
[32:40] [debug] [link and exec] font               0  32545 heap-use 24719646 39594218: 0x18d2e3e
[32:40] [debug] link finish: font
[32:40] [debug] [link and exec] decomp             0   4555 heap-use 24751136 39594218: 0x18da940
[32:40] [debug] link finish: decomp
[32:40] [debug] [link and exec] background         0   9605 heap-use 24754640 39594436: 0x18db6f0
[32:40] [debug] link finish: background
[32:40] [debug] [link and exec] draw-node          0   2566 heap-use 24763336 39594436: 0x18dd8e8
[32:40] [debug] link finish: draw-node
[32:40] [debug] [link and exec] shrubbery          0  12214 heap-use 24764873 39594436: 0x18ddee9
[32:40] [debug] link finish: shrubbery
[32:40] [debug] [link and exec] shrub-work         0   7886 heap-use 24773931 39594436: 0x18e024b
[32:40] [debug] link finish: shrub-work
[32:40] [debug] [link and exec] tfrag-near         0   2258 heap-use 24781453 39594436: 0x18e1fad
[32:40] [debug] link finish: tfrag-near
[32:40] [debug] [link and exec] tfrag              0  12381 heap-use 24781560 39595696: 0x18e2018
[32:40] [debug] link finish: tfrag
[32:40] [debug] [link and exec] tfrag-methods      0  10054 heap-use 24791168 39595696: 0x18e45a0
[32:40] [debug] link finish: tfrag-methods
[32:40] [debug] [link and exec] tfrag-work         0    540 heap-use 24798049 39595696: 0x18e6081
[32:40] [debug] link finish: tfrag-work
[32:40] [debug] [link and exec] tie                0  14247 heap-use 24798264 39595696: 0x18e6158
[32:40] [debug] link finish: tie
[32:40] [debug] [link and exec] tie-near           0   5849 heap-use 24804336 39600169: 0x18e7910
[32:40] [debug] link finish: tie-near
[32:40] [debug] [link and exec] tie-work           0   1120 heap-use 24807408 39601240: 0x18e8510
[32:40] [debug] link finish: tie-work
[32:40] [debug] [link and exec] tie-methods        0  10957 heap-use 24808205 39601240: 0x18e882d
[32:40] [debug] link finish: tie-methods
[32:40] [debug] [link and exec] sync-info          0  13335 heap-use 24815216 39602068: 0x18ea390
[32:40] [debug] link finish: sync-info
[32:40] [debug] [link and exec] trajectory         0   2854 heap-use 24824096 39602068: 0x18ec640
[32:40] [debug] link finish: trajectory
[32:40] [debug] [link and exec] sparticle-launcher 0  27547 heap-use 24825956 39602068: 0x18ecd84
[32:40] [debug] link finish: sparticle-launcher
[32:40] [debug] [link and exec] sparticle          0  11927 heap-use 24871488 39603743: 0x18f7f60
[32:40] [debug] link finish: sparticle
[32:40] [debug] [link and exec] entity-table       0   2800 heap-use 28661920 39603743: 0x1c955c0
[32:40] [debug] link finish: entity-table
[32:40] [debug] [link and exec] loader             0  23368 heap-use 28666715 39603743: 0x1c9687b
[32:40] [debug] link finish: loader
[32:40] [debug] [link and exec] task-control-h     0   4489 heap-use 28685944 39603743: 0x1c9b398
[32:40] [debug] link finish: task-control-h
[32:40] [debug] [link and exec] speedruns-h        0    744 heap-use 28686592 39606576: 0x1c9b620
[32:40] [debug] link finish: speedruns-h
[32:40] [debug] [link and exec] game-info          0  31738 heap-use 28686688 39606880: 0x1c9b680
[32:40] [debug] link finish: game-info
[32:40] [debug] [link and exec] game-save          0  45082 heap-use 28771072 39615170: 0x1cb0020
[32:40] [debug] link finish: game-save
[32:40] [debug] [link and exec] settings           0   9976 heap-use 28801216 39621207: 0x1cb75e0
[32:40] [debug] link finish: settings
[32:40] [debug] [link and exec] pc-anim-util       0   4043 heap-use 28809392 39621207: 0x1cb95d0
[32:40] [debug] link finish: pc-anim-util
[32:40] [debug] [link and exec] autosplit-h        0  16475 heap-use 28812449 39621207: 0x1cba1c1
[32:40] [debug] link finish: autosplit-h
[32:40] [debug] [link and exec] autosplit          0  12755 heap-use 28812560 39633905: 0x1cba230
[32:40] [debug] link finish: autosplit
[32:40] [debug] [link and exec] speedruns          0  17784 heap-use 28823447 39633905: 0x1cbccb7
[32:40] [debug] link finish: speedruns
[32:40] [debug] [link and exec] pckernel-common    0  31412 heap-use 28836933 39633905: 0x1cc0165
[32:40] [debug] link finish: pckernel-common
pckernel version: 1.10
[32:40] [debug] [link and exec] pckernel           0  60523 heap-use 28859873 39633905: 0x1cc5b01
[32:40] [debug] link finish: pckernel
pc settings reset
Setting window size to 640 x 480
[PC Settings]: Valid default game-size resolution set 1920 x 1080
[PC Settings]: fullscreen resolution defaulted to 1920 x 1080
[PC] PC Settings found at 'C:\Users\MikeG\AppData\Roaming\OpenGOAL\jak1\settings/pc-settings.gc'...loading!
****** CALL TO kopen() ******
[PC Settings]: Valid game-size resolution 1920 x 1080
pc settings file read: "C:\Users\MikeG\AppData\Roaming\OpenGOAL\jak1\settings/pc-settings.gc"
[32:40] [debug] [link and exec] mood-tables        0  52518 heap-use 28974416 39634852: 0x1ce1a70
[32:40] [debug] link finish: mood-tables
[32:40] [debug] [link and exec] mood               0  83265 heap-use 29058660 39634852: 0x1cf6384
[32:40] [debug] link finish: mood
[32:40] [debug] [link and exec] weather-part       0  15974 heap-use 29112544 39641388: 0x1d03600
[32:40] [debug] link finish: weather-part
[32:40] [debug] [link and exec] time-of-day        0  14183 heap-use 29124900 39641388: 0x1d06644
[32:40] [debug] link finish: time-of-day
[32:40] [debug] [link and exec] sky-utils          0   1144 heap-use 29135696 39641388: 0x1d09070
[32:40] [debug] link finish: sky-utils
[32:40] [debug] [link and exec] sky                0   5012 heap-use 29136522 39641388: 0x1d093aa
[32:40] [debug] link finish: sky
[32:40] [debug] [link and exec] sky-tng            0  19695 heap-use 29138240 39642670: 0x1d09a60
[32:40] [debug] link finish: sky-tng
[32:40] [debug] [link and exec] load-boundary-h    0   4666 heap-use 29155020 39642670: 0x1d0dbec
[32:40] [debug] link finish: load-boundary-h
[32:40] [debug] [link and exec] load-boundary      0  47784 heap-use 29155872 39645148: 0x1d0df40
[32:40] [debug] link finish: load-boundary
[32:40] [debug] [link and exec] load-boundary-data 0  53784 heap-use 29185932 39659759: 0x1d154ac
[32:40] [debug] link finish: load-boundary-data
[32:40] [debug] [link and exec] level-info         0  57942 heap-use 29238080 39659759: 0x1d22060
[32:40] [debug] link finish: level-info
[32:40] [debug] [link and exec] level              0  40466 heap-use 29274632 39659759: 0x1d2af28
[32:40] [debug] link finish: level
[32:40] [debug] [link and exec] text               0  12705 heap-use 29450080 39659867: 0x1d55c80
[32:40] [debug] link finish: text
[32:40] [debug] [link and exec] collide-probe      0   7388 heap-use 29525840 39659867: 0x1d68470
[32:40] [debug] link finish: collide-probe
[32:40] [debug] [link and exec] collide-frag       0   3073 heap-use 29530688 39660254: 0x1d69760
[32:40] [debug] link finish: collide-frag
[32:40] [debug] [link and exec] collide-mesh       0   6228 heap-use 29532516 39660254: 0x1d69e84
[32:40] [debug] link finish: collide-mesh
[32:40] [debug] [link and exec] collide-touch      0   7206 heap-use 29536544 39661060: 0x1d6ae40
[32:40] [debug] link finish: collide-touch
[32:40] [debug] [link and exec] collide-edge-grab  0  12576 heap-use 29541616 39661327: 0x1d6c210
[32:40] [debug] link finish: collide-edge-grab
[32:40] [debug] [link and exec] collide-shape      0  61334 heap-use 29550688 39661730: 0x1d6e580
[32:40] [debug] link finish: collide-shape
[32:40] [debug] [link and exec] collide-shape-rider 0   8688 heap-use 29597388 39663736: 0x1d79bec
[32:40] [debug] link finish: collide-shape-rider
[32:40] [debug] [link and exec] collide            0    253 heap-use 29604247 39663736: 0x1d7b6b7
[32:40] [debug] link finish: collide
[32:40] [debug] [link and exec] merc-death         0   2512 heap-use 29604348 39663736: 0x1d7b71c
[32:40] [debug] link finish: merc-death
[32:40] [debug] [link and exec] water-h            0   5401 heap-use 29605440 39664150: 0x1d7bb60
[32:40] [debug] link finish: water-h
[32:40] [debug] [link and exec] camera             0  47490 heap-use 29605824 39667592: 0x1d7bce0
[32:40] [debug] link finish: camera
[32:40] [debug] [link and exec] cam-interface      0   1883 heap-use 29642361 39667592: 0x1d84b99
[32:40] [debug] link finish: cam-interface
[32:40] [debug] [link and exec] cam-master         0  39640 heap-use 29643264 39667592: 0x1d84f20
[32:40] [debug] link finish: cam-master
[32:40] [debug] [link and exec] cam-states         0  97820 heap-use 29675264 39668504: 0x1d8cc20
[32:40] [debug] link finish: cam-states
[32:40] [debug] [link and exec] cam-states-dbg     0  21955 heap-use 29747440 39671887: 0x1d9e610
[32:40] [debug] link finish: cam-states-dbg
[32:40] [debug] [link and exec] cam-combiner       0  11715 heap-use 29761408 39673665: 0x1da1ca0
[32:40] [debug] link finish: cam-combiner
[32:40] [debug] [link and exec] cam-update         0  13653 heap-use 29770746 39673665: 0x1da411a
[32:40] [debug] link finish: cam-update
[32:40] [debug] [link and exec] vol-h              0   3391 heap-use 29780848 39673665: 0x1da6890
[32:40] [debug] link finish: vol-h
[32:40] [debug] [link and exec] cam-layout         0 100634 heap-use 29782032 39674845: 0x1da6d30
[32:40] [debug] link finish: cam-layout
[32:40] [debug] [link and exec] cam-debug          0  51342 heap-use 29787680 39771520: 0x1da8340
[32:40] [debug] link finish: cam-debug
[32:40] [debug] [link and exec] cam-start          0   1247 heap-use 29789776 39986688: 0x1da8b70
[32:40] [debug] link finish: cam-start
[32:40] [debug] [link and exec] process-drawable   0  29243 heap-use 29790386 39986688: 0x1da8dd2
[32:40] [debug] link finish: process-drawable
[32:40] [debug] [link and exec] hint-control       0   6697 heap-use 29810719 40005129: 0x1dadd3f
[32:40] [debug] link finish: hint-control
[32:40] [debug] [link and exec] ambient            0  32529 heap-use 29815706 40005129: 0x1daf0ba
[32:40] [debug] link finish: ambient
[32:40] [debug] [link and exec] assert             0   1519 heap-use 29840062 40005129: 0x1db4fde
[32:40] [debug] link finish: assert
[32:40] [debug] [link and exec] generic-obs        0  59859 heap-use 29841156 40005129: 0x1db5424
[32:40] [debug] link finish: generic-obs
[32:40] [debug] [link and exec] target-util        0  35957 heap-use 29886281 40005995: 0x1dc0469
[32:40] [debug] link finish: target-util
[32:40] [debug] [link and exec] target-part        0  45157 heap-use 29907495 40013494: 0x1dc5747
[32:40] [debug] link finish: target-part
[32:40] [debug] [link and exec] collide-reaction-target 0  14113 heap-use 29942965 40013494: 0x1dce1d5
[32:40] [debug] link finish: collide-reaction-target
[32:40] [debug] [link and exec] logic-target       0  57038 heap-use 29954914 40013494: 0x1dd1082
[32:40] [debug] link finish: logic-target
[32:40] [debug] [link and exec] sidekick           0   7665 heap-use 29992247 40021537: 0x1dda257
[32:40] [debug] link finish: sidekick
[32:40] [debug] [link and exec] voicebox           0   9342 heap-use 29997280 40021537: 0x1ddb600
[32:40] [debug] link finish: voicebox
[32:40] [debug] [link and exec] target-handler     0  22459 heap-use 30002752 40022119: 0x1ddcb60
[32:40] [debug] link finish: target-handler
[32:40] [debug] [link and exec] target             0 137615 heap-use 30021106 40022119: 0x1de1312
[32:40] [debug] link finish: target
[32:40] [debug] [link and exec] target2            0 117764 heap-use 30133042 40022119: 0x1dfc852
[32:40] [debug] link finish: target2
[32:40] [debug] [link and exec] target-death       0  51704 heap-use 30238016 40022731: 0x1e16260
[32:40] [debug] link finish: target-death
[32:40] [debug] [link and exec] menu               0  31322 heap-use 30277984 40022731: 0x1e1fe80
[32:40] [debug] link finish: menu
[32:40] [debug] [link and exec] drawable           0  39421 heap-use 30280624 40044410: 0x1e208d0
[32:40] [debug] link finish: drawable
[32:40] [debug] [link and exec] drawable-group     0   3052 heap-use 30299728 40053664: 0x1e25370
[32:40] [debug] link finish: drawable-group
[32:40] [debug] [link and exec] drawable-inline-array 0    543 heap-use 30301623 40053664: 0x1e25ad7
[32:40] [debug] link finish: drawable-inline-array
[32:40] [debug] [link and exec] drawable-tree      0   1733 heap-use 30301701 40053664: 0x1e25b25
[32:40] [debug] link finish: drawable-tree
[32:40] [debug] [link and exec] prototype          0   2904 heap-use 30302930 40053664: 0x1e25ff2
[32:40] [debug] link finish: prototype
[32:40] [debug] [link and exec] main-collide       0   1365 heap-use 30305055 40053664: 0x1e2683f
[32:40] [debug] link finish: main-collide
[32:40] [debug] [link and exec] video              0   3080 heap-use 30306108 40053664: 0x1e26c5c
[32:40] [debug] link finish: video
[32:40] [debug] [link and exec] main               0  31436 heap-use 30307880 40053664: 0x1e27348
[32:40] [debug] link finish: main
[32:40] [debug] [link and exec] collide-cache      0  29919 heap-use 30331396 40053664: 0x1e2cf24
[32:40] [debug] link finish: collide-cache
[32:40] [debug] [link and exec] relocate           0   7312 heap-use 30354704 40054514: 0x1e32a30
[32:40] [debug] link finish: relocate
[32:40] [debug] [link and exec] memory-usage       0  12426 heap-use 30359318 40054514: 0x1e33c36
[32:40] [debug] link finish: memory-usage
[32:40] [debug] [link and exec] entity             0  38378 heap-use 30359346 40064543: 0x1e33c52
[32:40] [debug] link finish: entity
[32:40] [debug] [link and exec] path               0   7545 heap-use 30388690 40065215: 0x1e3aef2
[32:40] [debug] link finish: path
[32:40] [debug] [link and exec] vol                0   7158 heap-use 30393755 40065215: 0x1e3c2bb
[32:40] [debug] link finish: vol
[32:40] [debug] [link and exec] navigate           0  67000 heap-use 30399508 40065215: 0x1e3d934
[32:40] [debug] link finish: navigate
[32:40] [debug] [link and exec] aligner            0   3510 heap-use 30452048 40068223: 0x1e4a670
[32:40] [debug] link finish: aligner
[32:40] [debug] [link and exec] effect-control     0  23116 heap-use 30454340 40068223: 0x1e4af64
[32:40] [debug] link finish: effect-control
[32:40] [debug] [link and exec] water              0  38092 heap-use 30474370 40068223: 0x1e4fda2
[32:40] [debug] link finish: water
[32:40] [debug] [link and exec] collectables-part  0  48733 heap-use 30503072 40068223: 0x1e56dc0
[32:40] [debug] link finish: collectables-part
[32:40] [debug] [link and exec] collectables       0  83857 heap-use 30542914 40068223: 0x1e60962
[32:40] [debug] link finish: collectables
[32:40] [debug] [link and exec] task-control       0  63059 heap-use 30603264 40071968: 0x1e6f520
[32:40] [debug] link finish: task-control
[32:40] [debug] [link and exec] process-taskable   0  35510 heap-use 30647125 40072466: 0x1e7a075
[32:40] [debug] link finish: process-taskable
[32:40] [debug] [link and exec] pov-camera         0   9249 heap-use 30672024 40072466: 0x1e801b8
[32:40] [debug] link finish: pov-camera
[32:40] [debug] [link and exec] powerups           0  18849 heap-use 30678391 40072466: 0x1e81a97
[32:40] [debug] link finish: powerups
[32:40] [debug] [link and exec] crates             0  38705 heap-use 30693140 40072466: 0x1e85434
[32:40] [debug] link finish: crates
[32:40] [debug] [link and exec] hud                0  14190 heap-use 30719888 40073690: 0x1e8bcb0
[32:40] [debug] link finish: hud
[32:40] [debug] [link and exec] hud-classes        0  53650 heap-use 30730554 40073690: 0x1e8e65a
[32:40] [debug] link finish: hud-classes
[32:40] [debug] [link and exec] progress-static    0  15722 heap-use 30768768 40075725: 0x1e97ba0
[32:40] [debug] link finish: progress-static
[32:40] [debug] [link and exec] progress-part      0  35562 heap-use 30780873 40075725: 0x1e9aae9
[32:40] [debug] link finish: progress-part
[32:40] [debug] [link and exec] progress-draw      0  41897 heap-use 30808709 40075725: 0x1ea17a5
[32:40] [debug] link finish: progress-draw
[32:40] [debug] [link and exec] progress           0  77673 heap-use 30843148 40075725: 0x1ea9e2c
[32:40] [debug] link finish: progress
[32:40] [debug] [link and exec] progress-pc        0 189410 heap-use 30918000 40076738: 0x1ebc290
[32:40] [debug] link finish: progress-pc
[32:40] [debug] [link and exec] credits            0   4032 heap-use 31109577 40077897: 0x1eeaee9
[32:40] [debug] link finish: credits
[32:40] [debug] [link and exec] projectiles        0  33455 heap-use 31112399 40077897: 0x1eeb9ef
[32:40] [debug] link finish: projectiles
[32:40] [debug] [link and exec] ocean              0  13276 heap-use 31136852 40078778: 0x1ef1974
[32:40] [debug] link finish: ocean
[32:40] [debug] [link and exec] ocean-vu0          0    664 heap-use 31146816 40078778: 0x1ef4060
[32:40] [debug] link finish: ocean-vu0
[32:40] [debug] [link and exec] ocean-texture      0   3563 heap-use 31147264 40078778: 0x1ef4220
[32:40] [debug] link finish: ocean-texture
[32:40] [debug] [link and exec] ocean-mid          0  20913 heap-use 31149568 40078778: 0x1ef4b20
[32:40] [debug] link finish: ocean-mid
[32:40] [debug] [link and exec] ocean-transition   0  15895 heap-use 31166574 40078778: 0x1ef8d8e
[32:40] [debug] link finish: ocean-transition
[32:40] [debug] [link and exec] ocean-near         0   8288 heap-use 31179887 40078778: 0x1efc18f
[32:40] [debug] link finish: ocean-near
[32:40] [debug] [link and exec] shadow             0   3713 heap-use 31186594 40078778: 0x1efdbc2
[32:40] [debug] link finish: shadow
[32:40] [debug] [link and exec] eye                0  14202 heap-use 31189172 40078778: 0x1efe5d4
[32:40] [debug] link finish: eye
[32:40] [debug] [link and exec] glist-h            0   3260 heap-use 31201524 40078778: 0x1f01614
[32:40] [debug] link finish: glist-h
[32:40] [debug] [link and exec] glist              0   4345 heap-use 31202112 40080422: 0x1f01860
[32:40] [debug] link finish: glist
[32:40] [debug] [link and exec] anim-tester        0  65506 heap-use 31202537 40082595: 0x1f01a09
[32:40] [debug] link finish: anim-tester
[32:40] [debug] [link and exec] viewer             0   7288 heap-use 31205168 40131841: 0x1f02450
[32:40] [debug] link finish: viewer
[32:40] [debug] [link and exec] part-tester        0   3583 heap-use 31210265 40131960: 0x1f03839
[32:40] [debug] link finish: part-tester
[32:40] [debug] [link and exec] default-menu       0 256594 heap-use 31210624 40199392: 0x1f039a0
[32:40] [debug] link finish: default-menu
[32:40] [debug] [link and exec] anim-tester-x      0  21499 heap-use 31213774 40425192: 0x1f045ee
[32:40] [debug] link finish: anim-tester-x
[32:40] [debug] [link and exec] entity-debug       0  24231 heap-use 31215168 40439537: 0x1f04b60
[32:40] [debug] link finish: entity-debug
[32:40] [debug] [link and exec] subtitle           0  29403 heap-use 31215892 40462745: 0x1f04e34
[32:40] [debug] link finish: subtitle
[32:40] [debug] [link and exec] default-menu-pc    0  84796 heap-use 31497936 40465633: 0x1f49bf0
[32:40] [debug] link finish: default-menu-pc
[32:40] [debug] [link and exec] dir-tpages         0  22608 heap-use 31499794 40559816: 0x1f4a332
[32:40] [debug] link finish: dir-tpages
[32:40] [debug] [link and exec] tpage-463          0 242720 heap-use 31519136 40559816: 0x1f4eec0
[32:40] [debug] link finish: tpage-463
[32:40] [debug] [link and exec] tpage-2            0 152752 heap-use 31532376 40559816: 0x1f52278
[32:40] [debug] link finish: tpage-2
[32:40] [debug] [link and exec] tpage-880          0  16944 heap-use 31537564 40559816: 0x1f536bc
[32:40] [debug] link finish: tpage-880
[32:40] [debug] [link and exec] tpage-256          0  17168 heap-use 31537988 40559816: 0x1f53864
[32:40] [debug] link finish: tpage-256
[32:40] [debug] [link and exec] tpage-1278         0 181088 heap-use 31538656 40559816: 0x1f53b00
[32:40] [debug] link finish: tpage-1278
[32:40] [debug] [link and exec] texture-upload     0    720 heap-use 31539392 40559816: 0x1f53de0
[32:40] [debug] link finish: texture-upload
[32:40] [debug] [link and exec] tpage-1032         0 263456 heap-use 31539512 40559816: 0x1f53e58
[32:40] [debug] link finish: tpage-1032
[32:40] [debug] [link and exec] tpage-62           0  34496 heap-use 31802868 40559816: 0x1f94314
[32:40] [debug] link finish: tpage-62
[32:40] [debug] [link and exec] tpage-1532         0  34224 heap-use 31804452 40559816: 0x1f94944
[32:40] [debug] link finish: tpage-1532
[32:41] [debug] [link and exec] fuel-cell          0  21728 heap-use 31805816 40559816: 0x1f94e98
[32:41] [debug] link finish: fuel-cell
[32:41] [debug] [link and exec] money              0   6400 heap-use 31827110 40559816: 0x1f9a1c6
[32:41] [debug] link finish: money
[32:41] [debug] [link and exec] buzzer             0  12048 heap-use 31833120 40559816: 0x1f9b940
[32:41] [debug] link finish: buzzer
[32:41] [debug] [link and exec] ecovalve           0   5280 heap-use 31844768 40559816: 0x1f9e6c0
[32:41] [debug] link finish: ecovalve
[32:41] [debug] [link and exec] crate              0  64416 heap-use 31849648 40559816: 0x1f9f9d0
[32:41] [debug] link finish: crate
[32:41] [debug] [link and exec] speaker            0  23184 heap-use 31913088 40559816: 0x1faf1a0
[32:41] [debug] link finish: speaker
[32:41] [debug] [link and exec] fuelcell-naked     0   4736 heap-use 31935936 40559816: 0x1fb4ae0
[32:41] [debug] link finish: fuelcell-naked
[32:41] [debug] [link and exec] eichar             0 1349024 heap-use 31940336 40559816: 0x1fb5c10
[32:41] [debug] link finish: eichar
[32:41] [debug] [link and exec] sidekick           0 675936 heap-use 33259684 40559816: 0x20f7dc4
[32:41] [debug] link finish: sidekick
[32:41] [debug] [link and exec] deathcam           0   1888 heap-use 33921304 40559816: 0x2199638
[32:41] [debug] link finish: deathcam
[32:41] [debug] [link and exec] game-cnt           0    224 heap-use 33922928 40559816: 0x2199c90
[32:41] [debug] link finish: game-cnt
[32:41] [debug] [link and exec] rigid-body-h       0   3065 heap-use 33923072 40559816: 0x2199d20
[32:41] [debug] link finish: rigid-body-h
[32:41] [debug] [link and exec] water-anim         0  23985 heap-use 33923328 40561841: 0x2199e20
[32:41] [debug] link finish: water-anim
[32:41] [debug] [link and exec] dark-eco-pool      0   8367 heap-use 33936640 40562419: 0x219d220
[32:41] [debug] link finish: dark-eco-pool
[32:41] [debug] [link and exec] rigid-body         0  23233 heap-use 33942576 40562467: 0x219e950
[32:41] [debug] link finish: rigid-body
[32:41] [debug] [link and exec] nav-enemy-h        0   8546 heap-use 33955424 40566353: 0x21a1b80
[32:41] [debug] link finish: nav-enemy-h
[32:41] [info] Found 3 controllers
[32:41] [debug] [link and exec] nav-enemy          0  54266 heap-use 33955888 40572699: 0x21a1d50
[32:41] [info] Controller added or removed. refreshing controller device list
[32:41] [debug] link finish: nav-enemy
[32:41] [debug] [link and exec] baseplat           0  13655 heap-use 33996525 40572699: 0x21abc0d
[32:41] [debug] link finish: baseplat
[32:41] [debug] [link and exec] basebutton         0  22781 heap-use 34005312 40573866: 0x21ade60
[32:41] [debug] link finish: basebutton
[32:41] [debug] [link and exec] tippy              0   2406 heap-use 34020032 40575243: 0x21b17e0
[32:41] [debug] link finish: tippy
[32:41] [debug] [link and exec] joint-exploder     0  16810 heap-use 34021008 40575786: 0x21b1bb0
[32:41] [debug] link finish: joint-exploder
[32:41] [debug] [link and exec] babak              0  12734 heap-use 34030128 40579230: 0x21b3f50
[32:41] [debug] link finish: babak
[32:41] [debug] [link and exec] sharkey            0  25308 heap-use 34038803 40579267: 0x21b6133
[32:41] [debug] link finish: sharkey
[32:41] [debug] [link and exec] orb-cache          0  11901 heap-use 34055408 40580560: 0x21ba210
[32:41] [debug] link finish: orb-cache
[32:41] [debug] [link and exec] plat               0   8089 heap-use 34062891 40581340: 0x21bbf4b
[32:41] [debug] link finish: plat
[32:41] [debug] [link and exec] plat-button        0  14978 heap-use 34067808 40581611: 0x21bd280
[32:41] [debug] link finish: plat-button
[32:41] [debug] [link and exec] plat-eco           0  10395 heap-use 34077120 40582372: 0x21bf6e0
[32:41] [debug] link finish: plat-eco
[32:41] [debug] [link and exec] ropebridge         0  19868 heap-use 34083232 40583018: 0x21c0ec0
[32:41] [debug] link finish: ropebridge
[32:41] [debug] [link and exec] ticky              0   1877 heap-use 34095072 40586134: 0x21c3d00
[32:41] [debug] link finish: ticky
[32:41] [debug] [OVERLORD] FS_Close GAME    CGO @ 139/4296
[32:41] [debug] [link and exec] hud-classes-pc     1  19720 heap-use 34095824 40586511: 0x21c3ff0
[32:41] [debug] link finish: hud-classes-pc
[32:41] [info] calling play
(play :use-vis 0 :init-game 0) has been called!
*kernel-boot-message*: play
-----------> begin load village1-vis [vi1.DGO]
Starting level load clock
[32:41] [debug] [OVERLORD] Queue 0 (1/4), LoadDGO
[32:41] [debug]   PRI 0 elt 0 LoadDGO @ #x7FF722311B18
[32:41] [debug] [OVERLORD] FS Open VI1     DGO
[32:41] [info] [Overlord DGO] Got DGO file header for VI1.DGO with 55 objects
[32:41] [debug] link finish: villagep-obs
[32:41] [debug] link finish: oracle
[32:41] [debug] link finish: farmer
[32:41] [debug] link finish: explorer
[32:41] [debug] link finish: assistant
[32:41] [debug] link finish: sage
[32:41] [debug] link finish: yakow
[32:41] [debug] link finish: village-obs
[32:41] [debug] link finish: fishermans-boat
[32:41] [debug] link finish: village1-part
[32:41] [debug] link finish: village1-part2
[32:41] [debug] link finish: sequence-a-village1
[32:41] [debug] link finish: tpage-398
[32:41] [debug] link finish: tpage-400
[32:41] [debug] link finish: tpage-399
[32:41] [debug] link finish: tpage-401
[32:41] [debug] link finish: tpage-1470
[32:41] [debug] link finish: assistant
[32:41] [debug] link finish: evilplant
[32:41] [debug] link finish: explorer
[32:41] [debug] link finish: farmer
[32:41] [debug] link finish: fishermans-boat
[32:41] [debug] link finish: hutlamp
[32:41] [debug] link finish: mayorgears
[32:41] [debug] link finish: medres-beach
[32:41] [debug] link finish: medres-beach1
[32:41] [debug] link finish: medres-beach2
[32:41] [debug] link finish: medres-beach3
[32:41] [debug] link finish: medres-jungle
[32:41] [debug] link finish: medres-jungle1
[32:41] [debug] link finish: medres-jungle2
[32:41] [debug] link finish: medres-misty
[32:41] [debug] link finish: medres-training
[32:41] [debug] link finish: medres-village11
[32:41] [debug] link finish: medres-village12
[32:41] [debug] link finish: medres-village13
[32:41] [debug] link finish: oracle
[32:41] [debug] link finish: orb-cache-top
[32:41] [debug] link finish: reflector-middle
[32:41] [debug] link finish: revcycle
[32:41] [debug] link finish: revcycleprop
[32:41] [debug] link finish: ropebridge-32
[32:41] [debug] link finish: sage
[32:41] [debug] link finish: sagesail
[32:41] [debug] link finish: sharkey
[32:41] [debug] link finish: villa-starfish
[32:41] [debug] link finish: village-cam
[32:41] [debug] link finish: village1cam
[32:41] [debug] link finish: warp-gate-switch
[32:41] [debug] link finish: warpgate
[32:41] [debug] link finish: water-anim-village1
[32:41] [debug] link finish: windmill-sail
[32:41] [debug] link finish: windspinner
[32:41] [debug] link finish: yakow
[32:41] [debug] [OVERLORD] FS_Close VI1     DGO @ 290/5616
Elapsed time for level =       0.0000s
NOTICE: loaded village1-vis, 7479408 bytes (7304.1093 K) at top 10712800
[32:41] [debug] link finish: village1-vis
[32:41] [info] InitListenerConnect
[32:41] [info] InitCheckListener
kernel: machine started
[32:41] [error] Controller with device id 1 is not avaiable via the GameController API
[32:41] [info] Found 3 controllers
[32:41] [warn] sceGsResetGraph: mode 0 inter 1 omode 2 fmode 1
[32:41] [debug] [OVERLORD] LoadISOFileToEE 0SUBTIT TXT, 262144/-1 bytes
[32:41] [debug] [OVERLORD] Queue 2 (1/4), LoadSingle
[32:41] [debug]   PRI 2 elt 0 LoadSingle @ #x18EAE0DED48
[32:41] [debug] [OVERLORD] FS Open 0SUBTIT TXT
[32:41] [debug] [OVERLORD] FS_Close 0SUBTIT TXT @ 1/120
[32:41] [debug] link finish: 0subtit.TXT
Kernel dispatch time: 174.871 ms
[00000000] vec4s
	x: 0.0000
	y: 0.0000
	z: 0.0000
	w: 0.0000
(play :use-vis 0 :init-game 0) has been called!
[32:41] [info] FBO Setup: requested 640x480, msaa 2
[32:41] [debug] [OVERLORD] LoadISOFileToEE 0COMMON TXT, 65536/-1 bytes
[32:41] [debug] [OVERLORD] Queue 2 (1/4), LoadSingle
[32:41] [debug]   PRI 2 elt 0 LoadSingle @ #x18EAE0DED48
[32:41] [info] FBO Setup: using second temporary buffer: res: 640x480
[32:41] [debug] [OVERLORD] FS Open 0COMMON TXT
[32:41] [debug] [OVERLORD] FS_Close 0COMMON TXT @ 0/48
[32:41] [debug] link finish: 0common.TXT
[32:41] [debug] [OVERLORD] LoadISOFileToEE 0COMMON TXT, 49152/-1 bytes
[32:41] [debug] [OVERLORD] Queue 2 (1/4), LoadSingle
[32:41] [debug]   PRI 2 elt 0 LoadSingle @ #x18EAE0DED48
[32:41] [debug] [OVERLORD] FS Open 0COMMON TXT
[32:41] [debug] [OVERLORD] FS_Close 0COMMON TXT @ 0/48
[32:41] [debug] link finish: 0common.TXT
Load music village1
Displaying level village1 [display]
Swapping in vi1 VIS [dumping #f]
GAMEPLAY: enter village1
[32:41] [debug] [OVERLORD] LoadISOFileToIOP VI1     VIS, 617696/-1 bytes
[32:41] [warn] Failed to find texture at 0, using random (direct: [ 3] sky-direct)
[32:41] [warn] [[ 4] ocean-mid-far] OpenGL warn 0x20092 S8246 T8250: Program/shader state performance warning: Vertex shader in program 6 is being recompiled based on GL state.
[32:41] [debug] [OVERLORD] Queue 2 (1/4), LoadSingle
[32:41] [debug]   PRI 2 elt 0 LoadSingle @ #x18EAD18DDB8
[32:41] [debug] [OVERLORD] FS Open VI1     VIS
Unload soundbank empty1
Adding level beach
-----------> begin load beach-vis [bea.DGO]
Starting level load clock
[32:41] [debug] [OVERLORD] Queue 0 (1/4), LoadDGO
[32:41] [debug]   PRI 0 elt 0 LoadDGO @ #x7FF722311B18
[32:41] [debug]   PRI 2 elt 0 LoadSingle @ #x18EAD18DDB8
[32:41] [warn] [[ 3] sky] OpenGL warn 0x20092 S8246 T8250: Program/shader state performance warning: Vertex shader in program 6 is being recompiled based on GL state.
[32:41] [debug] [OVERLORD] FS Open BEA     DGO
[32:41] [debug] [OVERLORD] FS_Close VI1     VIS @ 291/336
[32:41] [debug]   PRI 0 elt 0 LoadDGO @ #x7FF722311B18
[32:41] [info] [Overlord DGO] Got DGO file header for BEA.DGO with 50 objects
Load soundbank village1
GAMEPLAY: enter village1
[32:41] [debug] link finish: mistycannon
[32:41] [debug] link finish: babak-with-cannon
Kernel dispatch time: 54.266 ms
[32:41] [debug] link finish: air-h
[32:41] [debug] link finish: air
[32:41] [debug] link finish: wobbler
[32:41] [debug] link finish: twister
[32:41] [debug] link finish: beach-obs
[32:41] [debug] link finish: bird-lady
[32:42] [debug] link finish: bird-lady-beach
[32:42] [debug] link finish: mayor
[32:42] [debug] link finish: sculptor
[32:42] [debug] link finish: pelican
[32:42] [debug] link finish: lurkerworm
[32:42] [debug] link finish: lurkercrab
[32:42] [debug] link finish: lurkerpuppy
[32:42] [debug] link finish: beach-rocks
[32:42] [debug] link finish: seagull
[32:42] [debug] link finish: beach-part
[32:42] [debug] link finish: tpage-212
[32:42] [debug] link finish: tpage-214
[32:42] [debug] link finish: tpage-213
[32:42] [debug] link finish: tpage-215
[32:42] [debug] link finish: babak
[32:42] [debug] link finish: barrel
[32:42] [debug] link finish: beachcam
[32:42] [debug] link finish: bird-lady
[32:42] [debug] link finish: bird-lady-beach
[32:42] [debug] link finish: bladeassm
[32:43] [debug] link finish: ecovalve
[32:43] [debug] link finish: ecoventrock
[32:43] [debug] link finish: flutflut
[32:43] [debug] link finish: flutflutegg
[32:43] [debug] link finish: grottopole
[32:43] [debug] link finish: harvester
[32:43] [debug] link finish: kickrock
[32:43] [debug] link finish: lrocklrg
[32:43] [debug] link finish: lurkercrab
[32:43] [debug] link finish: lurkerpuppy
[32:43] [debug] link finish: lurkerworm
[32:43] [debug] link finish: mayor
[32:43] [debug] link finish: mistycannon
[32:43] [debug] link finish: orb-cache-top
[32:43] [debug] link finish: pelican
[32:43] [debug] link finish: sack
[32:43] [debug] link finish: sculptor
[32:43] [debug] link finish: sculptor-muse
[32:43] [debug] link finish: seagull
[32:43] [debug] link finish: sharkey
[32:43] [debug] link finish: windmill-one
[32:43] [debug] [OVERLORD] FS_Close BEA     DGO @ 55/5256
Elapsed time for level =       2.3000s
NOTICE: loaded beach-vis, 6378976 bytes (6229.4687 K) at top 9907728
[32:43] [debug] link finish: beach-vis
[32:43] [debug] [OVERLORD] LoadISOFileToIOP SAISD1  STR, 512/-1 bytes
[32:43] [debug] [OVERLORD] Queue 2 (1/4), LoadSingle
[32:43] [debug]   PRI 2 elt 0 LoadSingle @ #x18EAE0DED48
[32:43] [debug] [OVERLORD] FS Open SAISD1  STR
[32:43] [debug] [OVERLORD] FS_Close SAISD1  STR @ 246/48
[32:43] [debug] [OVERLORD] LoadISOFileChunkToEE SAISD1  STR : 145408 offset 1
[32:43] [debug] [OVERLORD] Queue 2 (1/4), LoadSingle
[32:43] [debug]   PRI 2 elt 0 LoadSingle @ #x18EAE0DED48
[32:43] [debug] [OVERLORD] FS Open SAISD1  STR
[32:43] [debug] [OVERLORD] FS_Close SAISD1  STR @ 246/97
[32:43] [debug] link finish: sage-intro-sequence-d1
[32:43] [debug] [OVERLORD] LoadISOFileToIOP ASIBESWISTR, 512/-1 bytes
[32:43] [debug] [OVERLORD] Queue 2 (1/4), LoadSingle
[32:43] [debug]   PRI 2 elt 0 LoadSingle @ #x18EAE0DED48
[32:43] [debug] [OVERLORD] FS Open ASIBESWISTR
[32:43] [debug] [OVERLORD] FS_Close ASIBESWISTR @ 48/48
[32:43] [debug] [OVERLORD] LoadISOFileChunkToEE ASIBESWISTR : 145408 offset 1
[32:43] [debug] [OVERLORD] Queue 2 (1/4), LoadSingle
[32:43] [debug]   PRI 2 elt 0 LoadSingle @ #x18EAE0DED48
[32:43] [debug] [OVERLORD] FS Open ASIBESWISTR
[32:43] [debug] [OVERLORD] FS_Close ASIBESWISTR @ 48/97
[32:43] [debug] link finish: assistant-introduction-blue-eco-switch
[32:43] [debug] [OVERLORD] LoadISOFileChunkToEE SAISD1  STR : 145408 offset 1
[32:43] [debug] [OVERLORD] Queue 2 (1/4), LoadSingle
[32:43] [debug]   PRI 2 elt 0 LoadSingle @ #x18EAE0DED48
[32:43] [debug] [OVERLORD] FS Open SAISD1  STR
[32:43] [debug] [OVERLORD] FS_Close SAISD1  STR @ 246/97
[32:43] [debug] link finish: sage-intro-sequence-d1
[32:43] [debug] [OVERLORD] Queue 3 (1/4), QueueVAG
[32:43] [debug]   PRI 3 elt 0 QueueVAG @ #x7FF722311C70
[32:43] [debug] [OVERLORD] FS_OpenWad VAGWAD  ENG
[32:43] [debug] [DECI2] Connected!
[32:54] [debug] link finish: *listener*
****** CALL TO kopen() ******
pc settings file write: "C:\Users\MikeG\AppData\Roaming\OpenGOAL\jak1\settings/pc-settings.gc"
Discarding level beach
[32:54] [debug] [OVERLORD] LoadISOFileChunkToEE ASIBESWISTR : 145408 offset 1
[32:54] [debug] [OVERLORD] Queue 2 (1/4), LoadSingle
[32:54] [debug]   PRI 2 elt 0 LoadSingle @ #x18EAE0DED48
[32:54] [debug]   PRI 3 elt 0 QueueVAG @ #x7FF722311C70
[32:54] [debug] [OVERLORD] FS Open ASIBESWISTR
[32:54] [debug] [OVERLORD] FS_Close VAGWAD  ENG @ 284/1097
[32:54] [debug]   PRI 2 elt 0 LoadSingle @ #x18EAE0DED48
[32:54] [debug] [OVERLORD] Queue 3 (1/4), QueueVAG
[32:54] [debug]   PRI 2 elt 0 LoadSingle @ #x18EAE0DED48
[32:54] [debug]   PRI 3 elt 0 QueueVAG @ #x7FF722311C70
[32:54] [debug] [OVERLORD] FS_OpenWad VAGWAD  ENG
[32:54] [debug] [OVERLORD] FS_Close ASIBESWISTR @ 48/97
[32:54] [debug]   PRI 3 elt 0 QueueVAG @ #x7FF722311C70
Adding level misty
[32:54] [debug] [OVERLORD] LoadISOFileToIOP FIBRTMISSTR, 512/-1 bytes
-----------> begin load misty-vis [mis.DGO]
Starting level load clock
[32:54] [debug] [OVERLORD] Queue 2 (1/4), LoadSingle
[32:54] [debug]   PRI 2 elt 0 LoadSingle @ #x18EAE0DED48
[32:54] [debug]   PRI 3 elt 0 QueueVAG @ #x7FF722311C70
[32:54] [debug] [OVERLORD] FS Open FIBRTMISSTR
[32:54] [debug] [OVERLORD] Queue 0 (1/4), LoadDGO
[32:54] [debug]   PRI 0 elt 0 LoadDGO @ #x7FF722311B18
[32:54] [debug]   PRI 2 elt 0 LoadSingle @ #x18EAE0DED48
[32:54] [debug]   PRI 3 elt 0 QueueVAG @ #x7FF722311C70
[32:54] [debug] [OVERLORD] FS Open MIS     DGO
[32:54] [debug] [OVERLORD] FS_Close FIBRTMISSTR @ 111/48
[32:54] [debug]   PRI 0 elt 0 LoadDGO @ #x7FF722311B18
[32:54] [debug]   PRI 3 elt 0 QueueVAG @ #x7FF722311C70
[32:54] [debug] [OVERLORD] LoadISOFileChunkToEE FIBRTMISSTR : 145408 offset 1
[32:54] [debug] [OVERLORD] Queue 2 (1/4), LoadSingle
[32:54] [debug]   PRI 0 elt 0 LoadDGO @ #x7FF722311B18
[32:54] [debug]   PRI 2 elt 0 LoadSingle @ #x18EAE0DED48
[32:54] [debug]   PRI 3 elt 0 QueueVAG @ #x7FF722311C70
[32:54] [debug] [OVERLORD] FS Open FIBRTMISSTR
[32:54] [info] [Overlord DGO] Got DGO file header for MIS.DGO with 59 objects
[32:54] [debug] [OVERLORD] FS_Close FIBRTMISSTR @ 111/97
[32:54] [debug]   PRI 0 elt 0 LoadDGO @ #x7FF722311B18
[32:54] [debug]   PRI 3 elt 0 QueueVAG @ #x7FF722311C70
[32:54] [debug] link finish: fishermans-boat-ride-to-misty
[32:54] [debug] link finish: *listener*
[32:54] [error] [FAKEISO] failed to find SAISB   STR

[32:54] [debug] link finish: target-racer-h
[32:54] [debug] [OVERLORD] LoadISOFileToIOP SAISA   STR, 512/-1 bytes
[32:54] [debug] [OVERLORD] Queue 2 (1/4), LoadSingle
[32:54] [debug]   PRI 0 elt 0 LoadDGO @ #x7FF722311B18
[32:54] [debug]   PRI 2 elt 0 LoadSingle @ #x18EAE0DED48
[32:54] [debug]   PRI 3 elt 0 QueueVAG @ #x7FF722311C70
[32:54] [debug] [OVERLORD] FS Open SAISA   STR
[32:54] [debug] [OVERLORD] FS_Close SAISA   STR @ 245/48
[32:54] [debug]   PRI 0 elt 0 LoadDGO @ #x7FF722311B18
[32:54] [debug]   PRI 3 elt 0 QueueVAG @ #x7FF722311C70
[32:54] [debug] [OVERLORD] LoadISOFileChunkToEE SAISA   STR : 92160 offset 1
[32:54] [debug] [OVERLORD] Queue 2 (1/4), LoadSingle
[32:54] [debug]   PRI 0 elt 0 LoadDGO @ #x7FF722311B18
[32:54] [debug]   PRI 2 elt 0 LoadSingle @ #x18EAE0DED48
[32:54] [debug]   PRI 3 elt 0 QueueVAG @ #x7FF722311C70
[32:54] [debug] [OVERLORD] FS Open SAISA   STR
[32:54] [debug] [OVERLORD] FS_Close SAISA   STR @ 245/73
[32:54] [debug]   PRI 0 elt 0 LoadDGO @ #x7FF722311B18
[32:54] [debug]   PRI 3 elt 0 QueueVAG @ #x7FF722311C70
[32:54] [debug] link finish: sage-intro-sequence-a
[32:54] [error] [FAKEISO] failed to find SAISB   STR

ERROR: "sage-intro-sequence-a+0" could not find a master slot to link for #<art-joint-anim sidekick-human-sage-intro-sequence-a :length 75 @ #x8d284>.
[32:54] [debug] [OVERLORD] FS_Close VAGWAD  ENG @ 284/30541
[32:54] [debug]   PRI 0 elt 0 LoadDGO @ #x7FF722311B18
[32:54] [debug] [OVERLORD] Queue 3 (1/4), PlayVag
[32:54] [debug]   PRI 0 elt 0 LoadDGO @ #x7FF722311B18
[32:54] [debug]   PRI 3 elt 0 PlayVag @ #x7FF722311C70
[32:54] [debug] [OVERLORD] FS_OpenWad VAGWAD  ENG
[32:54] [debug] link finish: racer-part
[32:54] [debug] [OVERLORD] LoadISOFileChunkToEE SAISA   STR : 96256 offset 46
[32:54] [debug] [OVERLORD] Queue 2 (1/4), LoadSingle
[32:54] [debug]   PRI 0 elt 0 LoadDGO @ #x7FF722311B18
[32:54] [debug]   PRI 2 elt 0 LoadSingle @ #x18EAE0DED48
[32:54] [debug]   PRI 3 elt 0 PlayVag @ #x7FF722311C70
[32:54] [debug] [OVERLORD] FS Open SAISA   STR
[32:54] [debug] [OVERLORD] FS_Close SAISA   STR @ 245/118
[32:54] [debug]   PRI 0 elt 0 LoadDGO @ #x7FF722311B18
[32:54] [debug]   PRI 3 elt 0 PlayVag @ #x7FF722311C70
[32:54] [debug] link finish: sage-intro-sequence-a
[32:54] [debug] link finish: racer
[32:54] [debug] link finish: target-racer
[32:54] [debug] link finish: racer-states
[32:54] [debug] link finish: collide-reaction-racer
[32:54] [debug] link finish: eichar-racer+0
[32:54] [debug] link finish: tpage-1119
[32:54] [debug] link finish: battlecontroller
[32:54] [debug] link finish: mistycannon
[32:55] [debug] link finish: babak-with-cannon
[32:55] [debug] link finish: blocking-plane
[32:55] [debug] link finish: misty-obs
[32:55] [warn] [[ 3] sky] OpenGL warn 0x20092 S8246 T8250: Program/shader state performance warning: Vertex shader in program 9 is being recompiled based on GL state.
[32:55] [debug] link finish: misty-warehouse
[32:55] [debug] link finish: misty-conveyor
[32:55] [debug] link finish: mud
[32:55] [debug] link finish: muse
[32:55] [debug] link finish: bonelurker
[32:55] [debug] link finish: quicksandlurker
[32:55] [debug] link finish: misty-teetertotter
[32:55] [debug] link finish: balloonlurker
[32:55] [debug] link finish: misty-part
[32:56] [debug] link finish: sidekick-human
[32:56] [debug] link finish: tpage-516
[32:56] [debug] link finish: tpage-521
[32:56] [debug] link finish: tpage-518
[32:56] [debug] link finish: tpage-520
[32:56] [debug] link finish: babak
[32:56] [debug] link finish: balloonlurker
[32:56] [debug] link finish: boatpaddle
[32:56] [debug] link finish: bonelurker
[32:56] [debug] link finish: breakaway-left
[32:56] [debug] link finish: breakaway-mid
[32:56] [debug] link finish: breakaway-right
[32:56] [debug] link finish: darkecocan
[32:56] [debug] link finish: ef-plane
[32:56] [debug] link finish: keg
[32:56] [debug] link finish: keg-conveyor
[32:56] [debug] link finish: keg-conveyor-paddle
[32:56] [debug] link finish: mis-bone-bridge
[32:56] [debug] link finish: mis-bone-platform
[32:56] [debug] link finish: mistycam
[32:56] [debug] link finish: mistycannon
[32:56] [debug] link finish: muse
[32:56] [debug] link finish: orb-cache-top
[32:56] [debug] link finish: plat-eco
[32:56] [debug] link finish: quicksandlurker
[32:56] [debug] link finish: racer
[32:56] [debug] link finish: ropebridge-36
[32:56] [debug] link finish: rounddoor
[32:56] [debug] link finish: sack
[32:56] [debug] link finish: sharkey
[32:56] [debug] link finish: sidekick-human
[32:56] [debug] link finish: silostep
[32:56] [debug] link finish: teetertotter
[32:56] [debug] link finish: water-anim-misty
[32:56] [debug] link finish: wheel
[32:56] [debug] link finish: windturbine
[32:56] [debug] [OVERLORD] FS_Close MIS     DGO @ 198/5640
[32:56] [debug]   PRI 3 elt 0 PlayVag @ #x7FF722311C70
Elapsed time for level =       2.6166s
NOTICE: loaded misty-vis, 6910880 bytes (6748.9062 K) at top 10676688
[32:56] [debug] link finish: misty-vis
got sidekick-human
ERROR: "sage-intro-sequence-a+0" could not find a master slot to unlink for #<art-joint-anim sidekick-human-sage-intro-sequence-a :length 75 @ #x8d284>.
Displaying level misty [display]
[32:57] [debug] [OVERLORD] LoadISOFileChunkToEE SAISD1  STR : 145408 offset 1
[32:57] [debug] [OVERLORD] FS_Close VAGWAD  ENG @ 284/36861
[32:57] [debug] [OVERLORD] Queue 2 (1/4), LoadSingle
[32:57] [debug]   PRI 2 elt 0 LoadSingle @ #x18EAE0DED48
[32:57] [debug] [OVERLORD] FS Open SAISD1  STR
[32:57] [debug] [OVERLORD] FS_Close SAISD1  STR @ 246/97
Unload soundbank empty2
Discarding level misty
----------- kill #<level active misty @ #x4f0034> (status active)
Adding level training
-----------> begin load training-vis [tra.DGO]
Starting level load clock
[32:57] [debug] [OVERLORD] LoadISOFileToIOP SAISE   STR, 512/-1 bytes
Setting level village1 display command to special
[32:57] [debug] [OVERLORD] Queue 2 (1/4), LoadSingle
[32:57] [debug]   PRI 2 elt 0 LoadSingle @ #x18EAE0DED48
[32:57] [debug] [OVERLORD] FS Open SAISE   STR
[32:57] [debug] [OVERLORD] Queue 0 (1/4), LoadDGO
[32:57] [debug]   PRI 0 elt 0 LoadDGO @ #x7FF722311B18
[32:57] [debug]   PRI 2 elt 0 LoadSingle @ #x18EAE0DED48
[32:57] [debug] [OVERLORD] FS Open TRA     DGO
[32:57] [debug] [OVERLORD] FS_Close SAISE   STR @ 248/48
[32:57] [debug]   PRI 0 elt 0 LoadDGO @ #x7FF722311B18
[32:57] [debug] [OVERLORD] LoadISOFileChunkToEE SAISE   STR : 112640 offset 1
[32:57] [debug] [OVERLORD] Queue 2 (1/4), LoadSingle
[32:57] [debug]   PRI 0 elt 0 LoadDGO @ #x7FF722311B18
[32:57] [debug]   PRI 2 elt 0 LoadSingle @ #x18EAE0DED48
[32:57] [debug] [OVERLORD] FS Open SAISE   STR
[32:57] [info] [Overlord DGO] Got DGO file header for TRA.DGO with 19 objects
[32:57] [debug] [OVERLORD] FS_Close SAISE   STR @ 248/97
[32:57] [debug]   PRI 0 elt 0 LoadDGO @ #x7FF722311B18
[32:57] [debug] link finish: training-obs
[32:57] [debug] link finish: training-part
[32:57] [debug] link finish: tpage-1309
[32:57] [debug] link finish: tpage-1311
[32:57] [debug] link finish: tpage-1310
[32:57] [debug] link finish: tpage-1308
[32:57] [debug] link finish: tpage-775
[32:57] [debug] link finish: ecovalve
[32:57] [debug] link finish: jng-iris-door
[32:57] [debug] link finish: plat-eco
[32:57] [debug] link finish: pontoonfive
[32:58] [debug] link finish: scarecrow-a
[32:58] [debug] link finish: scarecrow-b
[32:58] [debug] link finish: sharkey
[32:58] [debug] link finish: trainingcam
[32:58] [debug] link finish: warp-gate-switch
[32:58] [debug] link finish: warpgate
[32:58] [debug] link finish: water-anim-training
[32:58] [debug] [OVERLORD] FS_Close TRA     DGO @ 278/3360
Elapsed time for level =       0.6166s
NOTICE: loaded training-vis, 4547952 bytes (4441.3593 K) at top 6171296
[32:58] [debug] link finish: training-vis
Displaying level training [display]
Load soundbank training
[32:58] [debug] [OVERLORD] LoadISOFileChunkToEE FIBRTMISSTR : 145408 offset 1
[32:58] [debug] [OVERLORD] Queue 2 (1/4), LoadSingle
[32:58] [debug]   PRI 2 elt 0 LoadSingle @ #x18EAE0DED48
[32:58] [debug] [OVERLORD] FS Open FIBRTMISSTR
[32:58] [debug] [OVERLORD] FS_Close FIBRTMISSTR @ 111/97
[32:58] [debug] link finish: fishermans-boat-ride-to-misty
[32:58] [debug] [OVERLORD] LoadISOFileChunkToEE ASIBESWISTR : 145408 offset 1
[32:58] [debug] [OVERLORD] Queue 2 (1/4), LoadSingle
[32:58] [debug]   PRI 2 elt 0 LoadSingle @ #x18EAE0DED48
[32:58] [debug] [OVERLORD] FS Open ASIBESWISTR
[32:58] [debug] [OVERLORD] FS_Close ASIBESWISTR @ 48/97
[32:58] [debug] link finish: assistant-introduction-blue-eco-switch
Swapping in tra VIS [dumping vi1]
[32:58] [debug] [OVERLORD] LoadISOFileToIOP TRA     VIS, 215152/-1 bytes
[32:58] [debug] [OVERLORD] Queue 2 (1/4), LoadSingle
[32:58] [debug]   PRI 2 elt 0 LoadSingle @ #x18EAD18DDB8
[32:58] [debug] [OVERLORD] FS Open TRA     VIS
[32:58] [debug] [OVERLORD] FS_Close TRA     VIS @ 279/144
[32:58] [debug] [OVERLORD] LoadISOFileToIOP FUCV7   STR, 512/-1 bytes
[32:58] [debug] [OVERLORD] Queue 2 (1/4), LoadSingle
[32:58] [debug]   PRI 2 elt 0 LoadSingle @ #x18EAE0DED48
[32:58] [debug] [OVERLORD] FS Open FUCV7   STR
[32:58] [debug] [OVERLORD] FS_Close FUCV7   STR @ 135/48
[32:58] [debug] [OVERLORD] LoadISOFileChunkToEE FUCV7   STR : 145408 offset 1
[32:58] [debug] [OVERLORD] Queue 2 (1/4), LoadSingle
[32:58] [debug]   PRI 2 elt 0 LoadSingle @ #x18EAE0DED48
[32:58] [debug] [OVERLORD] FS Open FUCV7   STR
[32:58] [debug] [OVERLORD] FS_Close FUCV7   STR @ 135/97
[32:58] [debug] link finish: fuel-cell-victory-7
[32:58] [debug] [OVERLORD] LoadISOFileToIOP FUCV3   STR, 512/-1 bytes
[32:58] [debug] [OVERLORD] Queue 2 (1/4), LoadSingle
[32:58] [debug]   PRI 2 elt 0 LoadSingle @ #x18EAE0DED48
[32:58] [debug] [OVERLORD] FS Open FUCV3   STR
[32:58] [debug] [OVERLORD] FS_Close FUCV3   STR @ 131/48
[32:58] [debug] [OVERLORD] LoadISOFileChunkToEE FUCV3   STR : 167936 offset 1
[32:58] [debug] [OVERLORD] Queue 2 (1/4), LoadSingle
[32:58] [debug]   PRI 2 elt 0 LoadSingle @ #x18EAE0DED48
[32:58] [debug] [OVERLORD] FS Open FUCV3   STR
[32:58] [debug] [OVERLORD] FS_Close FUCV3   STR @ 131/121
[32:58] [debug] link finish: fuel-cell-victory-3
[32:58] [debug] [OVERLORD] LoadISOFileChunkToEE FUCV7   STR : 145408 offset 1
[32:58] [debug] [OVERLORD] Queue 2 (1/4), LoadSingle
[32:58] [debug]   PRI 2 elt 0 LoadSingle @ #x18EAE0DED48
[32:58] [debug] [OVERLORD] FS Open FUCV7   STR
[32:58] [debug] [OVERLORD] FS_Close FUCV7   STR @ 135/97
[32:58] [debug] link finish: fuel-cell-victory-7
[32:58] [debug] [OVERLORD] Queue 3 (1/4), QueueVAG
[32:58] [debug]   PRI 3 elt 0 QueueVAG @ #x7FF722311C70
[32:58] [debug] [OVERLORD] FS_OpenWad VAGWAD  ENG
Kernel dispatch time: 74.110 ms
[33:01] [debug] [OVERLORD] FS_Close VAGWAD  ENG @ 284/20529
[33:01] [debug] [OVERLORD] Queue 3 (1/4), PlayVag
[33:01] [debug]   PRI 3 elt 0 PlayVag @ #x7FF722311C70
[33:01] [debug] [OVERLORD] FS_OpenWad VAGWAD  ENG
[33:05] [warn] [[26] l1-shrub] OpenGL warn 0x20092 S8246 T8250: Program/shader state performance warning: Vertex shader in program 42 is being recompiled based on GL state.
[33:05] [debug] [OVERLORD] LoadISOFileChunkToEE FUCV3   STR : 167936 offset 1
[33:05] [debug] [OVERLORD] Queue 2 (1/4), LoadSingle
[33:05] [debug]   PRI 2 elt 0 LoadSingle @ #x18EAE0DED48
[33:05] [debug]   PRI 3 elt 0 PlayVag @ #x7FF722311C70
[33:05] [debug] [OVERLORD] FS Open FUCV3   STR
[33:05] [debug] [OVERLORD] FS_Close FUCV3   STR @ 131/121
[33:05] [debug]   PRI 3 elt 0 PlayVag @ #x7FF722311C70
[33:05] [debug] link finish: fuel-cell-victory-3
[33:05] [debug] [OVERLORD] LoadISOFileChunkToEE FUCV7   STR : 145408 offset 1
[33:05] [debug] [OVERLORD] Queue 2 (1/4), LoadSingle
[33:05] [debug]   PRI 2 elt 0 LoadSingle @ #x18EAE0DED48
[33:05] [debug]   PRI 3 elt 0 PlayVag @ #x7FF722311C70
[33:05] [debug] [OVERLORD] FS Open FUCV7   STR
[33:05] [debug] [OVERLORD] FS_Close FUCV7   STR @ 135/97
[33:05] [debug]   PRI 3 elt 0 PlayVag @ #x7FF722311C70
[33:05] [debug] link finish: fuel-cell-victory-7
[33:06] [debug] [OVERLORD] FS_Close VAGWAD  ENG @ 284/62730
[33:06] [debug] [OVERLORD] Queue 3 (1/4), QueueVAG
[33:06] [debug]   PRI 3 elt 0 QueueVAG @ #x7FF722311C70
[33:06] [debug] [OVERLORD] FS_OpenWad VAGWAD  ENG
[33:06] [debug] [OVERLORD] FS_Close VAGWAD  ENG @ 284/20529
[33:06] [debug] [OVERLORD] Queue 3 (1/4), PlayVag
[33:06] [debug]   PRI 3 elt 0 PlayVag @ #x7FF722311C70
[33:06] [debug] [OVERLORD] FS_OpenWad VAGWAD  ENG
