[47:52] [info] OpenGOAL Runtime 1.0
[47:52] [info] GFX Init
[47:52] [info] Loading debug settings at C:\Users\MikeG\AppData\Roaming\OpenGOAL\jak1\misc\debug-settings.json
[47:52] [info] SDL Initialized, compiled with version - 2.30.0 | linked with version - 2.30.0
[47:52] [info] gl init took 0.005s

[47:52] [info] OpenGL context version: 4.3.0 NVIDIA 560.94
[47:52] [info] OpenGL context renderer: NVIDIA GeForce RTX 4070 SUPER/PCIe/SSE2
[47:52] [info] OpenGL context vendor: NVIDIA Corporation
[47:52] [info] OpenGL context shading language version: 4.30 NVIDIA via Cg compiler
[47:52] [info] OpenGL initialized - v4.3 | Renderer: 4.3.0 NVIDIA 560.94
[47:52] [info] [DISPLAY] Updating current display info
[47:52] [info] [DISPLAY] current display id is 0
[47:52] [info] [DISPLAY] Enumerating video modes
[47:52] [info] [DISPLAY]: Found monitor S39C, currently set to 1920x1080@60hz. Format: 370546692, Orientation: 0
[47:52] [info] [DISPLAY]: Found monitor MStar Demo, currently set to 1366x768@59hz. Format: 370546692, Orientation: 0
[47:52] [info] [DISPLAY] Enumerating resolutions
[47:52] [debug] [DISPLAY]: Skipping 1920x1080 as it requires 75hz but the monitor is currently set to 60hz
[47:52] [info] [DISPLAY]: 1920x1080 is supported
[47:52] [debug] [DISPLAY]: Skipping 1920x1080 as it requires 59hz but the monitor is currently set to 60hz
[47:52] [debug] [DISPLAY]: Skipping 1920x1080 as it requires 50hz but the monitor is currently set to 60hz
[47:52] [info] [DISPLAY]: 1680x1050 is supported
[47:52] [debug] [DISPLAY]: Skipping 1680x1050 as it requires 59hz but the monitor is currently set to 60hz
[47:52] [info] [DISPLAY]: 1600x1024 is supported
[47:52] [debug] [DISPLAY]: Skipping 1600x1024 as it requires 59hz but the monitor is currently set to 60hz
[47:52] [info] [DISPLAY]: 1600x900 is supported
[47:52] [debug] [DISPLAY]: Skipping 1440x1080 as it requires 75hz but the monitor is currently set to 60hz
[47:52] [info] [DISPLAY]: 1440x1080 is supported
[47:52] [debug] [DISPLAY]: Skipping 1440x1080 as it requires 59hz but the monitor is currently set to 60hz
[47:52] [debug] [DISPLAY]: Skipping 1440x1080 as it requires 50hz but the monitor is currently set to 60hz
[47:52] [info] [DISPLAY]: 1440x900 is supported
[47:52] [info] [DISPLAY]: 1366x768 is supported
[47:52] [info] [DISPLAY]: 1360x768 is supported
[47:52] [debug] [DISPLAY]: Skipping 1280x1024 as it requires 75hz but the monitor is currently set to 60hz
[47:52] [info] [DISPLAY]: 1280x1024 is supported
[47:52] [debug] [DISPLAY]: Skipping 1280x960 as it requires 75hz but the monitor is currently set to 60hz
[47:52] [info] [DISPLAY]: 1280x960 is supported
[47:52] [info] [DISPLAY]: 1280x800 is supported
[47:52] [info] [DISPLAY]: 1280x768 is supported
[47:52] [info] [DISPLAY]: 1280x720 is supported
[47:52] [debug] [DISPLAY]: Skipping 1280x720 as it requires 59hz but the monitor is currently set to 60hz
[47:52] [debug] [DISPLAY]: Skipping 1280x720 as it requires 50hz but the monitor is currently set to 60hz
[47:52] [info] [DISPLAY]: 1176x664 is supported
[47:52] [debug] [DISPLAY]: Skipping 1176x664 as it requires 59hz but the monitor is currently set to 60hz
[47:52] [debug] [DISPLAY]: Skipping 1176x664 as it requires 50hz but the monitor is currently set to 60hz
[47:52] [debug] [DISPLAY]: Skipping 1152x864 as it requires 75hz but the monitor is currently set to 60hz
[47:52] [debug] [DISPLAY]: Skipping 1024x768 as it requires 75hz but the monitor is currently set to 60hz
[47:52] [debug] [DISPLAY]: Skipping 1024x768 as it requires 70hz but the monitor is currently set to 60hz
[47:52] [info] [DISPLAY]: 1024x768 is supported
[47:52] [debug] [DISPLAY]: Skipping 800x600 as it requires 75hz but the monitor is currently set to 60hz
[47:52] [debug] [DISPLAY]: Skipping 800x600 as it requires 72hz but the monitor is currently set to 60hz
[47:52] [info] [DISPLAY]: 800x600 is supported
[47:52] [debug] [DISPLAY]: Skipping 800x600 as it requires 56hz but the monitor is currently set to 60hz
[47:52] [debug] [DISPLAY]: Skipping 720x576 as it requires 50hz but the monitor is currently set to 60hz
[47:52] [info] [DISPLAY]: 720x480 is supported
[47:52] [debug] [DISPLAY]: Skipping 720x480 as it requires 59hz but the monitor is currently set to 60hz
[47:52] [debug] [DISPLAY]: Skipping 640x480 as it requires 75hz but the monitor is currently set to 60hz
[47:52] [debug] [DISPLAY]: Skipping 640x480 as it requires 72hz but the monitor is currently set to 60hz
[47:52] [info] [DISPLAY]: 640x480 is supported
[47:52] [info] Loading display settings at C:\Users\MikeG\AppData\Roaming\OpenGOAL\jak1\settings\display-settings.json
[47:52] [info] [DISPLAY] Setting to display mode: 0
[47:52] [info] [DISPLAY] windowed mode - resizing window to 640x480
[47:52] [info] Loading input settings at C:\Users\MikeG\AppData\Roaming\OpenGOAL\jak1\settings\input-settings.json
[47:52] [error] Controller with device id 1 is not avaiable via the GameController API
[47:53] [info] Found 3 controllers
[47:53] [debug] # Initialize IOP...
[47:53] [debug] [IOP] Restart!
[47:53] [debug] # IOP initialized
[47:53] [debug] [IOP] Wait for OVERLORD to start...
[47:53] [debug] # Initialize DMP...
[47:53] [debug] # DMP initialized
[47:53] [debug] [DECI2] Waiting for EE to register protos
[47:53] [debug] # Initialize EE-Worker...
[47:53] [debug] # EE-Worker initialized
[47:53] [debug] # Initialize EE...
[47:53] [debug] Main memory mapped at 0x000001b20a530000
[47:53] [debug] Main memory size 0x8000000 bytes (128.000 MB)
[47:53] [debug] [EE] Initialization complete!
[47:53] [debug] # EE initialized
[47:53] [debug] [EE] Run!
[47:53] [info] GFX Loop
[47:53] [info] Controller added or removed. refreshing controller device list
dkernel: boot mode
dkernel: fakeiso mode
dkernel: debug mode
[47:53] [info] gkernel: global heap 0x0013fd20 to 0x03eb82e0 (size 61.470 MB)
[47:53] [info] gkernel: debug heap 0x05000000 to 0x07ff0000 (size 47.938 MB, gap 17.281 MB)
[47:53] [debug] Rebooting IOP...
[47:53] [debug] Initializing CD library...
[47:53] [debug] [IOP] Run!
[47:53] [error] Controller with device id 1 is not avaiable via the GameController API
[47:53] [debug] [OVERLORD] LoadISOFileToIOP VAGDIR  AYB, 10420/-1 bytes
[47:53] [debug] [OVERLORD] Queue 2 (1/4), LoadSingle
[47:53] [debug]   PRI 2 elt 0 LoadSingle @ #x1B21283DD98
[47:53] [debug] [OVERLORD] FS Open VAGDIR  AYB
[47:53] [debug] [OVERLORD] FS_Close VAGDIR  AYB @ 283/48
[47:53] [error] [FAKEISO] failed to find SCREEN1 USA

[47:53] [info] InitIOP OK
[47:53] [info] [DECI2] Add new protocol driver 1 for 0xe042
gproto: proto open at socket 1
[47:53] [info] InitSound
[47:53] [info] InitRPC
kernel: RPC port #0 started [DEB1]
kernel: RPC port #1 started [DEB2]
kernel: RPC port #2 started [DEB3]
kernel: RPC port #3 started [DEB4]
kernel: RPC port #4 started [DEB5]
kernel: RPC port #5 started [DEB6]
[47:53] [info] Initialized GOAL heap in 0.026 ms
[47:53] [debug] [Load and Link DGO From C] kernel
[47:53] [debug] [Begin Loading DGO RPC] KERNEL.CGO, 0x36b82c0, 0x3ab82c0, 0x182e40
[47:53] [debug] [OVERLORD] Queue 0 (1/4), LoadDGO
[47:53] [debug]   PRI 0 elt 0 LoadDGO @ #x7FF722311B18
[47:53] [debug] [OVERLORD] FS Open KERNEL  CGO
[47:53] [debug] [XSocketServer:8112] initialized
[47:53] [info] [Deci2Server:8112] awaiting connections
[47:53] [info] [Overlord DGO] Got DGO file header for KERNEL.CGO with 8 objects
[47:53] [debug] [DECI2] Waiting for listener...
[47:53] [debug] [link and exec] gcommon            0  20748 heap-use   274666  3145728: 0x182e0a
[47:53] [debug] link finish: gcommon
[47:53] [debug] [link and exec] gstring-h          0     95 heap-use   289456  3146442: 0x1867d0
[47:53] [debug] link finish: gstring-h
[47:53] [debug] [link and exec] gkernel-h          0  14758 heap-use   289456  3146442: 0x1867d0
[47:53] [debug] link finish: gkernel-h
[47:53] [debug] [link and exec] gkernel            0  34664 heap-use   290992  3155612: 0x186dd0
[47:53] [debug] link finish: gkernel
[47:53] [debug] [link and exec] pskernel           0   5226 heap-use  3659344  4215624: 0x4bd370
[47:53] [debug] link finish: pskernel
[47:53] [debug] [link and exec] gstring            0  11883 heap-use  3661712  4216655: 0x4bdcb0
[47:53] [debug] link finish: gstring
[47:53] [debug] [link and exec] dgo-h              0   1226 heap-use  3704825  4216655: 0x4c8519
[47:53] [debug] link finish: dgo-h
[47:53] [debug] [OVERLORD] FS_Close KERNEL  CGO @ 171/72
[47:53] [debug] [link and exec] gstate             1   2714 heap-use  3705024  4217227: 0x4c85e0
[47:53] [debug] link finish: gstate
[47:53] [info] Got correct kernel version 2.0, loaded in 4.2 ms
[47:53] [debug] [Load and Link DGO From C] game
[47:53] [debug] [Begin Loading DGO RPC] GAME.CGO, 0x36b82c0, 0x3ab82c0, 0x4cce80
[47:53] [debug] [OVERLORD] Queue 0 (1/4), LoadDGO
[47:53] [debug]   PRI 0 elt 0 LoadDGO @ #x7FF722311B18
[47:53] [debug] [OVERLORD] FS Open GAME    CGO
[47:53] [info] [Overlord DGO] Got DGO file header for GAME.CGO with 346 objects
[47:53] [debug] [link and exec] types-h            0    717 heap-use  3723584  4217227: 0x4cce60
[47:53] [debug] link finish: types-h
[47:53] [debug] [link and exec] vu1-macros         0   3923 heap-use  3723760  4217411: 0x4ccf10
[47:53] [debug] link finish: vu1-macros
[47:53] [debug] [link and exec] math               0   4276 heap-use  3724384  4219745: 0x4cd180
[47:53] [debug] link finish: math
[47:53] [debug] [link and exec] vector-h           0  23570 heap-use  3726760  4220309: 0x4cdac8
[47:53] [debug] link finish: vector-h
[47:53] [debug] [link and exec] gravity-h          0     95 heap-use  3731968  4232002: 0x4cef20
[47:53] [debug] link finish: gravity-h
[47:53] [debug] [link and exec] bounding-box-h     0   1572 heap-use  3731968  4232002: 0x4cef20
[47:53] [debug] link finish: bounding-box-h
[47:53] [debug] [link and exec] matrix-h           0   1888 heap-use  3732288  4232716: 0x4cf060
[47:53] [debug] link finish: matrix-h
[47:53] [debug] [link and exec] quaternion-h       0   1165 heap-use  3732640  4233579: 0x4cf1c0
[47:53] [debug] link finish: quaternion-h
[47:53] [debug] [link and exec] euler-h            0   1206 heap-use  3732784  4234161: 0x4cf250
[47:53] [debug] link finish: euler-h
[47:53] [debug] [link and exec] transform-h        0   1240 heap-use  3732976  4234689: 0x4cf310
[47:53] [debug] link finish: transform-h
[47:53] [debug] [link and exec] geometry-h         0   1602 heap-use  3733152  4235294: 0x4cf3c0
[47:53] [debug] link finish: geometry-h
[47:53] [debug] [link and exec] trigonometry-h     0     95 heap-use  3733328  4236159: 0x4cf470
[47:53] [debug] link finish: trigonometry-h
[47:53] [debug] [link and exec] transformq-h       0   3363 heap-use  3733328  4236159: 0x4cf470
[47:53] [debug] link finish: transformq-h
[47:53] [debug] [link and exec] bounding-box       0   2055 heap-use  3733984  4237937: 0x4cf700
[47:53] [debug] link finish: bounding-box
[47:53] [debug] [link and exec] matrix             0  22961 heap-use  3735323  4237937: 0x4cfc3b
[47:53] [debug] link finish: matrix
[47:53] [debug] [link and exec] transform          0   2480 heap-use  3755008  4237937: 0x4d4920
[47:53] [debug] link finish: transform
[47:53] [debug] [link and exec] quaternion         0  17860 heap-use  3756681  4237937: 0x4d4fa9
[47:53] [debug] link finish: quaternion
[47:53] [debug] [link and exec] euler              0   4664 heap-use  3769949  4238333: 0x4d837d
[47:53] [debug] link finish: euler
[47:53] [debug] [link and exec] geometry           0  26228 heap-use  3773793  4238333: 0x4d9281
[47:53] [debug] link finish: geometry
[47:53] [debug] [link and exec] trigonometry       0  15141 heap-use  3794817  4238333: 0x4de4a1
[47:53] [debug] link finish: trigonometry
[47:53] [debug] [link and exec] gsound-h           0  30036 heap-use  3805904  4238419: 0x4e0ff0
[47:53] [debug] link finish: gsound-h
[47:53] [debug] [link and exec] timer-h            0   4687 heap-use  3809616  4256514: 0x4e1e70
[47:53] [debug] link finish: timer-h
[47:53] [debug] [link and exec] timer              0   2271 heap-use  3810384  4259102: 0x4e2170
[47:53] [debug] link finish: timer
[47:53] [debug] [link and exec] vif-h              0   5275 heap-use  3811988  4259102: 0x4e27b4
[47:53] [debug] link finish: vif-h
[47:53] [debug] [link and exec] dma-h              0  15222 heap-use  3812368  4262611: 0x4e2930
[47:53] [debug] link finish: dma-h
[47:53] [debug] [link and exec] video-h            0   2131 heap-use  3815152  4271010: 0x4e3410
[47:53] [debug] link finish: video-h
[47:53] [debug] [link and exec] vu1-user-h         0   2832 heap-use  3815360  4272300: 0x4e34e0
[47:53] [debug] link finish: vu1-user-h
[47:53] [debug] [link and exec] dma                0   4367 heap-use  3815840  4273782: 0x4e36c0
[47:53] [debug] link finish: dma
[47:53] [debug] [link and exec] dma-buffer         0   4254 heap-use  3819128  4273782: 0x4e4398
[47:53] [debug] link finish: dma-buffer
[47:53] [debug] [link and exec] dma-bucket         0    588 heap-use  3820432  4275346: 0x4e48b0
[47:53] [debug] link finish: dma-bucket
[47:53] [debug] [link and exec] dma-disasm         0  15931 heap-use  3820817  4275346: 0x4e4a31
[47:53] [debug] link finish: dma-disasm
[47:53] [debug] [link and exec] pc-cheats          0     95 heap-use  3821144  4288061: 0x4e4b78
[47:53] [debug] link finish: pc-cheats
[47:53] [debug] [link and exec] pckernel-h         0  15162 heap-use  3821144  4288061: 0x4e4b78
[47:53] [debug] link finish: pckernel-h
[47:53] [debug] [link and exec] pckernel-impl      0  13780 heap-use  3827808  4295828: 0x4e6580
[47:53] [debug] link finish: pckernel-impl
[47:53] [debug] [link and exec] pc-debug-common    0    148 heap-use  3829200  4304990: 0x4e6af0
[47:53] [debug] link finish: pc-debug-common
[47:53] [debug] [link and exec] pc-debug-methods   0  11767 heap-use  3829200  4304990: 0x4e6af0
[47:53] [debug] link finish: pc-debug-methods
[47:53] [debug] [link and exec] pad                0  10434 heap-use  3829491  4314164: 0x4e6c13
[47:53] [debug] link finish: pad
[47:53] [debug] [link and exec] gs                 0  43764 heap-use  3835276  4317404: 0x4e82ac
[47:53] [debug] link finish: gs
[47:53] [debug] [link and exec] display-h          0   9709 heap-use  3844976  4341852: 0x4ea890
[47:53] [debug] link finish: display-h
[47:53] [debug] [link and exec] vector             0  16273 heap-use  3846560  4347458: 0x4eaec0
[47:53] [debug] link finish: vector
[47:53] [debug] [link and exec] file-io            0   4610 heap-use  3858624  4347458: 0x4edde0
[47:53] [debug] link finish: file-io
[47:53] [debug] [link and exec] loader-h           0   6562 heap-use  3860905  4348366: 0x4ee6c9
[47:53] [debug] link finish: loader-h
[47:53] [debug] [link and exec] texture-h          0  11229 heap-use  3862304  4351688: 0x4eec40
[47:53] [debug] link finish: texture-h
[47:53] [debug] [link and exec] level-h            0  20335 heap-use  3864240  4357915: 0x4ef3d0
[47:53] [debug] link finish: level-h
[47:53] [debug] [link and exec] math-camera-h      0   7840 heap-use  3873312  4365844: 0x4f1740
[47:53] [debug] link finish: math-camera-h
[47:53] [debug] [link and exec] math-camera        0  17034 heap-use  3873600  4371494: 0x4f1860
[47:53] [debug] link finish: math-camera
[47:53] [debug] [link and exec] font-h             0  11677 heap-use  3887140  4371738: 0x4f4d44
[47:53] [debug] link finish: font-h
[47:53] [debug] [link and exec] decomp-h           0    870 heap-use  3891552  4376399: 0x4f5e80
[47:53] [debug] link finish: decomp-h
[47:53] [debug] [link and exec] display            0  12932 heap-use  3891648  4376822: 0x4f5ee0
[47:53] [debug] link finish: display
[47:53] [debug] [link and exec] connect            0  10470 heap-use 20294292 37997204: 0x149a7b4
[47:53] [debug] link finish: connect
[47:53] [debug] [link and exec] text-h             0  64560 heap-use 20299280 37999163: 0x149bb30
[47:53] [debug] link finish: text-h
[47:53] [debug] [link and exec] settings-h         0   5926 heap-use 20348896 38048578: 0x14a7d00
[47:53] [debug] link finish: settings-h
[47:53] [debug] [link and exec] knuth-rand         0   1924 heap-use 20349312 38052469: 0x14a7ea0
[47:53] [debug] link finish: knuth-rand
[47:53] [debug] [link and exec] capture            0   3807 heap-use 20350336 38052629: 0x14a82a0
[47:53] [debug] link finish: capture
[47:53] [debug] [link and exec] memory-usage-h     0   1604 heap-use 20350528 38055239: 0x14a8360
[47:53] [debug] link finish: memory-usage-h
[47:53] [debug] [link and exec] texture            0  39692 heap-use 20350832 38059408: 0x14a8490
[47:53] [debug] link finish: texture
[47:53] [debug] [link and exec] main-h             0   5265 heap-use 20385856 38061342: 0x14b0d60
[47:53] [debug] link finish: main-h
[47:53] [debug] [link and exec] mspace-h           0   4675 heap-use 20389520 38061798: 0x14b1bb0
[47:53] [debug] link finish: mspace-h
[47:53] [debug] [link and exec] drawable-h         0   1105 heap-use 20390192 38064331: 0x14b1e50
[47:53] [debug] link finish: drawable-h
[47:53] [debug] [link and exec] drawable-group-h   0    828 heap-use 20390448 38064837: 0x14b1f50
[47:53] [debug] link finish: drawable-group-h
[47:53] [debug] [link and exec] drawable-inline-array-h 0    693 heap-use 20390608 38065211: 0x14b1ff0
[47:53] [debug] link finish: drawable-inline-array-h
[47:53] [debug] [link and exec] draw-node-h        0   2171 heap-use 20390736 38065495: 0x14b2070
[47:53] [debug] link finish: draw-node-h
[47:53] [debug] [link and exec] drawable-tree-h    0   1507 heap-use 20391104 38066653: 0x14b21e0
[47:53] [debug] link finish: drawable-tree-h
[47:53] [debug] [link and exec] drawable-actor-h   0   2161 heap-use 20391360 38067452: 0x14b22e0
[47:53] [debug] link finish: drawable-actor-h
[47:53] [debug] [link and exec] drawable-ambient-h 0   3768 heap-use 20391776 38068538: 0x14b2480
[47:53] [debug] link finish: drawable-ambient-h
[47:53] [debug] [link and exec] game-task-h        0     95 heap-use 20392432 38070543: 0x14b2710
[47:53] [debug] link finish: game-task-h
[47:53] [debug] [link and exec] hint-control-h     0   2074 heap-use 20392432 38070543: 0x14b2710
[47:53] [debug] link finish: hint-control-h
[47:53] [debug] [link and exec] generic-h          0  15959 heap-use 20392720 38071606: 0x14b2830
[47:53] [debug] link finish: generic-h
[47:53] [debug] [link and exec] lights-h           0   6214 heap-use 20403680 38081436: 0x14b5300
[47:53] [debug] link finish: lights-h
[47:53] [debug] [link and exec] ocean-h            0  28975 heap-use 20404784 38084781: 0x14b5750
[47:53] [debug] link finish: ocean-h
[47:53] [debug] [link and exec] ocean-trans-tables 0   5384 heap-use 20411232 38100511: 0x14b7080
[47:53] [debug] link finish: ocean-trans-tables
[47:53] [debug] [link and exec] ocean-tables       0  58277 heap-use 20416041 38100511: 0x14b8349
[47:53] [debug] link finish: ocean-tables
[47:53] [debug] [link and exec] ocean-frames       0  65692 heap-use 20473031 38100511: 0x14c61e7
[47:53] [debug] link finish: ocean-frames
[47:53] [debug] [link and exec] sky-h              0   9165 heap-use 20538604 38100511: 0x14d620c
[47:53] [debug] link finish: sky-h
[47:53] [debug] [link and exec] mood-h             0   6958 heap-use 20541552 38105516: 0x14d6d90
[47:53] [debug] link finish: mood-h
[47:53] [debug] [link and exec] time-of-day-h      0   9069 heap-use 20542928 38109018: 0x14d72f0
[47:53] [debug] link finish: time-of-day-h
[47:53] [debug] [link and exec] art-h              0  18697 heap-use 20546016 38113262: 0x14d7f00
[47:53] [debug] link finish: art-h
[47:53] [debug] [link and exec] generic-vu1-h      0   2826 heap-use 20548272 38124819: 0x14d87d0
[47:53] [debug] link finish: generic-vu1-h
[47:53] [debug] [link and exec] merc-h             0  23761 heap-use 20548560 38126516: 0x14d88f0
[47:53] [debug] link finish: merc-h
[47:53] [debug] [link and exec] generic-merc-h     0   9675 heap-use 20551024 38141462: 0x14d9290
[47:53] [debug] link finish: generic-merc-h
[47:53] [debug] [link and exec] generic-tie-h      0  15554 heap-use 20551904 38147773: 0x14d9600
[47:53] [debug] link finish: generic-tie-h
[47:53] [debug] [link and exec] generic-work-h     0   5966 heap-use 20553360 38157652: 0x14d9bb0
[47:53] [debug] link finish: generic-work-h
[47:53] [debug] [link and exec] shadow-cpu-h       0  10893 heap-use 20554572 38161076: 0x14da06c
[47:53] [debug] link finish: shadow-cpu-h
[47:53] [debug] [link and exec] shadow-vu1-h       0     95 heap-use 20556768 38166811: 0x14da900
[47:53] [debug] link finish: shadow-vu1-h
[47:53] [debug] [link and exec] memcard-h          0   4472 heap-use 20556768 38166811: 0x14da900
[47:53] [debug] link finish: memcard-h
[47:53] [debug] [link and exec] game-info-h        0   9585 heap-use 20558080 38168635: 0x14dae20
[47:53] [debug] link finish: game-info-h
[47:53] [debug] [link and exec] wind-h             0   1730 heap-use 20560736 38174416: 0x14db880
[47:53] [debug] link finish: wind-h
[47:53] [debug] [link and exec] prototype-h        0  12710 heap-use 20561136 38175162: 0x14dba10
[47:53] [debug] link finish: prototype-h
[47:53] [debug] [link and exec] joint-h            0   6755 heap-use 20562016 38183931: 0x14dbd80
[47:53] [debug] link finish: joint-h
[47:53] [debug] [link and exec] bones-h            0   6607 heap-use 20562496 38188417: 0x14dbf60
[47:53] [debug] link finish: bones-h
[47:53] [debug] [link and exec] engines            0    662 heap-use 20563440 38192218: 0x14dc310
[47:53] [debug] link finish: engines
[47:53] [debug] [link and exec] res-h              0   1758 heap-use 20592832 38208704: 0x14e35e0
[47:53] [debug] link finish: res-h
[47:53] [debug] [link and exec] res                0  15566 heap-use 20593257 38209542: 0x14e3789
[47:53] [debug] link finish: res
[47:53] [debug] [link and exec] lights             0   2041 heap-use 20606400 38209542: 0x14e6ae0
[47:53] [debug] link finish: lights
[47:53] [debug] [link and exec] dynamics-h         0   1899 heap-use 20607728 38209542: 0x14e7010
[47:53] [debug] link finish: dynamics-h
[47:53] [debug] [link and exec] surface-h          0  17873 heap-use 20608359 38210214: 0x14e7287
[47:53] [debug] link finish: surface-h
[47:53] [debug] [link and exec] pat-h              0   5391 heap-use 20620344 38212700: 0x14ea158
[47:53] [debug] link finish: pat-h
[47:53] [debug] [link and exec] fact-h             0  10457 heap-use 20620816 38215933: 0x14ea330
[47:53] [debug] link finish: fact-h
[47:53] [debug] [link and exec] aligner-h          0   1605 heap-use 20623840 38220745: 0x14eaf00
[47:53] [debug] link finish: aligner-h
[47:53] [debug] [link and exec] game-h             0   4254 heap-use 20624080 38221512: 0x14eaff0
[47:53] [debug] link finish: game-h
[47:53] [debug] [link and exec] generic-obs-h      0   9608 heap-use 20624768 38224108: 0x14eb2a0
[47:53] [debug] link finish: generic-obs-h
[47:53] [debug] [link and exec] pov-camera-h       0   1254 heap-use 20625840 38230428: 0x14eb6d0
[47:53] [debug] link finish: pov-camera-h
[47:53] [debug] [link and exec] sync-info-h        0   6472 heap-use 20626016 38231139: 0x14eb780
[47:53] [debug] link finish: sync-info-h
[47:53] [debug] [link and exec] smush-control-h    0   3849 heap-use 20626912 38234982: 0x14ebb00
[47:53] [debug] link finish: smush-control-h
[47:53] [debug] [link and exec] trajectory-h       0    847 heap-use 20628928 38235590: 0x14ec2e0
[47:53] [debug] link finish: trajectory-h
[47:53] [debug] [link and exec] debug-h            0   2000 heap-use 20629056 38236001: 0x14ec360
[47:53] [debug] link finish: debug-h
[47:53] [debug] [link and exec] joint-mod-h        0  21731 heap-use 20629344 38237055: 0x14ec480
[47:53] [debug] link finish: joint-mod-h
[47:53] [debug] [link and exec] collide-func-h     0     95 heap-use 20641376 38240951: 0x14ef380
[47:53] [debug] link finish: collide-func-h
[47:53] [debug] [link and exec] collide-mesh-h     0   3882 heap-use 20641376 38240951: 0x14ef380
[47:53] [debug] link finish: collide-mesh-h
[47:53] [debug] [link and exec] collide-shape-h    0  22425 heap-use 20682992 38242804: 0x14f9610
[47:53] [debug] link finish: collide-shape-h
[47:53] [debug] [link and exec] collide-target-h   0  23234 heap-use 20724256 38255733: 0x1503740
[47:53] [debug] link finish: collide-target-h
[47:53] [debug] [link and exec] collide-touch-h    0   4418 heap-use 20724832 38273374: 0x1503980
[47:53] [debug] link finish: collide-touch-h
[47:53] [debug] [link and exec] collide-edge-grab-h 0  17864 heap-use 20741640 38275223: 0x1507b28
[47:53] [debug] link finish: collide-edge-grab-h
[47:53] [debug] [link and exec] process-drawable-h 0   2063 heap-use 20752532 38280392: 0x150a5b4
[47:53] [debug] link finish: process-drawable-h
[47:53] [debug] [link and exec] effect-control-h   0   1589 heap-use 20754055 38280392: 0x150aba7
[47:53] [debug] link finish: effect-control-h
[47:53] [debug] [link and exec] collide-frag-h     0   4135 heap-use 20754400 38281030: 0x150ad00
[47:53] [debug] link finish: collide-frag-h
[47:53] [debug] [link and exec] projectiles-h      0   3321 heap-use 20755008 38283422: 0x150af60
[47:53] [debug] link finish: projectiles-h
[47:53] [debug] [link and exec] target-h           0   3714 heap-use 20755536 38285516: 0x150b170
[47:53] [debug] link finish: target-h
[47:53] [debug] [link and exec] depth-cue-h        0   2098 heap-use 20755856 38287827: 0x150b2b0
[47:53] [debug] link finish: depth-cue-h
[47:53] [debug] [link and exec] stats-h            0   4282 heap-use 20756048 38289100: 0x150b370
[47:53] [debug] link finish: stats-h
[47:53] [debug] [link and exec] bsp-h              0   8151 heap-use 20756752 38291163: 0x150b630
[47:53] [debug] link finish: bsp-h
[47:53] [debug] [link and exec] collide-cache-h    0   8740 heap-use 20757600 38296244: 0x150b980
[47:53] [debug] link finish: collide-cache-h
[47:53] [debug] [link and exec] collide-h          0    135 heap-use 21117456 38301078: 0x1563730
[47:53] [debug] link finish: collide-h
[47:53] [debug] [link and exec] shrubbery-h        0  18566 heap-use 21117484 38301078: 0x156374c
[47:53] [debug] link finish: shrubbery-h
[47:53] [debug] [link and exec] tie-h              0  14947 heap-use 21119504 38313245: 0x1563f30
[47:53] [debug] link finish: tie-h
[47:53] [debug] [link and exec] tfrag-h            0  20378 heap-use 21120704 38323473: 0x15643e0
[47:53] [debug] link finish: tfrag-h
[47:53] [debug] [link and exec] background-h       0   3147 heap-use 21122912 38336720: 0x1564c80
[47:53] [debug] link finish: background-h
[47:53] [debug] [link and exec] subdivide-h        0  11349 heap-use 21123008 38338956: 0x1564ce0
[47:53] [debug] link finish: subdivide-h
[47:53] [debug] [link and exec] entity-h           0  13085 heap-use 21125024 38345526: 0x15654c0
[47:53] [debug] link finish: entity-h
[47:53] [debug] [link and exec] sprite-h           0   6064 heap-use 21126672 38353786: 0x1565b30
[47:53] [debug] link finish: sprite-h
[47:53] [debug] [link and exec] shadow-h           0   1901 heap-use 21127056 38357851: 0x1565cb0
[47:53] [debug] link finish: shadow-h
[47:53] [debug] [link and exec] eye-h              0   4500 heap-use 21129416 38358764: 0x15665e8
[47:53] [debug] link finish: eye-h
[47:53] [debug] [link and exec] sparticle-launcher-h 0   7268 heap-use 21130912 38360579: 0x1566bc0
[47:53] [debug] link finish: sparticle-launcher-h
[47:53] [debug] [link and exec] sparticle-h        0   5607 heap-use 21131520 38365243: 0x1566e20
[47:53] [debug] link finish: sparticle-h
[47:53] [debug] [link and exec] actor-link-h       0   5575 heap-use 21131904 38368840: 0x1566fa0
[47:53] [debug] link finish: actor-link-h
[47:53] [debug] [link and exec] camera-h           0  23043 heap-use 21135312 38369125: 0x1567cf0
[47:53] [debug] link finish: camera-h
[47:53] [debug] [link and exec] cam-debug-h        0   2866 heap-use 21138128 38383907: 0x15687f0
[47:53] [debug] link finish: cam-debug-h
[47:53] [debug] [link and exec] cam-interface-h    0    783 heap-use 21138798 38392880: 0x1568a8e
[47:53] [debug] link finish: cam-interface-h
[47:53] [debug] [link and exec] cam-update-h       0   1520 heap-use 21139022 38392880: 0x1568b6e
[47:53] [debug] link finish: cam-update-h
[47:53] [debug] [link and exec] assert-h           0   1148 heap-use 21139440 38392880: 0x1568d10
[47:53] [debug] link finish: assert-h
[47:53] [debug] [link and exec] hud-h              0   5645 heap-use 21139744 38393163: 0x1568e40
[47:53] [debug] link finish: hud-h
[47:53] [debug] [link and exec] progress-h         0   9883 heap-use 21140288 38396780: 0x1569060
[47:53] [debug] link finish: progress-h
[47:53] [debug] [link and exec] rpc-h              0   3998 heap-use 21141136 38403640: 0x15693b0
[47:53] [debug] link finish: rpc-h
[47:53] [debug] [link and exec] path-h             0   3433 heap-use 21143040 38404489: 0x1569b20
[47:53] [debug] link finish: path-h
[47:53] [debug] [link and exec] navigate-h         0  16104 heap-use 21144336 38405487: 0x156a030
[47:53] [debug] link finish: navigate-h
[47:53] [debug] [link and exec] load-dgo           0   7998 heap-use 21147152 38414573: 0x156ab30
[47:53] [debug] link finish: load-dgo
[47:53] [debug] [link and exec] ramdisk            0   2670 heap-use 21152617 38416075: 0x156c089
[47:53] [debug] link finish: ramdisk
[47:53] [debug] [link and exec] gsound             0  28991 heap-use 21153487 38417221: 0x156c3ef
[47:53] [debug] link finish: gsound
IRX version 2.0
STALL: waiting for IOP on RPC port #1
STALL: waiting for IOP on RPC port #1
[47:53] [debug] [link and exec] transformq         0   8469 heap-use 21188696 38420630: 0x1574d78
[47:53] [debug] link finish: transformq
[47:53] [debug] [link and exec] collide-func       0   4410 heap-use 21194297 38420630: 0x1576359
[47:53] [debug] link finish: collide-func
[47:53] [debug] [link and exec] joint              0  34170 heap-use 21198032 38420630: 0x15771f0
[47:53] [debug] link finish: joint
[47:53] [debug] [link and exec] cylinder           0   8007 heap-use 21224368 38421554: 0x157d8d0
[47:53] [debug] link finish: cylinder
[47:53] [debug] [link and exec] wind               0   1411 heap-use 21230368 38421884: 0x157f040
[47:53] [debug] link finish: wind
[47:53] [debug] [link and exec] bsp                0  12034 heap-use 21232596 38421884: 0x157f8f4
[47:53] [debug] link finish: bsp
[47:53] [debug] [link and exec] subdivide          0  13259 heap-use 21242188 38421884: 0x1581e6c
[47:53] [debug] link finish: subdivide
[47:53] [debug] [link and exec] sprite             0  20807 heap-use 21261312 38433284: 0x1586920
[47:53] [debug] link finish: sprite
[47:53] [debug] [link and exec] sprite-distort     0   7057 heap-use 24645568 38436634: 0x18c0ce0
[47:53] [debug] link finish: sprite-distort
[47:53] [debug] [link and exec] debug-sphere       0   8450 heap-use 24652800 38437171: 0x18c2920
[47:53] [debug] link finish: debug-sphere
[47:53] [debug] [link and exec] debug              0  31195 heap-use 24660224 38437342: 0x18c4620
[47:53] [debug] link finish: debug
[47:53] [debug] [link and exec] merc-vu1           0    163 heap-use 24662976 39580137: 0x18c50e0
[47:53] [debug] link finish: merc-vu1
[47:53] [debug] [link and exec] merc-blend-shape   0   7208 heap-use 24663015 39580137: 0x18c5107
[47:53] [debug] link finish: merc-blend-shape
[47:53] [debug] [link and exec] merc               0  11038 heap-use 24665952 39582691: 0x18c5c80
[47:53] [debug] link finish: merc
[47:53] [debug] [link and exec] ripple             0   5627 heap-use 24672270 39584931: 0x18c752e
[47:53] [debug] link finish: ripple
[47:53] [debug] [link and exec] bones              0  29939 heap-use 24675588 39585988: 0x18c8224
[47:53] [debug] link finish: bones
[47:53] [debug] [link and exec] generic-vu0        0    166 heap-use 24696800 39590346: 0x18cd500
[47:53] [debug] link finish: generic-vu0
[47:53] [debug] [link and exec] generic            0   1708 heap-use 24696842 39590346: 0x18cd52a
[47:53] [debug] link finish: generic
[47:53] [debug] [link and exec] generic-vu1        0   1486 heap-use 24697733 39590346: 0x18cd8a5
[47:53] [debug] link finish: generic-vu1
[47:53] [debug] [link and exec] generic-effect     0   2637 heap-use 24698746 39590346: 0x18cdc9a
[47:53] [debug] link finish: generic-effect
[47:53] [debug] [link and exec] generic-merc       0   3524 heap-use 24701040 39590346: 0x18ce590
[47:53] [debug] link finish: generic-merc
[47:53] [debug] [link and exec] generic-tie        0   2829 heap-use 24703296 39590634: 0x18cee60
[47:53] [debug] link finish: generic-tie
[47:53] [debug] [link and exec] shadow-cpu         0  10719 heap-use 24705168 39590634: 0x18cf5b0
[47:53] [debug] link finish: shadow-cpu
[47:53] [debug] [link and exec] shadow-vu1         0   4133 heap-use 24712976 39592651: 0x18d1430
[47:53] [debug] link finish: shadow-vu1
[47:53] [debug] [link and exec] depth-cue          0   6055 heap-use 24714400 39594218: 0x18d19c0
[47:53] [debug] link finish: depth-cue
[47:53] [debug] [link and exec] font               0  32545 heap-use 24719646 39594218: 0x18d2e3e
[47:53] [debug] link finish: font
[47:53] [debug] [link and exec] decomp             0   4555 heap-use 24751136 39594218: 0x18da940
[47:53] [debug] link finish: decomp
[47:53] [debug] [link and exec] background         0   9605 heap-use 24754640 39594436: 0x18db6f0
[47:53] [debug] link finish: background
[47:53] [debug] [link and exec] draw-node          0   2566 heap-use 24763336 39594436: 0x18dd8e8
[47:53] [debug] link finish: draw-node
[47:53] [debug] [link and exec] shrubbery          0  12214 heap-use 24764873 39594436: 0x18ddee9
[47:53] [debug] link finish: shrubbery
[47:53] [debug] [link and exec] shrub-work         0   7886 heap-use 24773931 39594436: 0x18e024b
[47:53] [debug] link finish: shrub-work
[47:53] [debug] [link and exec] tfrag-near         0   2258 heap-use 24781453 39594436: 0x18e1fad
[47:53] [debug] link finish: tfrag-near
[47:53] [debug] [link and exec] tfrag              0  12381 heap-use 24781560 39595696: 0x18e2018
[47:53] [debug] link finish: tfrag
[47:53] [debug] [link and exec] tfrag-methods      0  10054 heap-use 24791168 39595696: 0x18e45a0
[47:53] [debug] link finish: tfrag-methods
[47:53] [debug] [link and exec] tfrag-work         0    540 heap-use 24798049 39595696: 0x18e6081
[47:53] [debug] link finish: tfrag-work
[47:53] [debug] [link and exec] tie                0  14247 heap-use 24798264 39595696: 0x18e6158
[47:53] [debug] link finish: tie
[47:53] [debug] [link and exec] tie-near           0   5849 heap-use 24804336 39600169: 0x18e7910
[47:53] [debug] link finish: tie-near
[47:53] [debug] [link and exec] tie-work           0   1120 heap-use 24807408 39601240: 0x18e8510
[47:53] [debug] link finish: tie-work
[47:53] [debug] [link and exec] tie-methods        0  10957 heap-use 24808205 39601240: 0x18e882d
[47:53] [debug] link finish: tie-methods
[47:53] [debug] [link and exec] sync-info          0  13335 heap-use 24815216 39602068: 0x18ea390
[47:53] [debug] link finish: sync-info
[47:53] [debug] [link and exec] trajectory         0   2854 heap-use 24824096 39602068: 0x18ec640
[47:53] [debug] link finish: trajectory
[47:53] [debug] [link and exec] sparticle-launcher 0  27547 heap-use 24825956 39602068: 0x18ecd84
[47:53] [debug] link finish: sparticle-launcher
[47:53] [debug] [link and exec] sparticle          0  11927 heap-use 24871488 39603743: 0x18f7f60
[47:53] [debug] link finish: sparticle
[47:53] [debug] [link and exec] entity-table       0   2800 heap-use 28661920 39603743: 0x1c955c0
[47:53] [debug] link finish: entity-table
[47:53] [debug] [link and exec] loader             0  23368 heap-use 28666715 39603743: 0x1c9687b
[47:53] [debug] link finish: loader
[47:53] [debug] [link and exec] task-control-h     0   4489 heap-use 28685944 39603743: 0x1c9b398
[47:53] [debug] link finish: task-control-h
[47:53] [debug] [link and exec] speedruns-h        0    744 heap-use 28686592 39606576: 0x1c9b620
[47:53] [debug] link finish: speedruns-h
[47:53] [debug] [link and exec] game-info          0  31738 heap-use 28686688 39606880: 0x1c9b680
[47:53] [debug] link finish: game-info
[47:53] [debug] [link and exec] game-save          0  45082 heap-use 28771072 39615170: 0x1cb0020
[47:53] [debug] link finish: game-save
[47:53] [debug] [link and exec] settings           0   9976 heap-use 28801216 39621207: 0x1cb75e0
[47:53] [debug] link finish: settings
[47:53] [info] Found 3 controllers
[47:53] [info] Controller added or removed. refreshing controller device list
[47:53] [debug] [link and exec] pc-anim-util       0   4043 heap-use 28809392 39621207: 0x1cb95d0
[47:53] [debug] link finish: pc-anim-util
[47:53] [debug] [link and exec] autosplit-h        0  16475 heap-use 28812449 39621207: 0x1cba1c1
[47:53] [debug] link finish: autosplit-h
[47:53] [debug] [link and exec] autosplit          0  12755 heap-use 28812560 39633905: 0x1cba230
[47:53] [debug] link finish: autosplit
[47:53] [debug] [link and exec] speedruns          0  17784 heap-use 28823447 39633905: 0x1cbccb7
[47:53] [debug] link finish: speedruns
[47:53] [debug] [link and exec] pckernel-common    0  31412 heap-use 28836933 39633905: 0x1cc0165
[47:53] [debug] link finish: pckernel-common
pckernel version: 1.10
[47:53] [debug] [link and exec] pckernel           0  60523 heap-use 28859873 39633905: 0x1cc5b01
[47:53] [debug] link finish: pckernel
pc settings reset
Setting window size to 640 x 480
[PC Settings]: Valid default game-size resolution set 1920 x 1080
[PC Settings]: fullscreen resolution defaulted to 1920 x 1080
[PC] PC Settings found at 'C:\Users\MikeG\AppData\Roaming\OpenGOAL\jak1\settings/pc-settings.gc'...loading!
****** CALL TO kopen() ******
[PC Settings]: Valid game-size resolution 1920 x 1080
pc settings file read: "C:\Users\MikeG\AppData\Roaming\OpenGOAL\jak1\settings/pc-settings.gc"
[47:53] [debug] [link and exec] mood-tables        0  52518 heap-use 28974416 39634852: 0x1ce1a70
[47:53] [debug] link finish: mood-tables
[47:53] [debug] [link and exec] mood               0  83265 heap-use 29058660 39634852: 0x1cf6384
[47:53] [debug] link finish: mood
[47:53] [debug] [link and exec] weather-part       0  15974 heap-use 29112544 39641388: 0x1d03600
[47:53] [debug] link finish: weather-part
[47:53] [debug] [link and exec] time-of-day        0  14183 heap-use 29124900 39641388: 0x1d06644
[47:53] [debug] link finish: time-of-day
[47:53] [debug] [link and exec] sky-utils          0   1144 heap-use 29135696 39641388: 0x1d09070
[47:53] [debug] link finish: sky-utils
[47:53] [debug] [link and exec] sky                0   5012 heap-use 29136522 39641388: 0x1d093aa
[47:53] [debug] link finish: sky
[47:53] [debug] [link and exec] sky-tng            0  19695 heap-use 29138240 39642670: 0x1d09a60
[47:53] [debug] link finish: sky-tng
[47:53] [debug] [link and exec] load-boundary-h    0   4666 heap-use 29155020 39642670: 0x1d0dbec
[47:53] [debug] link finish: load-boundary-h
[47:53] [debug] [link and exec] load-boundary      0  47784 heap-use 29155872 39645148: 0x1d0df40
[47:53] [debug] link finish: load-boundary
[47:53] [debug] [link and exec] load-boundary-data 0  53784 heap-use 29185932 39659759: 0x1d154ac
[47:53] [debug] link finish: load-boundary-data
[47:53] [debug] [link and exec] level-info         0  57942 heap-use 29238080 39659759: 0x1d22060
[47:53] [debug] link finish: level-info
[47:53] [debug] [link and exec] level              0  40466 heap-use 29274632 39659759: 0x1d2af28
[47:53] [debug] link finish: level
[47:53] [debug] [link and exec] text               0  12705 heap-use 29450080 39659867: 0x1d55c80
[47:53] [debug] link finish: text
[47:53] [debug] [link and exec] collide-probe      0   7388 heap-use 29525840 39659867: 0x1d68470
[47:53] [debug] link finish: collide-probe
[47:53] [debug] [link and exec] collide-frag       0   3073 heap-use 29530688 39660254: 0x1d69760
[47:53] [debug] link finish: collide-frag
[47:53] [debug] [link and exec] collide-mesh       0   6228 heap-use 29532516 39660254: 0x1d69e84
[47:53] [debug] link finish: collide-mesh
[47:53] [debug] [link and exec] collide-touch      0   7206 heap-use 29536544 39661060: 0x1d6ae40
[47:53] [debug] link finish: collide-touch
[47:53] [debug] [link and exec] collide-edge-grab  0  12576 heap-use 29541616 39661327: 0x1d6c210
[47:53] [debug] link finish: collide-edge-grab
[47:53] [debug] [link and exec] collide-shape      0  61334 heap-use 29550688 39661730: 0x1d6e580
[47:53] [debug] link finish: collide-shape
[47:53] [debug] [link and exec] collide-shape-rider 0   8688 heap-use 29597388 39663736: 0x1d79bec
[47:53] [debug] link finish: collide-shape-rider
[47:53] [debug] [link and exec] collide            0    253 heap-use 29604247 39663736: 0x1d7b6b7
[47:53] [debug] link finish: collide
[47:53] [debug] [link and exec] merc-death         0   2512 heap-use 29604348 39663736: 0x1d7b71c
[47:53] [debug] link finish: merc-death
[47:53] [debug] [link and exec] water-h            0   5401 heap-use 29605440 39664150: 0x1d7bb60
[47:53] [debug] link finish: water-h
[47:53] [debug] [link and exec] camera             0  47490 heap-use 29605824 39667592: 0x1d7bce0
[47:53] [debug] link finish: camera
[47:53] [debug] [link and exec] cam-interface      0   1883 heap-use 29642361 39667592: 0x1d84b99
[47:53] [debug] link finish: cam-interface
[47:53] [debug] [link and exec] cam-master         0  39640 heap-use 29643264 39667592: 0x1d84f20
[47:53] [debug] link finish: cam-master
[47:53] [debug] [link and exec] cam-states         0  97820 heap-use 29675264 39668504: 0x1d8cc20
[47:53] [debug] link finish: cam-states
[47:53] [debug] [link and exec] cam-states-dbg     0  21955 heap-use 29747440 39671887: 0x1d9e610
[47:53] [debug] link finish: cam-states-dbg
[47:53] [debug] [link and exec] cam-combiner       0  11715 heap-use 29761408 39673665: 0x1da1ca0
[47:53] [debug] link finish: cam-combiner
[47:53] [debug] [link and exec] cam-update         0  13653 heap-use 29770746 39673665: 0x1da411a
[47:53] [debug] link finish: cam-update
[47:53] [debug] [link and exec] vol-h              0   3391 heap-use 29780848 39673665: 0x1da6890
[47:53] [debug] link finish: vol-h
[47:53] [debug] [link and exec] cam-layout         0 100634 heap-use 29782032 39674845: 0x1da6d30
[47:53] [debug] link finish: cam-layout
[47:53] [debug] [link and exec] cam-debug          0  51342 heap-use 29787680 39771520: 0x1da8340
[47:53] [debug] link finish: cam-debug
[47:53] [debug] [link and exec] cam-start          0   1247 heap-use 29789776 39986688: 0x1da8b70
[47:53] [debug] link finish: cam-start
[47:53] [debug] [link and exec] process-drawable   0  29243 heap-use 29790386 39986688: 0x1da8dd2
[47:53] [debug] link finish: process-drawable
[47:53] [debug] [link and exec] hint-control       0   6697 heap-use 29810719 40005129: 0x1dadd3f
[47:53] [debug] link finish: hint-control
[47:53] [debug] [link and exec] ambient            0  32529 heap-use 29815706 40005129: 0x1daf0ba
[47:53] [debug] link finish: ambient
[47:53] [debug] [link and exec] assert             0   1519 heap-use 29840062 40005129: 0x1db4fde
[47:53] [debug] link finish: assert
[47:53] [debug] [link and exec] generic-obs        0  59859 heap-use 29841156 40005129: 0x1db5424
[47:53] [debug] link finish: generic-obs
[47:53] [debug] [link and exec] target-util        0  35957 heap-use 29886281 40005995: 0x1dc0469
[47:53] [debug] link finish: target-util
[47:53] [debug] [link and exec] target-part        0  45157 heap-use 29907495 40013494: 0x1dc5747
[47:53] [debug] link finish: target-part
[47:53] [debug] [link and exec] collide-reaction-target 0  14113 heap-use 29942965 40013494: 0x1dce1d5
[47:53] [debug] link finish: collide-reaction-target
[47:53] [debug] [link and exec] logic-target       0  57038 heap-use 29954914 40013494: 0x1dd1082
[47:53] [debug] link finish: logic-target
[47:53] [debug] [link and exec] sidekick           0   7665 heap-use 29992247 40021537: 0x1dda257
[47:53] [debug] link finish: sidekick
[47:53] [debug] [link and exec] voicebox           0   9342 heap-use 29997280 40021537: 0x1ddb600
[47:53] [debug] link finish: voicebox
[47:53] [debug] [link and exec] target-handler     0  22459 heap-use 30002752 40022119: 0x1ddcb60
[47:53] [debug] link finish: target-handler
[47:53] [debug] [link and exec] target             0 137615 heap-use 30021106 40022119: 0x1de1312
[47:53] [debug] link finish: target
[47:53] [debug] [link and exec] target2            0 117764 heap-use 30133042 40022119: 0x1dfc852
[47:53] [debug] link finish: target2
[47:53] [debug] [link and exec] target-death       0  51704 heap-use 30238016 40022731: 0x1e16260
[47:53] [debug] link finish: target-death
[47:53] [debug] [link and exec] menu               0  31322 heap-use 30277984 40022731: 0x1e1fe80
[47:53] [debug] link finish: menu
[47:53] [debug] [link and exec] drawable           0  39421 heap-use 30280624 40044410: 0x1e208d0
[47:53] [debug] link finish: drawable
[47:53] [debug] [link and exec] drawable-group     0   3052 heap-use 30299728 40053664: 0x1e25370
[47:53] [debug] link finish: drawable-group
[47:53] [debug] [link and exec] drawable-inline-array 0    543 heap-use 30301623 40053664: 0x1e25ad7
[47:53] [debug] link finish: drawable-inline-array
[47:53] [debug] [link and exec] drawable-tree      0   1733 heap-use 30301701 40053664: 0x1e25b25
[47:53] [debug] link finish: drawable-tree
[47:53] [debug] [link and exec] prototype          0   2904 heap-use 30302930 40053664: 0x1e25ff2
[47:53] [debug] link finish: prototype
[47:53] [debug] [link and exec] main-collide       0   1365 heap-use 30305055 40053664: 0x1e2683f
[47:53] [debug] link finish: main-collide
[47:53] [debug] [link and exec] video              0   3080 heap-use 30306108 40053664: 0x1e26c5c
[47:53] [debug] link finish: video
[47:53] [debug] [link and exec] main               0  31436 heap-use 30307880 40053664: 0x1e27348
[47:53] [debug] link finish: main
[47:53] [debug] [link and exec] collide-cache      0  29919 heap-use 30331396 40053664: 0x1e2cf24
[47:53] [debug] link finish: collide-cache
[47:53] [debug] [link and exec] relocate           0   7312 heap-use 30354704 40054514: 0x1e32a30
[47:53] [debug] link finish: relocate
[47:53] [debug] [link and exec] memory-usage       0  12426 heap-use 30359318 40054514: 0x1e33c36
[47:53] [debug] link finish: memory-usage
[47:53] [debug] [link and exec] entity             0  38378 heap-use 30359346 40064543: 0x1e33c52
[47:53] [debug] link finish: entity
[47:53] [debug] [link and exec] path               0   7545 heap-use 30388690 40065215: 0x1e3aef2
[47:53] [debug] link finish: path
[47:53] [debug] [link and exec] vol                0   7158 heap-use 30393755 40065215: 0x1e3c2bb
[47:53] [debug] link finish: vol
[47:53] [debug] [link and exec] navigate           0  67000 heap-use 30399508 40065215: 0x1e3d934
[47:53] [debug] link finish: navigate
[47:53] [debug] [link and exec] aligner            0   3510 heap-use 30452048 40068223: 0x1e4a670
[47:53] [debug] link finish: aligner
[47:53] [debug] [link and exec] effect-control     0  23116 heap-use 30454340 40068223: 0x1e4af64
[47:53] [debug] link finish: effect-control
[47:53] [debug] [link and exec] water              0  38092 heap-use 30474370 40068223: 0x1e4fda2
[47:53] [debug] link finish: water
[47:53] [debug] [link and exec] collectables-part  0  48733 heap-use 30503072 40068223: 0x1e56dc0
[47:53] [debug] link finish: collectables-part
[47:53] [debug] [link and exec] collectables       0  83857 heap-use 30542914 40068223: 0x1e60962
[47:53] [debug] link finish: collectables
[47:53] [debug] [link and exec] task-control       0  63059 heap-use 30603264 40071968: 0x1e6f520
[47:53] [debug] link finish: task-control
[47:53] [debug] [link and exec] process-taskable   0  35510 heap-use 30647125 40072466: 0x1e7a075
[47:53] [debug] link finish: process-taskable
[47:53] [debug] [link and exec] pov-camera         0   9249 heap-use 30672024 40072466: 0x1e801b8
[47:53] [debug] link finish: pov-camera
[47:53] [debug] [link and exec] powerups           0  18849 heap-use 30678391 40072466: 0x1e81a97
[47:53] [debug] link finish: powerups
[47:53] [debug] [link and exec] crates             0  38705 heap-use 30693140 40072466: 0x1e85434
[47:53] [debug] link finish: crates
[47:53] [debug] [link and exec] hud                0  14190 heap-use 30719888 40073690: 0x1e8bcb0
[47:53] [debug] link finish: hud
[47:53] [debug] [link and exec] hud-classes        0  53650 heap-use 30730554 40073690: 0x1e8e65a
[47:53] [debug] link finish: hud-classes
[47:53] [debug] [link and exec] progress-static    0  15722 heap-use 30768768 40075725: 0x1e97ba0
[47:53] [debug] link finish: progress-static
[47:53] [debug] [link and exec] progress-part      0  35562 heap-use 30780873 40075725: 0x1e9aae9
[47:53] [debug] link finish: progress-part
[47:53] [debug] [link and exec] progress-draw      0  41897 heap-use 30808709 40075725: 0x1ea17a5
[47:53] [debug] link finish: progress-draw
[47:53] [debug] [link and exec] progress           0  77673 heap-use 30843148 40075725: 0x1ea9e2c
[47:53] [debug] link finish: progress
[47:53] [debug] [link and exec] progress-pc        0 189410 heap-use 30918000 40076738: 0x1ebc290
[47:53] [debug] link finish: progress-pc
[47:53] [debug] [link and exec] credits            0   4032 heap-use 31109577 40077897: 0x1eeaee9
[47:53] [debug] link finish: credits
[47:53] [debug] [link and exec] projectiles        0  33455 heap-use 31112399 40077897: 0x1eeb9ef
[47:53] [debug] link finish: projectiles
[47:53] [debug] [link and exec] ocean              0  13276 heap-use 31136852 40078778: 0x1ef1974
[47:53] [debug] link finish: ocean
[47:53] [debug] [link and exec] ocean-vu0          0    664 heap-use 31146816 40078778: 0x1ef4060
[47:53] [debug] link finish: ocean-vu0
[47:53] [debug] [link and exec] ocean-texture      0   3563 heap-use 31147264 40078778: 0x1ef4220
[47:53] [debug] link finish: ocean-texture
[47:53] [debug] [link and exec] ocean-mid          0  20913 heap-use 31149568 40078778: 0x1ef4b20
[47:53] [debug] link finish: ocean-mid
[47:53] [debug] [link and exec] ocean-transition   0  15895 heap-use 31166574 40078778: 0x1ef8d8e
[47:53] [debug] link finish: ocean-transition
[47:53] [debug] [link and exec] ocean-near         0   8288 heap-use 31179887 40078778: 0x1efc18f
[47:53] [debug] link finish: ocean-near
[47:53] [debug] [link and exec] shadow             0   3713 heap-use 31186594 40078778: 0x1efdbc2
[47:53] [debug] link finish: shadow
[47:53] [debug] [link and exec] eye                0  14202 heap-use 31189172 40078778: 0x1efe5d4
[47:53] [debug] link finish: eye
[47:53] [debug] [link and exec] glist-h            0   3260 heap-use 31201524 40078778: 0x1f01614
[47:53] [debug] link finish: glist-h
[47:53] [debug] [link and exec] glist              0   4345 heap-use 31202112 40080422: 0x1f01860
[47:53] [debug] link finish: glist
[47:53] [debug] [link and exec] anim-tester        0  65506 heap-use 31202537 40082595: 0x1f01a09
[47:53] [debug] link finish: anim-tester
[47:53] [debug] [link and exec] viewer             0   7288 heap-use 31205168 40131841: 0x1f02450
[47:53] [debug] link finish: viewer
[47:53] [debug] [link and exec] part-tester        0   3583 heap-use 31210265 40131960: 0x1f03839
[47:53] [debug] link finish: part-tester
[47:53] [debug] [link and exec] default-menu       0 256594 heap-use 31210624 40199392: 0x1f039a0
[47:53] [debug] link finish: default-menu
[47:53] [error] Controller with device id 1 is not avaiable via the GameController API
[47:53] [debug] [link and exec] anim-tester-x      0  21499 heap-use 31213774 40425192: 0x1f045ee
[47:53] [debug] link finish: anim-tester-x
[47:53] [debug] [link and exec] entity-debug       0  24231 heap-use 31215168 40439537: 0x1f04b60
[47:53] [debug] link finish: entity-debug
[47:53] [debug] [link and exec] subtitle           0  29403 heap-use 31215892 40462745: 0x1f04e34
[47:53] [debug] link finish: subtitle
[47:53] [debug] [link and exec] default-menu-pc    0  84796 heap-use 31497936 40465633: 0x1f49bf0
[47:53] [debug] link finish: default-menu-pc
[47:53] [debug] [link and exec] dir-tpages         0  22608 heap-use 31499794 40559816: 0x1f4a332
[47:53] [debug] link finish: dir-tpages
[47:53] [debug] [link and exec] tpage-463          0 242720 heap-use 31519136 40559816: 0x1f4eec0
[47:53] [debug] link finish: tpage-463
[47:53] [debug] [link and exec] tpage-2            0 152752 heap-use 31532376 40559816: 0x1f52278
[47:53] [debug] link finish: tpage-2
[47:53] [debug] [link and exec] tpage-880          0  16944 heap-use 31537564 40559816: 0x1f536bc
[47:53] [debug] link finish: tpage-880
[47:53] [debug] [link and exec] tpage-256          0  17168 heap-use 31537988 40559816: 0x1f53864
[47:53] [debug] link finish: tpage-256
[47:53] [debug] [link and exec] tpage-1278         0 181088 heap-use 31538656 40559816: 0x1f53b00
[47:53] [debug] link finish: tpage-1278
[47:53] [debug] [link and exec] texture-upload     0    720 heap-use 31539392 40559816: 0x1f53de0
[47:53] [debug] link finish: texture-upload
[47:53] [debug] [link and exec] tpage-1032         0 263456 heap-use 31539512 40559816: 0x1f53e58
[47:53] [debug] link finish: tpage-1032
[47:53] [debug] [link and exec] tpage-62           0  34496 heap-use 31802868 40559816: 0x1f94314
[47:53] [debug] link finish: tpage-62
[47:53] [debug] [link and exec] tpage-1532         0  34224 heap-use 31804452 40559816: 0x1f94944
[47:53] [debug] link finish: tpage-1532
[47:53] [debug] [link and exec] fuel-cell          0  21728 heap-use 31805816 40559816: 0x1f94e98
[47:53] [debug] link finish: fuel-cell
[47:53] [debug] [link and exec] money              0   6400 heap-use 31827110 40559816: 0x1f9a1c6
[47:53] [debug] link finish: money
[47:53] [debug] [link and exec] buzzer             0  12048 heap-use 31833120 40559816: 0x1f9b940
[47:53] [debug] link finish: buzzer
[47:53] [debug] [link and exec] ecovalve           0   5280 heap-use 31844768 40559816: 0x1f9e6c0
[47:53] [debug] link finish: ecovalve
[47:53] [debug] [link and exec] crate              0  64416 heap-use 31849648 40559816: 0x1f9f9d0
[47:53] [debug] link finish: crate
[47:53] [debug] [link and exec] speaker            0  23184 heap-use 31913088 40559816: 0x1faf1a0
[47:53] [debug] link finish: speaker
[47:53] [debug] [link and exec] fuelcell-naked     0   4736 heap-use 31935936 40559816: 0x1fb4ae0
[47:53] [debug] link finish: fuelcell-naked
[47:53] [debug] [link and exec] eichar             0 1349024 heap-use 31940336 40559816: 0x1fb5c10
[47:53] [debug] link finish: eichar
[47:53] [debug] [link and exec] sidekick           0 675936 heap-use 33259684 40559816: 0x20f7dc4
[47:53] [debug] link finish: sidekick
[47:53] [debug] [link and exec] deathcam           0   1888 heap-use 33921304 40559816: 0x2199638
[47:53] [debug] link finish: deathcam
[47:53] [debug] [link and exec] game-cnt           0    224 heap-use 33922928 40559816: 0x2199c90
[47:53] [debug] link finish: game-cnt
[47:53] [debug] [link and exec] rigid-body-h       0   3065 heap-use 33923072 40559816: 0x2199d20
[47:53] [debug] link finish: rigid-body-h
[47:53] [debug] [link and exec] water-anim         0  23985 heap-use 33923328 40561841: 0x2199e20
[47:53] [debug] link finish: water-anim
[47:53] [debug] [link and exec] dark-eco-pool      0   8367 heap-use 33936640 40562419: 0x219d220
[47:53] [debug] link finish: dark-eco-pool
[47:53] [debug] [link and exec] rigid-body         0  23233 heap-use 33942576 40562467: 0x219e950
[47:53] [debug] link finish: rigid-body
[47:53] [debug] [link and exec] nav-enemy-h        0   8546 heap-use 33955424 40566353: 0x21a1b80
[47:53] [debug] link finish: nav-enemy-h
[47:53] [debug] [link and exec] nav-enemy          0  54266 heap-use 33955888 40572699: 0x21a1d50
[47:53] [debug] link finish: nav-enemy
[47:53] [debug] [link and exec] baseplat           0  13655 heap-use 33996525 40572699: 0x21abc0d
[47:53] [debug] link finish: baseplat
[47:53] [debug] [link and exec] basebutton         0  22781 heap-use 34005312 40573866: 0x21ade60
[47:53] [debug] link finish: basebutton
[47:53] [debug] [link and exec] tippy              0   2406 heap-use 34020032 40575243: 0x21b17e0
[47:53] [debug] link finish: tippy
[47:53] [debug] [link and exec] joint-exploder     0  16810 heap-use 34021008 40575786: 0x21b1bb0
[47:53] [debug] link finish: joint-exploder
[47:53] [debug] [link and exec] babak              0  12734 heap-use 34030128 40579230: 0x21b3f50
[47:53] [debug] link finish: babak
[47:53] [debug] [link and exec] sharkey            0  25308 heap-use 34038803 40579267: 0x21b6133
[47:53] [debug] link finish: sharkey
[47:53] [debug] [link and exec] orb-cache          0  11901 heap-use 34055408 40580560: 0x21ba210
[47:53] [debug] link finish: orb-cache
[47:53] [debug] [link and exec] plat               0   8089 heap-use 34062891 40581340: 0x21bbf4b
[47:53] [debug] link finish: plat
[47:53] [debug] [link and exec] plat-button        0  14978 heap-use 34067808 40581611: 0x21bd280
[47:53] [debug] link finish: plat-button
[47:53] [debug] [link and exec] plat-eco           0  10395 heap-use 34077120 40582372: 0x21bf6e0
[47:53] [debug] link finish: plat-eco
[47:53] [debug] [link and exec] ropebridge         0  19868 heap-use 34083232 40583018: 0x21c0ec0
[47:53] [debug] link finish: ropebridge
[47:53] [debug] [link and exec] ticky              0   1877 heap-use 34095072 40586134: 0x21c3d00
[47:53] [debug] link finish: ticky
[47:53] [debug] [OVERLORD] FS_Close GAME    CGO @ 139/4296
[47:53] [debug] [link and exec] hud-classes-pc     1  19720 heap-use 34095824 40586511: 0x21c3ff0
[47:53] [debug] link finish: hud-classes-pc
[47:53] [info] calling play
(play :use-vis 0 :init-game 0) has been called!
*kernel-boot-message*: play
-----------> begin load village1-vis [vi1.DGO]
Starting level load clock
[47:53] [debug] [OVERLORD] Queue 0 (1/4), LoadDGO
[47:53] [debug]   PRI 0 elt 0 LoadDGO @ #x7FF722311B18
[47:53] [debug] [OVERLORD] FS Open VI1     DGO
[47:53] [info] [Overlord DGO] Got DGO file header for VI1.DGO with 55 objects
[47:53] [debug] link finish: villagep-obs
[47:53] [debug] link finish: oracle
[47:53] [debug] link finish: farmer
[47:53] [debug] link finish: explorer
[47:53] [debug] link finish: assistant
[47:53] [debug] link finish: sage
[47:53] [debug] link finish: yakow
[47:53] [debug] link finish: village-obs
[47:53] [debug] link finish: fishermans-boat
[47:53] [debug] link finish: village1-part
[47:53] [debug] link finish: village1-part2
[47:53] [debug] link finish: sequence-a-village1
[47:53] [debug] link finish: tpage-398
[47:53] [debug] link finish: tpage-400
[47:53] [debug] link finish: tpage-399
[47:53] [debug] link finish: tpage-401
[47:53] [debug] link finish: tpage-1470
[47:53] [debug] link finish: assistant
[47:53] [debug] link finish: evilplant
[47:53] [debug] link finish: explorer
[47:53] [debug] link finish: farmer
[47:53] [debug] link finish: fishermans-boat
[47:53] [debug] link finish: hutlamp
[47:53] [debug] link finish: mayorgears
[47:53] [debug] link finish: medres-beach
[47:53] [debug] link finish: medres-beach1
[47:53] [debug] link finish: medres-beach2
[47:53] [debug] link finish: medres-beach3
[47:53] [debug] link finish: medres-jungle
[47:53] [debug] link finish: medres-jungle1
[47:53] [debug] link finish: medres-jungle2
[47:53] [debug] link finish: medres-misty
[47:53] [debug] link finish: medres-training
[47:53] [debug] link finish: medres-village11
[47:53] [debug] link finish: medres-village12
[47:53] [debug] link finish: medres-village13
[47:53] [debug] link finish: oracle
[47:53] [debug] link finish: orb-cache-top
[47:53] [debug] link finish: reflector-middle
[47:53] [debug] link finish: revcycle
[47:53] [debug] link finish: revcycleprop
[47:53] [debug] link finish: ropebridge-32
[47:53] [debug] link finish: sage
[47:53] [debug] link finish: sagesail
[47:53] [debug] link finish: sharkey
[47:53] [debug] link finish: villa-starfish
[47:53] [debug] link finish: village-cam
[47:53] [debug] link finish: village1cam
[47:53] [debug] link finish: warp-gate-switch
[47:53] [debug] link finish: warpgate
[47:53] [debug] link finish: water-anim-village1
[47:53] [debug] link finish: windmill-sail
[47:53] [debug] link finish: windspinner
[47:53] [debug] link finish: yakow
[47:53] [debug] [OVERLORD] FS_Close VI1     DGO @ 290/5616
Elapsed time for level =       0.0000s
NOTICE: loaded village1-vis, 7479408 bytes (7304.1093 K) at top 10712800
[47:53] [debug] link finish: village1-vis
[47:53] [info] InitListenerConnect
[47:53] [info] InitCheckListener
kernel: machine started
[47:53] [info] Found 3 controllers
[47:53] [warn] sceGsResetGraph: mode 0 inter 1 omode 2 fmode 1
[47:53] [debug] [OVERLORD] LoadISOFileToEE 0SUBTIT TXT, 262144/-1 bytes
[47:53] [debug] [OVERLORD] Queue 2 (1/4), LoadSingle
[47:53] [debug]   PRI 2 elt 0 LoadSingle @ #x1B213AE7D48
[47:53] [debug] [OVERLORD] FS Open 0SUBTIT TXT
[47:53] [info] FBO Setup: requested 640x480, msaa 2
[47:53] [debug] [OVERLORD] FS_Close 0SUBTIT TXT @ 1/120
[47:53] [debug] link finish: 0subtit.TXT
Kernel dispatch time: 113.090 ms
[00000000] vec4s
	x: 0.0000
	y: 0.0000
	z: 0.0000
	w: 0.0000
(play :use-vis 0 :init-game 0) has been called!
[47:53] [info] FBO Setup: using second temporary buffer: res: 640x480
[47:53] [debug] [OVERLORD] LoadISOFileToEE 0COMMON TXT, 65536/-1 bytes
[47:53] [debug] [OVERLORD] Queue 2 (1/4), LoadSingle
[47:53] [debug]   PRI 2 elt 0 LoadSingle @ #x1B213AE7D48
[47:53] [debug] [OVERLORD] FS Open 0COMMON TXT
[47:53] [debug] [OVERLORD] FS_Close 0COMMON TXT @ 0/48
[47:53] [debug] link finish: 0common.TXT
[47:53] [debug] [OVERLORD] LoadISOFileToEE 0COMMON TXT, 49152/-1 bytes
[47:53] [debug] [OVERLORD] Queue 2 (1/4), LoadSingle
[47:53] [debug]   PRI 2 elt 0 LoadSingle @ #x1B213AE7D48
[47:53] [debug] [OVERLORD] FS Open 0COMMON TXT
[47:53] [debug] [OVERLORD] FS_Close 0COMMON TXT @ 0/48
[47:53] [debug] link finish: 0common.TXT
Load music village1
Displaying level village1 [display]
Swapping in vi1 VIS [dumping #f]
GAMEPLAY: enter village1
[47:53] [warn] Failed to find texture at 0, using random (direct: [ 3] sky-direct)
[47:53] [debug] [OVERLORD] LoadISOFileToIOP VI1     VIS, 617696/-1 bytes
[47:53] [warn] [[ 4] ocean-mid-far] OpenGL warn 0x20092 S8246 T8250: Program/shader state performance warning: Vertex shader in program 6 is being recompiled based on GL state.
[47:53] [debug] [OVERLORD] Queue 2 (1/4), LoadSingle
[47:53] [debug]   PRI 2 elt 0 LoadSingle @ #x1B212B94DB8
[47:53] [debug] [OVERLORD] FS Open VI1     VIS
Unload soundbank empty1
Adding level beach
-----------> begin load beach-vis [bea.DGO]
Starting level load clock
[47:53] [debug] [OVERLORD] Queue 0 (1/4), LoadDGO
[47:53] [warn] [[ 3] sky] OpenGL warn 0x20092 S8246 T8250: Program/shader state performance warning: Vertex shader in program 6 is being recompiled based on GL state.
[47:53] [debug]   PRI 0 elt 0 LoadDGO @ #x7FF722311B18
[47:53] [debug]   PRI 2 elt 0 LoadSingle @ #x1B212B94DB8
[47:53] [debug] [OVERLORD] FS Open BEA     DGO
[47:53] [debug] [OVERLORD] FS_Close VI1     VIS @ 291/336
[47:53] [debug]   PRI 0 elt 0 LoadDGO @ #x7FF722311B18
[47:53] [info] [Overlord DGO] Got DGO file header for BEA.DGO with 50 objects
Load soundbank village1
GAMEPLAY: enter village1
[47:53] [debug] link finish: mistycannon
[47:53] [debug] link finish: babak-with-cannon
Kernel dispatch time: 52.038 ms
[47:53] [debug] link finish: air-h
[47:53] [debug] link finish: air
[47:54] [debug] link finish: wobbler
[47:54] [debug] link finish: twister
[47:54] [debug] link finish: beach-obs
[47:54] [debug] link finish: bird-lady
[47:54] [debug] link finish: bird-lady-beach
[47:54] [debug] link finish: mayor
[47:54] [debug] link finish: sculptor
[47:54] [debug] link finish: pelican
[47:54] [debug] link finish: lurkerworm
[47:54] [debug] link finish: lurkercrab
[47:54] [debug] link finish: lurkerpuppy
[47:54] [debug] link finish: beach-rocks
[47:55] [debug] link finish: seagull
[47:55] [debug] link finish: beach-part
[47:55] [debug] link finish: tpage-212
[47:55] [debug] link finish: tpage-214
[47:55] [debug] link finish: tpage-213
[47:55] [debug] link finish: tpage-215
[47:55] [debug] link finish: babak
[47:55] [debug] link finish: barrel
[47:55] [debug] link finish: beachcam
[47:55] [debug] link finish: bird-lady
[47:55] [debug] link finish: bird-lady-beach
[47:55] [debug] link finish: bladeassm
[47:55] [debug] link finish: ecovalve
[47:55] [debug] link finish: ecoventrock
[47:55] [debug] link finish: flutflut
[47:55] [debug] link finish: flutflutegg
[47:55] [debug] link finish: grottopole
[47:55] [debug] link finish: harvester
[47:55] [debug] link finish: kickrock
[47:55] [debug] link finish: lrocklrg
[47:55] [debug] link finish: lurkercrab
[47:55] [debug] link finish: lurkerpuppy
[47:55] [debug] link finish: lurkerworm
[47:55] [debug] link finish: mayor
[47:55] [debug] link finish: mistycannon
[47:55] [debug] link finish: orb-cache-top
[47:55] [debug] link finish: pelican
[47:55] [debug] link finish: sack
[47:55] [debug] link finish: sculptor
[47:55] [debug] link finish: sculptor-muse
[47:55] [debug] link finish: seagull
[47:55] [debug] link finish: sharkey
[47:55] [debug] link finish: windmill-one
[47:55] [debug] [OVERLORD] FS_Close BEA     DGO @ 55/5256
Elapsed time for level =       2.3166s
NOTICE: loaded beach-vis, 6378976 bytes (6229.4687 K) at top 9907728
[47:55] [debug] link finish: beach-vis
[47:55] [debug] [OVERLORD] LoadISOFileToIOP SAISD1  STR, 512/-1 bytes
[47:55] [debug] [OVERLORD] Queue 2 (1/4), LoadSingle
[47:55] [debug]   PRI 2 elt 0 LoadSingle @ #x1B213AE7D48
[47:55] [debug] [OVERLORD] FS Open SAISD1  STR
[47:55] [debug] [OVERLORD] FS_Close SAISD1  STR @ 246/48
[47:55] [debug] [OVERLORD] LoadISOFileChunkToEE SAISD1  STR : 145408 offset 1
[47:55] [debug] [OVERLORD] Queue 2 (1/4), LoadSingle
[47:55] [debug]   PRI 2 elt 0 LoadSingle @ #x1B213AE7D48
[47:55] [debug] [OVERLORD] FS Open SAISD1  STR
[47:55] [debug] [OVERLORD] FS_Close SAISD1  STR @ 246/97
[47:55] [debug] link finish: sage-intro-sequence-d1
[47:56] [debug] [OVERLORD] LoadISOFileToIOP ASIBESWISTR, 512/-1 bytes
[47:56] [debug] [OVERLORD] Queue 2 (1/4), LoadSingle
[47:56] [debug]   PRI 2 elt 0 LoadSingle @ #x1B213AE7D48
[47:56] [debug] [OVERLORD] FS Open ASIBESWISTR
[47:56] [debug] [OVERLORD] FS_Close ASIBESWISTR @ 48/48
[47:56] [debug] [OVERLORD] LoadISOFileChunkToEE ASIBESWISTR : 145408 offset 1
[47:56] [debug] [OVERLORD] Queue 2 (1/4), LoadSingle
[47:56] [debug]   PRI 2 elt 0 LoadSingle @ #x1B213AE7D48
[47:56] [debug] [OVERLORD] FS Open ASIBESWISTR
[47:56] [debug] [OVERLORD] FS_Close ASIBESWISTR @ 48/97
[47:56] [debug] link finish: assistant-introduction-blue-eco-switch
[47:56] [debug] [OVERLORD] LoadISOFileChunkToEE SAISD1  STR : 145408 offset 1
[47:56] [debug] [OVERLORD] Queue 2 (1/4), LoadSingle
[47:56] [debug]   PRI 2 elt 0 LoadSingle @ #x1B213AE7D48
[47:56] [debug] [OVERLORD] FS Open SAISD1  STR
[47:56] [debug] [OVERLORD] FS_Close SAISD1  STR @ 246/97
[47:56] [debug] link finish: sage-intro-sequence-d1
[47:56] [debug] [OVERLORD] Queue 3 (1/4), QueueVAG
[47:56] [debug]   PRI 3 elt 0 QueueVAG @ #x7FF722311C70
[47:56] [debug] [OVERLORD] FS_OpenWad VAGWAD  ENG
[47:56] [debug] [DECI2] Connected!
[48:06] [debug] link finish: *listener*
[48:06] [debug] link finish: *listener*
[48:06] [debug] link finish: *listener*
[48:07] [debug] link finish: *listener*
[48:10] [debug] link finish: *listener*
****** CALL TO kopen() ******
pc settings file write: "C:\Users\MikeG\AppData\Roaming\OpenGOAL\jak1\settings/pc-settings.gc"
[48:10] [debug] [OVERLORD] LoadISOFileChunkToEE ASIBESWISTR : 145408 offset 1
[48:10] [debug] [OVERLORD] Queue 2 (1/4), LoadSingle
[48:10] [debug]   PRI 2 elt 0 LoadSingle @ #x1B213AE7D48
[48:10] [debug]   PRI 3 elt 0 QueueVAG @ #x7FF722311C70
[48:10] [debug] [OVERLORD] FS Open ASIBESWISTR
[48:10] [debug] [OVERLORD] FS_Close VAGWAD  ENG @ 284/1097
[48:10] [debug]   PRI 2 elt 0 LoadSingle @ #x1B213AE7D48
[48:10] [debug] [OVERLORD] Queue 3 (1/4), QueueVAG
[48:10] [debug]   PRI 2 elt 0 LoadSingle @ #x1B213AE7D48
[48:10] [debug]   PRI 3 elt 0 QueueVAG @ #x7FF722311C70
[48:10] [debug] [OVERLORD] FS_OpenWad VAGWAD  ENG
[48:10] [debug] [OVERLORD] FS_Close ASIBESWISTR @ 48/97
[48:10] [debug]   PRI 3 elt 0 QueueVAG @ #x7FF722311C70
[48:10] [debug] link finish: assistant-introduction-blue-eco-switch
WARNING: flushing RPC port #5
Setting force-all-visible?[village1] to #t
Setting force-inside?[village1] to #t
[48:10] [debug] [OVERLORD] LoadISOFileChunkToEE SAISD1  STR : 174080 offset 72
[48:10] [debug] [OVERLORD] Queue 2 (1/4), LoadSingle
[48:10] [debug]   PRI 2 elt 0 LoadSingle @ #x1B213AE7D48
[48:10] [debug]   PRI 3 elt 0 QueueVAG @ #x7FF722311C70
[48:10] [debug] [OVERLORD] FS Open SAISD1  STR
[48:10] [debug] [OVERLORD] FS_Close SAISD1  STR @ 246/192
[48:10] [debug]   PRI 3 elt 0 QueueVAG @ #x7FF722311C70
[48:10] [debug] link finish: sage-intro-sequence-d1
Setting force-all-visible?[village1] to #f
[48:13] [debug] link finish: *listener*
****** CALL TO kopen() ******
pc settings file write: "C:\Users\MikeG\AppData\Roaming\OpenGOAL\jak1\settings/pc-settings.gc"
Discarding level village1
----------- kill #<level active village1 @ #x4ef604> (status active)
Discarding level beach
ERROR: "sage-intro-sequence-d1+0" could not find a master slot to unlink for #<art-joint-anim sage-sage-intro-sequence-d1 :length 74 @ #xc8e84>.
ERROR: "sage-intro-sequence-d1+0" could not find a master slot to unlink for #<art-joint-anim fishermans-boat-sage-intro-sequence-d1 :length 5 @ #xc8314>.
Adding level sunken
-----------> begin load sunken-vis [sun.DGO]
Starting level load clock
Waiting for level to load
[48:13] [debug] [OVERLORD] Queue 0 (1/4), LoadDGO
[48:13] [debug]   PRI 0 elt 0 LoadDGO @ #x7FF722311B18
[48:13] [debug]   PRI 3 elt 0 QueueVAG @ #x7FF722311C70
[48:13] [debug] [OVERLORD] FS Open SUN     DGO
[48:13] [info] [Overlord DGO] Got DGO file header for SUN.DGO with 61 objects
[48:13] [debug] link finish: sunken-part
[48:13] [debug] link finish: sunken-part2
[48:13] [debug] link finish: sunken-part3
[48:13] [debug] link finish: sunken-part4
[48:13] [debug] link finish: sunken-part5
[48:13] [debug] link finish: target-tube
[48:13] [debug] link finish: eichar-tube+0
[48:13] [debug] link finish: sunken-obs
[48:13] [debug] link finish: shover
[48:13] [debug] link finish: launcherdoor
[48:13] [debug] link finish: square-platform
[48:13] [debug] link finish: sun-iris-door
[48:13] [debug] link finish: orbit-plat
[48:13] [debug] link finish: wedge-plats
[48:13] [debug] link finish: wall-plat
[48:13] [debug] link finish: qbert-plat
[48:13] [debug] link finish: steam-cap
[48:13] [debug] link finish: sun-exit-chamber
[48:13] [debug] link finish: floating-launcher
[48:13] [debug] link finish: sunken-water
[48:13] [debug] link finish: whirlpool
[48:13] [debug] link finish: sunken-pipegame
[48:13] [debug] link finish: bully
[48:13] [debug] link finish: double-lurker
[48:13] [debug] link finish: helix-water
[48:13] [debug] link finish: puffer
[48:13] [debug] link finish: sunken-fish
[48:13] [debug] link finish: tpage-661
[48:13] [debug] link finish: tpage-663
[48:13] [debug] link finish: tpage-714
[48:13] [debug] link finish: tpage-662
[48:13] [debug] link finish: tpage-766
[48:13] [debug] link finish: babak
[48:13] [debug] link finish: bully
[48:13] [debug] link finish: double-lurker
[48:13] [debug] link finish: double-lurker-top
[48:13] [debug] link finish: exit-chamber
[48:13] [debug] link finish: generic-button
[48:13] [debug] link finish: launcherdoor
[48:13] [debug] link finish: orb-cache-top
[48:13] [debug] link finish: orbit-plat
[48:13] [debug] link finish: orbit-plat-bottom
[48:13] [debug] link finish: plat-sunken
[48:13] [debug] link finish: puffer
[48:13] [debug] link finish: qbert-plat
[48:13] [debug] link finish: qbert-plat-on
[48:13] [debug] link finish: seaweed
[48:13] [debug] link finish: shover
[48:13] [debug] link finish: side-to-side-plat
[48:13] [debug] link finish: square-platform
[48:13] [debug] link finish: steam-cap
[48:13] [debug] link finish: sun-iris-door
[48:13] [debug] link finish: sunkencam
[48:13] [debug] link finish: sunkenfisha
[48:13] [debug] link finish: wall-plat
[48:13] [debug] link finish: water-anim-sunken
[48:13] [debug] link finish: water-anim-sunken-dark-eco
[48:13] [debug] link finish: wedge-plat
[48:13] [debug] link finish: wedge-plat-outer
[48:13] [debug] link finish: whirlpool
[48:13] [debug] [OVERLORD] FS_Close SUN     DGO @ 268/5040
[48:13] [debug]   PRI 3 elt 0 QueueVAG @ #x7FF722311C70
Elapsed time for level =       0.0000s
NOTICE: loaded sunken-vis, 6600656 bytes (6445.9531 K) at top 9569280
[48:13] [debug] link finish: sunken-vis
Displaying level sunken [display]
Unload soundbank village1
Adding level sunkenb
-----------> begin load sunkenb-vis [sub.DGO]
Starting level load clock
[48:13] [debug] [OVERLORD] Queue 0 (1/4), LoadDGO
[48:13] [debug]   PRI 0 elt 0 LoadDGO @ #x7FF722311B18
[48:13] [debug]   PRI 3 elt 0 QueueVAG @ #x7FF722311C70
[48:13] [debug] [OVERLORD] FS Open SUB     DGO
[48:13] [info] [Overlord DGO] Got DGO file header for SUB.DGO with 21 objects
Load soundbank sunken
[48:13] [debug] link finish: tpage-163
[48:13] [debug] link finish: tpage-164
[48:13] [debug] link finish: tpage-166
[48:13] [debug] link finish: tpage-162
[48:13] [debug] link finish: tpage-764
[48:13] [debug] link finish: babak
[48:13] [debug] link finish: blue-eco-charger
[48:13] [debug] link finish: blue-eco-charger-orb
[48:13] [debug] link finish: bully
[48:13] [debug] link finish: ecovalve
[48:13] [debug] link finish: floating-launcher
[48:13] [debug] link finish: helix-button
[48:13] [debug] link finish: helix-slide-door
[48:13] [debug] link finish: shover
[48:13] [debug] link finish: steam-cap
[48:13] [debug] link finish: sunkencam
[48:13] [debug] link finish: sunkenfisha
[48:13] [debug] link finish: wall-plat
[48:13] [debug] link finish: water-anim-sunken
[48:13] [debug] link finish: water-anim-sunken-dark-eco
[48:13] [debug] [OVERLORD] FS_Close SUB     DGO @ 266/2376
[48:13] [debug]   PRI 3 elt 0 QueueVAG @ #x7FF722311C70
Elapsed time for level =       0.4666s
NOTICE: loaded sunkenb-vis, 2796608 bytes (2731.0625 K) at top 4421616
[48:13] [debug] link finish: sunkenb-vis
Displaying level sunkenb [display]
WARNING: load state somehow aquired object command #<#21d9134 has invalid type ptr #x58f>

WARNING: load state somehow aquired object command #<#21d9184 has invalid type ptr #x0>

WARNING: load state somehow aquired object command #<#21d91d4 has invalid type ptr #x590>

WARNING: load state somehow aquired object command #<#21d9214 has invalid type ptr #x590>

WARNING: load state somehow aquired object command #<#21d9254 has invalid type ptr #x590>

WARNING: load state somehow aquired object command #<#21d92a4 has invalid type ptr #x0>

WARNING: load state somehow aquired object command #<#21d92f4 has invalid type ptr #x590>

WARNING: load state somehow aquired object command #<#21d9344 has invalid type ptr #x0>

WARNING: load state somehow aquired object command #<#21d9394 has invalid type ptr #x590>

WARNING: load state somehow aquired object command #<#21d93e4 has invalid type ptr #x0>

WARNING: load state somehow aquired object command #<#21d9434 has invalid type ptr #x5ea>

WARNING: load state somehow aquired object command #<#21d9484 has invalid type ptr #x1>

WARNING: load state somehow aquired object command #<#21d94d4 has invalid type ptr #x1000d>

WARNING: load state somehow aquired object command #<#21d9524 has invalid type ptr #x10015>

WARNING: load state somehow aquired object command #<#21d9574 has invalid type ptr #x32>

Swapping in sub VIS [dumping #f]
[48:13] [debug] [OVERLORD] LoadISOFileToIOP SUB     VIS, 117088/-1 bytes
[48:13] [debug] [OVERLORD] Queue 2 (1/4), LoadSingle
[48:13] [debug]   PRI 2 elt 0 LoadSingle @ #x1B212B94DB8
[48:13] [debug]   PRI 3 elt 0 QueueVAG @ #x7FF722311C70
[48:13] [debug] [OVERLORD] FS Open SUB     VIS
[48:13] [debug] [OVERLORD] FS_Close SUB     VIS @ 267/96
[48:13] [debug]   PRI 3 elt 0 QueueVAG @ #x7FF722311C70
[48:13] [debug] [OVERLORD] LoadISOFileToIOP FUCV5   STR, 512/-1 bytes
[48:13] [debug] [OVERLORD] Queue 2 (1/4), LoadSingle
[48:13] [debug]   PRI 2 elt 0 LoadSingle @ #x1B213AE7D48
[48:13] [debug]   PRI 3 elt 0 QueueVAG @ #x7FF722311C70
[48:13] [debug] [OVERLORD] FS Open FUCV5   STR
[48:13] [debug] [OVERLORD] FS_Close FUCV5   STR @ 133/48
[48:13] [debug]   PRI 3 elt 0 QueueVAG @ #x7FF722311C70
[48:13] [debug] [OVERLORD] LoadISOFileChunkToEE FUCV5   STR : 108544 offset 1
[48:13] [debug] [OVERLORD] Queue 2 (1/4), LoadSingle
[48:13] [debug]   PRI 2 elt 0 LoadSingle @ #x1B213AE7D48
[48:13] [debug]   PRI 3 elt 0 QueueVAG @ #x7FF722311C70
[48:13] [debug] [OVERLORD] FS Open FUCV5   STR
[48:13] [debug] [OVERLORD] FS_Close FUCV5   STR @ 133/97
[48:13] [debug]   PRI 3 elt 0 QueueVAG @ #x7FF722311C70
[48:13] [debug] link finish: fuel-cell-victory-5
[48:13] [warn] [[66] sprite] OpenGL warn 0x20092 S8246 T8250: Program/shader state performance warning: Vertex shader in program 42 is being recompiled based on GL state.
[48:13] [debug] [OVERLORD] LoadISOFileToIOP FUCVICTOSTR, 512/-1 bytes
[48:13] [debug] [OVERLORD] Queue 2 (1/4), LoadSingle
[48:13] [debug]   PRI 2 elt 0 LoadSingle @ #x1B213AE7D48
[48:13] [debug]   PRI 3 elt 0 QueueVAG @ #x7FF722311C70
[48:13] [debug] [OVERLORD] FS Open FUCVICTOSTR
[48:13] [debug] [OVERLORD] FS_Close FUCVICTOSTR @ 137/48
[48:13] [debug]   PRI 3 elt 0 QueueVAG @ #x7FF722311C70
[48:13] [debug] [OVERLORD] LoadISOFileChunkToEE FUCVICTOSTR : 71680 offset 1
[48:13] [debug] [OVERLORD] Queue 2 (1/4), LoadSingle
[48:13] [debug]   PRI 2 elt 0 LoadSingle @ #x1B213AE7D48
[48:13] [debug]   PRI 3 elt 0 QueueVAG @ #x7FF722311C70
[48:13] [debug] [OVERLORD] FS Open FUCVICTOSTR
[48:13] [debug] [OVERLORD] FS_Close FUCVICTOSTR @ 137/73
[48:13] [debug]   PRI 3 elt 0 QueueVAG @ #x7FF722311C70
[48:13] [debug] link finish: fuel-cell-victory
Load music sunken
Kernel dispatch time: 81.706 ms
[48:15] [debug] link finish: *listener*
****** CALL TO kopen() ******
pc settings file write: "C:\Users\MikeG\AppData\Roaming\OpenGOAL\jak1\settings/pc-settings.gc"
Discarding level sunken
----------- kill #<level active sunken @ #x4ef604> (status active)
Discarding level sunkenb
----------- kill #<level active sunkenb @ #x4f0034> (status active)
Adding level maincave
-----------> begin load maincave-vis [mai.DGO]
Starting level load clock
Waiting for level to load
[48:16] [debug] [OVERLORD] Queue 0 (1/4), LoadDGO
[48:16] [debug]   PRI 0 elt 0 LoadDGO @ #x7FF722311B18
[48:16] [debug]   PRI 3 elt 0 QueueVAG @ #x7FF722311C70
[48:16] [debug] [OVERLORD] FS Open MAI     DGO
[48:16] [info] [Overlord DGO] Got DGO file header for MAI.DGO with 33 objects
[48:16] [debug] link finish: cavecrystal-light
[48:16] [debug] link finish: maincave-obs
[48:16] [debug] link finish: maincave-part
[48:16] [debug] link finish: spiderwebs
[48:16] [debug] link finish: dark-crystal
[48:16] [debug] link finish: baby-spider
[48:16] [debug] link finish: mother-spider-h
[48:16] [debug] link finish: mother-spider-egg
[48:16] [debug] link finish: mother-spider-proj
[48:16] [debug] link finish: mother-spider
[48:16] [debug] link finish: gnawer
[48:16] [debug] link finish: driller-lurker
[48:16] [debug] link finish: launcherdoor
[48:16] [debug] link finish: tpage-1313
[48:16] [debug] link finish: tpage-1315
[48:16] [debug] link finish: tpage-1314
[48:16] [debug] link finish: tpage-1312
[48:16] [debug] link finish: tpage-767
[48:16] [debug] link finish: baby-spider
[48:16] [debug] link finish: cavetrapdoor
[48:16] [debug] link finish: dark-crystal
[48:16] [debug] link finish: driller-lurker
[48:16] [debug] link finish: ecovalve
[48:16] [debug] link finish: gnawer
[48:16] [debug] link finish: launcherdoor-maincave
[48:16] [debug] link finish: maincavecam
[48:16] [debug] link finish: mother-spider
[48:16] [debug] link finish: plat
[48:16] [debug] link finish: spider-egg
[48:16] [debug] link finish: spiderwebs
[48:16] [debug] link finish: water-anim-maincave
[48:16] [debug] link finish: water-anim-maincave-water
[48:16] [debug] [OVERLORD] FS_Close MAI     DGO @ 181/5136
[48:16] [debug]   PRI 3 elt 0 QueueVAG @ #x7FF722311C70
Elapsed time for level =       0.0000s
NOTICE: loaded maincave-vis, 7781152 bytes (7598.7812 K) at top 9744400
[48:16] [debug] link finish: maincave-vis
Displaying level maincave [display]
Load music maincave
Adding level robocave
-----------> begin load robocave-vis [rob.DGO]
Starting level load clock
[48:16] [debug] [OVERLORD] Queue 0 (1/4), LoadDGO
[48:16] [debug]   PRI 0 elt 0 LoadDGO @ #x7FF722311B18
[48:16] [debug]   PRI 3 elt 0 QueueVAG @ #x7FF722311C70
[48:16] [debug] [OVERLORD] FS Open ROB     DGO
[48:16] [info] [Overlord DGO] Got DGO file header for ROB.DGO with 22 objects
Unload soundbank sunken
Load soundbank maincave
[48:16] [debug] link finish: cave-trap
[48:16] [debug] link finish: spider-egg
[48:16] [debug] link finish: robocave-part
[48:16] [debug] link finish: eichar-pole+0
[48:16] [debug] link finish: tpage-1318
[48:16] [debug] link finish: tpage-1319
[48:16] [debug] link finish: tpage-1317
[48:16] [debug] link finish: tpage-1316
[48:16] [debug] link finish: babak
[48:16] [debug] link finish: baby-spider
[48:16] [debug] link finish: cavecrusher
[48:16] [debug] link finish: caveelevator
[48:16] [debug] link finish: cavespatulatwo
[48:16] [debug] link finish: cavetrapdoor
[48:16] [debug] link finish: driller-lurker
[48:16] [debug] link finish: ecovalve
[48:16] [debug] link finish: plat
[48:16] [debug] link finish: plat-eco
[48:16] [debug] link finish: spider-egg
[48:16] [debug] link finish: spiderwebs
[48:16] [debug] link finish: water-anim-robocave
[48:16] [debug] [OVERLORD] FS_Close ROB     DGO @ 228/5184
[48:16] [debug]   PRI 3 elt 0 QueueVAG @ #x7FF722311C70
Elapsed time for level =       0.8500s
NOTICE: loaded robocave-vis, 7916240 bytes (7730.7031 K) at top 9905920
[48:16] [debug] link finish: robocave-vis
Displaying level robocave [display]
Unload soundbank empty2
Load soundbank robocave
Swapping in rob VIS [dumping #f]
[48:16] [debug] [OVERLORD] LoadISOFileToIOP ROB     VIS, 102416/-1 bytes
[48:16] [debug] [OVERLORD] Queue 2 (1/4), LoadSingle
[48:16] [debug]   PRI 2 elt 0 LoadSingle @ #x1B212B94DB8
[48:16] [debug]   PRI 3 elt 0 QueueVAG @ #x7FF722311C70
[48:16] [debug] [OVERLORD] FS Open ROB     VIS
[48:16] [debug] [OVERLORD] FS_Close ROB     VIS @ 229/96
[48:16] [debug]   PRI 3 elt 0 QueueVAG @ #x7FF722311C70
[48:17] [debug] [OVERLORD] LoadISOFileToIOP FUCV8   STR, 512/-1 bytes
[48:17] [debug] [OVERLORD] Queue 2 (1/4), LoadSingle
[48:17] [debug]   PRI 2 elt 0 LoadSingle @ #x1B213AE7D48
[48:17] [debug]   PRI 3 elt 0 QueueVAG @ #x7FF722311C70
[48:17] [debug] [OVERLORD] FS Open FUCV8   STR
[48:17] [debug] [OVERLORD] FS_Close FUCV8   STR @ 136/48
[48:17] [debug]   PRI 3 elt 0 QueueVAG @ #x7FF722311C70
[48:17] [debug] [OVERLORD] LoadISOFileChunkToEE FUCV8   STR : 147456 offset 1
[48:17] [debug] [OVERLORD] Queue 2 (1/4), LoadSingle
[48:17] [debug]   PRI 2 elt 0 LoadSingle @ #x1B213AE7D48
[48:17] [debug]   PRI 3 elt 0 QueueVAG @ #x7FF722311C70
[48:17] [debug] [OVERLORD] FS Open FUCV8   STR
[48:17] [debug] [OVERLORD] FS_Close FUCV8   STR @ 136/97
[48:17] [debug]   PRI 3 elt 0 QueueVAG @ #x7FF722311C70
[48:17] [debug] link finish: fuel-cell-victory-8
[48:17] [debug] [OVERLORD] LoadISOFileToIOP FUCV4   STR, 512/-1 bytes
[48:17] [debug] [OVERLORD] Queue 2 (1/4), LoadSingle
[48:17] [debug]   PRI 2 elt 0 LoadSingle @ #x1B213AE7D48
[48:17] [debug]   PRI 3 elt 0 QueueVAG @ #x7FF722311C70
[48:17] [debug] [OVERLORD] FS Open FUCV4   STR
[48:17] [debug] [OVERLORD] FS_Close FUCV4   STR @ 132/48
[48:17] [debug]   PRI 3 elt 0 QueueVAG @ #x7FF722311C70
[48:17] [debug] [OVERLORD] LoadISOFileChunkToEE FUCV4   STR : 124928 offset 1
[48:17] [debug] [OVERLORD] Queue 2 (1/4), LoadSingle
[48:17] [debug]   PRI 2 elt 0 LoadSingle @ #x1B213AE7D48
[48:17] [debug]   PRI 3 elt 0 QueueVAG @ #x7FF722311C70
[48:17] [debug] [OVERLORD] FS Open FUCV4   STR
[48:17] [debug] [OVERLORD] FS_Close FUCV4   STR @ 132/97
[48:17] [debug]   PRI 3 elt 0 QueueVAG @ #x7FF722311C70
[48:17] [debug] link finish: fuel-cell-victory-4
[48:17] [debug] [OVERLORD] LoadISOFileChunkToEE FUCV8   STR : 147456 offset 1
[48:17] [debug] [OVERLORD] Queue 2 (1/4), LoadSingle
[48:17] [debug]   PRI 2 elt 0 LoadSingle @ #x1B213AE7D48
[48:17] [debug]   PRI 3 elt 0 QueueVAG @ #x7FF722311C70
[48:17] [debug] [OVERLORD] FS Open FUCV8   STR
[48:17] [debug] [OVERLORD] FS_Close FUCV8   STR @ 136/97
[48:17] [debug]   PRI 3 elt 0 QueueVAG @ #x7FF722311C70
[48:17] [debug] link finish: fuel-cell-victory-8
Kernel dispatch time: 69.675 ms
[48:18] [debug] link finish: *listener*
****** CALL TO kopen() ******
pc settings file write: "C:\Users\MikeG\AppData\Roaming\OpenGOAL\jak1\settings/pc-settings.gc"
Load music village2
Discarding level maincave
[48:18] [debug] [OVERLORD] LoadISOFileChunkToEE FUCV4   STR : 124928 offset 1
----------- kill #<level active maincave @ #x4ef604> (status active)
[48:18] [debug] [OVERLORD] Queue 2 (1/4), LoadSingle
[48:18] [debug]   PRI 2 elt 0 LoadSingle @ #x1B213AE7D48
[48:18] [debug]   PRI 3 elt 0 QueueVAG @ #x7FF722311C70
[48:18] [debug] [OVERLORD] FS Open FUCV4   STR
Discarding level robocave
----------- kill #<level active robocave @ #x4f0034> (status active)
[48:18] [debug] [OVERLORD] FS_Close FUCV4   STR @ 132/97
[48:18] [debug]   PRI 3 elt 0 QueueVAG @ #x7FF722311C70
[48:18] [debug] link finish: fuel-cell-victory-4
Adding level village2
-----------> begin load village2-vis [vi2.DGO]
Starting level load clock
Waiting for level to load
[48:18] [debug] [OVERLORD] Queue 0 (1/4), LoadDGO
[48:18] [debug]   PRI 0 elt 0 LoadDGO @ #x7FF722311B18
[48:18] [debug]   PRI 3 elt 0 QueueVAG @ #x7FF722311C70
[48:18] [debug] [OVERLORD] FS Open VI2     DGO
[48:18] [info] [Overlord DGO] Got DGO file header for VI2.DGO with 52 objects
[48:18] [debug] link finish: villagep-obs
[48:18] [debug] link finish: oracle
[48:18] [debug] link finish: village2-part
[48:18] [debug] link finish: village2-obs
[48:18] [debug] link finish: village2-part2
[48:18] [debug] link finish: gambler
[48:18] [debug] link finish: warrior
[48:18] [debug] link finish: geologist
[48:18] [debug] link finish: swamp-blimp
[48:18] [debug] link finish: sage-bluehut
[48:18] [debug] link finish: flutflut-bluehut
[48:18] [debug] link finish: assistant-village2
[48:18] [debug] link finish: sunken-elevator
[48:18] [debug] link finish: tpage-919
[48:18] [debug] link finish: tpage-922
[48:18] [debug] link finish: tpage-920
[48:18] [debug] link finish: tpage-921
[48:18] [debug] link finish: tpage-1476
[48:18] [debug] link finish: allpontoons
[48:18] [debug] link finish: assistant-village2
[48:18] [debug] link finish: barrel
[48:18] [debug] link finish: ceilingflag
[48:18] [debug] link finish: exit-chamber-dummy
[48:18] [debug] link finish: fireboulder
[48:18] [debug] link finish: flutflut-bluehut
[48:18] [debug] link finish: gambler
[48:18] [debug] link finish: geologist
[48:18] [debug] link finish: jaws
[48:18] [debug] link finish: medres-rolling
[48:18] [debug] link finish: medres-rolling1
[48:18] [debug] link finish: medres-village2
[48:18] [debug] link finish: ogreboss-village2
[48:18] [debug] link finish: oracle
[48:18] [debug] link finish: orb-cache-top
[48:18] [debug] link finish: pontoonfive
[48:18] [debug] link finish: pontoonten
[48:18] [debug] link finish: precursor-arm
[48:18] [debug] link finish: sage-bluehut
[48:18] [debug] link finish: sharkey
[48:18] [debug] link finish: sunken-elevator
[48:18] [debug] link finish: swamp-blimp
[48:18] [debug] link finish: swamp-rope
[48:18] [debug] link finish: swamp-tetherrock
[48:18] [debug] link finish: swamp-tetherrock-explode
[48:18] [debug] link finish: swampcam
[48:18] [debug] link finish: village-cam
[48:18] [debug] link finish: village2cam
[48:18] [debug] link finish: warp-gate-switch
[48:18] [debug] link finish: warpgate
[48:18] [debug] link finish: warrior
[48:18] [debug] link finish: water-anim-village2
[48:18] [debug] [OVERLORD] FS_Close VI2     DGO @ 292/5400
[48:18] [debug]   PRI 3 elt 0 QueueVAG @ #x7FF722311C70
Elapsed time for level =       0.0000s
NOTICE: loaded village2-vis, 6193808 bytes (6048.6406 K) at top 10256704
[48:18] [debug] link finish: village2-vis
Displaying level village2 [display]
Adding level firecanyon
-----------> begin load firecanyon-vis [fic.DGO]
Starting level load clock
Swapping in vi2 VIS [dumping #f]
[48:18] [debug] [OVERLORD] Queue 0 (1/4), LoadDGO
[48:18] [debug]   PRI 0 elt 0 LoadDGO @ #x7FF722311B18
[48:18] [debug]   PRI 3 elt 0 QueueVAG @ #x7FF722311C70
[48:18] [debug] [OVERLORD] FS Open FIC     DGO
[48:18] [debug] [OVERLORD] LoadISOFileToIOP VI2     VIS, 295360/-1 bytes
[48:18] [debug] [OVERLORD] Queue 2 (1/4), LoadSingle
[48:18] [debug]   PRI 0 elt 0 LoadDGO @ #x7FF722311B18
[48:18] [debug]   PRI 2 elt 0 LoadSingle @ #x1B212B94DB8
[48:18] [debug]   PRI 3 elt 0 QueueVAG @ #x7FF722311C70
[48:18] [debug] [OVERLORD] FS Open VI2     VIS
[48:18] [info] [Overlord DGO] Got DGO file header for FIC.DGO with 25 objects
[48:18] [debug] [OVERLORD] FS_Close VI2     VIS @ 293/192
[48:18] [debug]   PRI 0 elt 0 LoadDGO @ #x7FF722311B18
[48:18] [debug]   PRI 3 elt 0 QueueVAG @ #x7FF722311C70
[48:18] [debug] [OVERLORD] LoadISOFileToIOP AS2INTROSTR, 512/-1 bytes
[48:18] [debug] [OVERLORD] Queue 2 (1/4), LoadSingle
[48:18] [debug]   PRI 0 elt 0 LoadDGO @ #x7FF722311B18
[48:18] [debug]   PRI 2 elt 0 LoadSingle @ #x1B213AE7D48
[48:18] [debug]   PRI 3 elt 0 QueueVAG @ #x7FF722311C70
[48:18] [debug] [OVERLORD] FS Open AS2INTROSTR
[48:18] [debug] [OVERLORD] FS_Close AS2INTROSTR @ 39/48
[48:18] [debug]   PRI 0 elt 0 LoadDGO @ #x7FF722311B18
[48:18] [debug]   PRI 3 elt 0 QueueVAG @ #x7FF722311C70
[48:18] [debug] [OVERLORD] LoadISOFileChunkToEE AS2INTROSTR : 110592 offset 1
[48:18] [debug] [OVERLORD] Queue 2 (1/4), LoadSingle
[48:18] [debug]   PRI 0 elt 0 LoadDGO @ #x7FF722311B18
[48:18] [debug]   PRI 2 elt 0 LoadSingle @ #x1B213AE7D48
[48:18] [debug]   PRI 3 elt 0 QueueVAG @ #x7FF722311C70
[48:18] [debug] [OVERLORD] FS Open AS2INTROSTR
[48:18] [debug] [OVERLORD] FS_Close AS2INTROSTR @ 39/97
[48:18] [debug]   PRI 0 elt 0 LoadDGO @ #x7FF722311B18
[48:18] [debug]   PRI 3 elt 0 QueueVAG @ #x7FF722311C70
[48:18] [debug] link finish: assistant-village2-introduction
[48:18] [debug] link finish: target-racer-h
[48:19] [debug] link finish: racer-part
Kernel dispatch time: 92.639 ms
[48:19] [debug] link finish: racer
[48:19] [debug] link finish: target-racer
[48:19] [debug] link finish: racer-states
[48:19] [debug] link finish: collide-reaction-racer
[48:19] [debug] link finish: eichar-racer+0
[48:19] [debug] link finish: tpage-1119
[48:19] [debug] link finish: blocking-plane
[48:19] [debug] link finish: firecanyon-part
[48:19] [debug] link finish: assistant-firecanyon
[48:19] [debug] link finish: firecanyon-obs
[48:19] [debug] link finish: tpage-815
[48:19] [debug] link finish: tpage-822
[48:19] [debug] link finish: tpage-854
[48:19] [debug] link finish: tpage-1123
[48:19] [debug] link finish: assistant-firecanyon
[48:20] [debug] link finish: babak
[48:20] [debug] link finish: balloon
[48:20] [debug] link finish: crate-darkeco-cluster
[48:20] [debug] link finish: ecovalve
[48:20] [debug] link finish: ef-plane
[48:20] [debug] link finish: racer
[48:20] [debug] link finish: spike
[48:20] [debug] [OVERLORD] FS_Close FIC     DGO @ 113/3840
[48:20] [debug]   PRI 3 elt 0 QueueVAG @ #x7FF722311C70
Elapsed time for level =       1.3500s
NOTICE: loaded firecanyon-vis, 5078096 bytes (4959.0781 K) at top 7121856
[48:20] [debug] link finish: firecanyon-vis
Unload soundbank maincave
Load soundbank village2
[48:21] [debug] link finish: *listener*
****** CALL TO kopen() ******
pc settings file write: "C:\Users\MikeG\AppData\Roaming\OpenGOAL\jak1\settings/pc-settings.gc"
Load music swamp
Discarding level firecanyon
Adding level swamp
-----------> begin load swamp-vis [swa.DGO]
Starting level load clock
Setting level village2 display command to special-vis
[48:21] [debug] [OVERLORD] Queue 0 (1/4), LoadDGO
[48:21] [debug]   PRI 0 elt 0 LoadDGO @ #x7FF722311B18
[48:21] [debug]   PRI 3 elt 0 QueueVAG @ #x7FF722311C70
[48:21] [debug] [OVERLORD] FS Open SWA     DGO
[48:21] [info] [Overlord DGO] Got DGO file header for SWA.DGO with 36 objects
[48:21] [debug] link finish: battlecontroller
[48:21] [debug] link finish: blocking-plane
[48:22] [debug] link finish: flut-part
[48:22] [debug] link finish: flutflut
[48:22] [debug] link finish: target-flut
[48:22] [debug] link finish: eichar-flut+0
[48:22] [debug] link finish: swamp-obs
[48:22] [debug] link finish: swamp-bat
[48:22] [debug] link finish: swamp-rat
[48:22] [debug] link finish: swamp-rat-nest
[48:22] [debug] link finish: kermit
[48:22] [debug] link finish: swamp-part
[48:22] [debug] link finish: billy
[48:22] [debug] link finish: eichar-pole+0
[48:22] [debug] link finish: tpage-358
[48:22] [debug] link finish: tpage-659
[48:22] [debug] link finish: tpage-629
[48:22] [debug] link finish: tpage-630
[48:23] [debug] link finish: babak
[48:23] [debug] link finish: balance-plat
[48:23] [debug] link finish: billy
[48:23] [debug] link finish: billy-sidekick
[48:23] [debug] link finish: ecovalve
[48:23] [debug] link finish: ef-plane
[48:23] [debug] link finish: farthy-snack
[48:23] [debug] link finish: flut-saddle
[48:23] [debug] link finish: kermit
[48:23] [debug] link finish: sharkey
[48:23] [debug] link finish: swamp-bat
[48:23] [debug] link finish: swamp-rat
[48:23] [debug] link finish: swamp-rat-nest
[48:23] [debug] link finish: swamp-rock
[48:23] [debug] link finish: swamp-spike
[48:23] [debug] link finish: swampcam
[48:23] [debug] link finish: tar-plat
[48:23] [debug] [OVERLORD] FS_Close SWA     DGO @ 272/4704
[48:23] [debug]   PRI 3 elt 0 QueueVAG @ #x7FF722311C70
Elapsed time for level =       1.6500s
NOTICE: loaded swamp-vis, 6056832 bytes (5914.8750 K) at top 8815088
[48:23] [debug] link finish: swamp-vis
Displaying level swamp [display]
Unload soundbank robocave
Load soundbank swamp
Swapping in swa VIS [dumping vi2]
[48:23] [debug] [OVERLORD] LoadISOFileToIOP SWA     VIS, 622480/-1 bytes
[48:23] [debug] [OVERLORD] Queue 2 (1/4), LoadSingle
[48:23] [debug]   PRI 2 elt 0 LoadSingle @ #x1B212B94DB8
[48:23] [debug]   PRI 3 elt 0 QueueVAG @ #x7FF722311C70
[48:23] [debug] [OVERLORD] FS Open SWA     VIS
[48:23] [debug] [OVERLORD] FS_Close SWA     VIS @ 273/336
[48:23] [debug]   PRI 3 elt 0 QueueVAG @ #x7FF722311C70
